Already on 'yangexppp'
wandb: Currently logged in as: stevenzhou0816100. Use `wandb login --relogin` to force relogin
/fsx-storygen/beidic/anaconda3/envs/griffinn/lib/python3.9/site-packages/huggingface_hub/file_download.py:1132: FutureWarning: `resume_download` is deprecated and will be removed in version 1.0.0. Downloads always resume when possible. If you want to force a new download, use `force_download=True`.
  warnings.warn(
Special tokens have been added in the vocabulary, make sure the associated word embeddings are fine-tuned or trained.
Special tokens have been added in the vocabulary, make sure the associated word embeddings are fine-tuned or trained.
Loading checkpoint shards:   0%|          | 0/4 [00:00<?, ?it/s]Loading checkpoint shards:  25%|██▌       | 1/4 [00:06<00:18,  6.20s/it]Loading checkpoint shards:  50%|█████     | 2/4 [00:13<00:13,  6.96s/it]Loading checkpoint shards:  75%|███████▌  | 3/4 [00:19<00:06,  6.58s/it]Loading checkpoint shards: 100%|██████████| 4/4 [00:21<00:00,  4.63s/it]Loading checkpoint shards: 100%|██████████| 4/4 [00:21<00:00,  5.36s/it]
  0%|          | 0/300 [00:00<?, ?it/s]/fsx-storygen/beidic/anaconda3/envs/griffinn/lib/python3.9/site-packages/transformers/generation/configuration_utils.py:410: UserWarning: `do_sample` is set to `False`. However, `temperature` is set to `0.6` -- this flag is only used in sample-based generation modes. You should set `do_sample=True` or unset `temperature`.
  warnings.warn(
/fsx-storygen/beidic/anaconda3/envs/griffinn/lib/python3.9/site-packages/transformers/generation/configuration_utils.py:427: UserWarning: `do_sample` is set to `False`. However, `top_k` is set to `1` -- this flag is only used in sample-based generation modes. You should set `do_sample=True` or unset `top_k`.
  warnings.warn(
The attention mask and the pad token id were not set. As a consequence, you may observe unexpected behavior. Please pass your input's `attention_mask` to obtain reliable results.
Setting `pad_token_id` to `eos_token_id`:128001 for open-end generation.
  0%|          | 1/300 [00:20<1:44:10, 20.90s/it]The attention mask and the pad token id were not set. As a consequence, you may observe unexpected behavior. Please pass your input's `attention_mask` to obtain reliable results.
Setting `pad_token_id` to `eos_token_id`:128001 for open-end generation.
  1%|          | 2/300 [00:40<1:40:57, 20.33s/it]The attention mask and the pad token id were not set. As a consequence, you may observe unexpected behavior. Please pass your input's `attention_mask` to obtain reliable results.
Setting `pad_token_id` to `eos_token_id`:128001 for open-end generation.
  1%|          | 3/300 [02:11<4:19:38, 52.45s/it]The attention mask and the pad token id were not set. As a consequence, you may observe unexpected behavior. Please pass your input's `attention_mask` to obtain reliable results.
Setting `pad_token_id` to `eos_token_id`:128001 for open-end generation.
  1%|▏         | 4/300 [02:22<2:58:22, 36.16s/it]The attention mask and the pad token id were not set. As a consequence, you may observe unexpected behavior. Please pass your input's `attention_mask` to obtain reliable results.
Setting `pad_token_id` to `eos_token_id`:128001 for open-end generation.
  2%|▏         | 5/300 [02:38<2:21:38, 28.81s/it]The attention mask and the pad token id were not set. As a consequence, you may observe unexpected behavior. Please pass your input's `attention_mask` to obtain reliable results.
Setting `pad_token_id` to `eos_token_id`:128001 for open-end generation.
  2%|▏         | 6/300 [02:56<2:02:51, 25.07s/it]The attention mask and the pad token id were not set. As a consequence, you may observe unexpected behavior. Please pass your input's `attention_mask` to obtain reliable results.
Setting `pad_token_id` to `eos_token_id`:128001 for open-end generation.
  2%|▏         | 7/300 [03:14<1:52:01, 22.94s/it]The attention mask and the pad token id were not set. As a consequence, you may observe unexpected behavior. Please pass your input's `attention_mask` to obtain reliable results.
Setting `pad_token_id` to `eos_token_id`:128001 for open-end generation.
  3%|▎         | 8/300 [04:50<3:44:12, 46.07s/it]The attention mask and the pad token id were not set. As a consequence, you may observe unexpected behavior. Please pass your input's `attention_mask` to obtain reliable results.
Setting `pad_token_id` to `eos_token_id`:128001 for open-end generation.
  3%|▎         | 9/300 [05:06<2:58:40, 36.84s/it]The attention mask and the pad token id were not set. As a consequence, you may observe unexpected behavior. Please pass your input's `attention_mask` to obtain reliable results.
Setting `pad_token_id` to `eos_token_id`:128001 for open-end generation.
