fatal: Unable to create '/fsx-storygen/beidic/yang/GRIFFIN2/.git/index.lock': File exists.

Another git process seems to be running in this repository, e.g.
an editor opened by 'git commit'. Please make sure all processes
are terminated then try again. If it still fails, a git process
may have crashed in this repository earlier:
remove the file manually to continue.
Your configuration specifies to merge with the ref 'refs/heads/yangexp2two'
from the remote, but no such ref was fetched.
Error processing line 1 of /fsx-storygen/beidic/anaconda3/envs/hanshi/lib/python3.9/site-packages/distutils-precedence.pth:

  Traceback (most recent call last):
    File "/fsx-storygen/beidic/anaconda3/envs/hanshi/lib/python3.9/site.py", line 177, in addpackage
      exec(line)
    File "<string>", line 1, in <module>
  ModuleNotFoundError: No module named '_distutils_hack'

Remainder of file ignored
WARNING: Ignoring invalid distribution - (/opt/hpcaas/.mounts/fs-03efe25c053395d1f/beidic/anaconda3/envs/hanshi/lib/python3.9/site-packages)
WARNING: Ignoring invalid distribution -etworkx (/opt/hpcaas/.mounts/fs-03efe25c053395d1f/beidic/anaconda3/envs/hanshi/lib/python3.9/site-packages)
WARNING: Ignoring invalid distribution -ympy (/opt/hpcaas/.mounts/fs-03efe25c053395d1f/beidic/anaconda3/envs/hanshi/lib/python3.9/site-packages)
WARNING: Ignoring invalid distribution - (/opt/hpcaas/.mounts/fs-03efe25c053395d1f/beidic/anaconda3/envs/hanshi/lib/python3.9/site-packages)
WARNING: Ignoring invalid distribution -etworkx (/opt/hpcaas/.mounts/fs-03efe25c053395d1f/beidic/anaconda3/envs/hanshi/lib/python3.9/site-packages)
WARNING: Ignoring invalid distribution -ympy (/opt/hpcaas/.mounts/fs-03efe25c053395d1f/beidic/anaconda3/envs/hanshi/lib/python3.9/site-packages)
Error processing line 1 of /fsx-storygen/beidic/anaconda3/envs/hanshi/lib/python3.9/site-packages/distutils-precedence.pth:

  Traceback (most recent call last):
    File "/fsx-storygen/beidic/anaconda3/envs/hanshi/lib/python3.9/site.py", line 177, in addpackage
      exec(line)
    File "<string>", line 1, in <module>
  ModuleNotFoundError: No module named '_distutils_hack'

Remainder of file ignored
WARNING: Ignoring invalid distribution - (/opt/hpcaas/.mounts/fs-03efe25c053395d1f/beidic/anaconda3/envs/hanshi/lib/python3.9/site-packages)
WARNING: Ignoring invalid distribution -ympy (/opt/hpcaas/.mounts/fs-03efe25c053395d1f/beidic/anaconda3/envs/hanshi/lib/python3.9/site-packages)
WARNING: Error parsing requirements for torch: [Errno 2] No such file or directory: '/opt/hpcaas/.mounts/fs-03efe25c053395d1f/beidic/anaconda3/envs/hanshi/lib/python3.9/site-packages/torch-2.1.2.dist-info/METADATA'
WARNING: Ignoring invalid distribution - (/opt/hpcaas/.mounts/fs-03efe25c053395d1f/beidic/anaconda3/envs/hanshi/lib/python3.9/site-packages)
WARNING: Ignoring invalid distribution -ympy (/opt/hpcaas/.mounts/fs-03efe25c053395d1f/beidic/anaconda3/envs/hanshi/lib/python3.9/site-packages)
    WARNING: No metadata found in /opt/hpcaas/.mounts/fs-03efe25c053395d1f/beidic/anaconda3/envs/hanshi/lib/python3.9/site-packages
ERROR: Could not install packages due to an OSError: [Errno 2] No such file or directory: '/opt/hpcaas/.mounts/fs-03efe25c053395d1f/beidic/anaconda3/envs/hanshi/lib/python3.9/site-packages/urllib3-2.2.2.dist-info/'

Error processing line 1 of /fsx-storygen/beidic/anaconda3/envs/hanshi/lib/python3.9/site-packages/distutils-precedence.pth:

  Traceback (most recent call last):
    File "/fsx-storygen/beidic/anaconda3/envs/hanshi/lib/python3.9/site.py", line 177, in addpackage
      exec(line)
    File "<string>", line 1, in <module>
  ModuleNotFoundError: No module named '_distutils_hack'

Remainder of file ignored
Error processing line 1 of /fsx-storygen/beidic/anaconda3/envs/hanshi/lib/python3.9/site-packages/distutils-precedence.pth:

  Traceback (most recent call last):
    File "/fsx-storygen/beidic/anaconda3/envs/hanshi/lib/python3.9/site.py", line 177, in addpackage
      exec(line)
    File "<string>", line 1, in <module>
  ModuleNotFoundError: No module named '_distutils_hack'

Remainder of file ignored
wandb: Currently logged in as: stevenzhou0816100. Use `wandb login --relogin` to force relogin
Error processing line 1 of /fsx-storygen/beidic/anaconda3/envs/hanshi/lib/python3.9/site-packages/distutils-precedence.pth:

  Traceback (most recent call last):
    File "/fsx-storygen/beidic/anaconda3/envs/hanshi/lib/python3.9/site.py", line 177, in addpackage
      exec(line)
    File "<string>", line 1, in <module>
  ModuleNotFoundError: No module named '_distutils_hack'

Remainder of file ignored
Error processing line 1 of /fsx-storygen/beidic/anaconda3/envs/hanshi/lib/python3.9/site-packages/distutils-precedence.pth:

  Traceback (most recent call last):
    File "/fsx-storygen/beidic/anaconda3/envs/hanshi/lib/python3.9/site.py", line 177, in addpackage
      exec(line)
    File "<string>", line 1, in <module>
  ModuleNotFoundError: No module named '_distutils_hack'

Remainder of file ignored
Traceback (most recent call last):
  File "/fsx-storygen/beidic/anaconda3/envs/hanshi/bin/accelerate", line 5, in <module>
    from accelerate.commands.accelerate_cli import main
  File "/fsx-storygen/beidic/anaconda3/envs/hanshi/lib/python3.9/site-packages/accelerate/__init__.py", line 3, in <module>
    from .accelerator import Accelerator
  File "/fsx-storygen/beidic/anaconda3/envs/hanshi/lib/python3.9/site-packages/accelerate/accelerator.py", line 33, in <module>
    import torch.utils.hooks as hooks
  File "/fsx-storygen/beidic/anaconda3/envs/hanshi/lib/python3.9/site-packages/torch/utils/__init__.py", line 4, in <module>
    from .throughput_benchmark import ThroughputBenchmark
  File "/fsx-storygen/beidic/anaconda3/envs/hanshi/lib/python3.9/site-packages/torch/utils/throughput_benchmark.py", line 2, in <module>
    import torch._C
ModuleNotFoundError: No module named 'torch._C'
