Already up to date.
Obtaining file:///opt/hpcaas/.mounts/fs-03efe25c053395d1f/beidic/yang/transformersprofiling
  Installing build dependencies: started
  Installing build dependencies: finished with status 'done'
  Checking if build backend supports build_editable: started
  Checking if build backend supports build_editable: finished with status 'done'
  Getting requirements to build editable: started
  Getting requirements to build editable: finished with status 'done'
  Installing backend dependencies: started
  Installing backend dependencies: finished with status 'done'
  Preparing editable metadata (pyproject.toml): started
  Preparing editable metadata (pyproject.toml): finished with status 'done'
Requirement already satisfied: filelock in /opt/hpcaas/.mounts/fs-0565f60d669b6a2d3/home/beidic/anaconda3/envs/yangllm2/lib/python3.9/site-packages (from transformers==4.36.0.dev0) (3.13.1)
Requirement already satisfied: huggingface-hub<1.0,>=0.19.3 in /opt/hpcaas/.mounts/fs-0565f60d669b6a2d3/home/beidic/anaconda3/envs/yangllm2/lib/python3.9/site-packages (from transformers==4.36.0.dev0) (0.22.2)
Requirement already satisfied: numpy>=1.17 in /opt/hpcaas/.mounts/fs-0565f60d669b6a2d3/home/beidic/anaconda3/envs/yangllm2/lib/python3.9/site-packages (from transformers==4.36.0.dev0) (1.26.4)
Requirement already satisfied: packaging>=20.0 in /opt/hpcaas/.mounts/fs-0565f60d669b6a2d3/home/beidic/anaconda3/envs/yangllm2/lib/python3.9/site-packages (from transformers==4.36.0.dev0) (23.2)
Requirement already satisfied: pyyaml>=5.1 in /opt/hpcaas/.mounts/fs-0565f60d669b6a2d3/home/beidic/anaconda3/envs/yangllm2/lib/python3.9/site-packages (from transformers==4.36.0.dev0) (6.0.1)
Requirement already satisfied: regex!=2019.12.17 in /opt/hpcaas/.mounts/fs-0565f60d669b6a2d3/home/beidic/anaconda3/envs/yangllm2/lib/python3.9/site-packages (from transformers==4.36.0.dev0) (2023.12.25)
Requirement already satisfied: requests in /opt/hpcaas/.mounts/fs-0565f60d669b6a2d3/home/beidic/anaconda3/envs/yangllm2/lib/python3.9/site-packages (from transformers==4.36.0.dev0) (2.31.0)
Requirement already satisfied: tokenizers<0.19,>=0.14 in /opt/hpcaas/.mounts/fs-0565f60d669b6a2d3/home/beidic/anaconda3/envs/yangllm2/lib/python3.9/site-packages (from transformers==4.36.0.dev0) (0.15.2)
Requirement already satisfied: safetensors>=0.3.1 in /opt/hpcaas/.mounts/fs-0565f60d669b6a2d3/home/beidic/anaconda3/envs/yangllm2/lib/python3.9/site-packages (from transformers==4.36.0.dev0) (0.4.2)
Requirement already satisfied: tqdm>=4.27 in /opt/hpcaas/.mounts/fs-0565f60d669b6a2d3/home/beidic/anaconda3/envs/yangllm2/lib/python3.9/site-packages (from transformers==4.36.0.dev0) (4.66.2)
Requirement already satisfied: fsspec>=2023.5.0 in /opt/hpcaas/.mounts/fs-0565f60d669b6a2d3/home/beidic/anaconda3/envs/yangllm2/lib/python3.9/site-packages (from huggingface-hub<1.0,>=0.19.3->transformers==4.36.0.dev0) (2023.10.0)
Requirement already satisfied: typing-extensions>=3.7.4.3 in /opt/hpcaas/.mounts/fs-0565f60d669b6a2d3/home/beidic/anaconda3/envs/yangllm2/lib/python3.9/site-packages (from huggingface-hub<1.0,>=0.19.3->transformers==4.36.0.dev0) (4.9.0)
Requirement already satisfied: charset-normalizer<4,>=2 in /opt/hpcaas/.mounts/fs-0565f60d669b6a2d3/home/beidic/anaconda3/envs/yangllm2/lib/python3.9/site-packages (from requests->transformers==4.36.0.dev0) (3.3.2)
Requirement already satisfied: idna<4,>=2.5 in /opt/hpcaas/.mounts/fs-0565f60d669b6a2d3/home/beidic/anaconda3/envs/yangllm2/lib/python3.9/site-packages (from requests->transformers==4.36.0.dev0) (3.6)
Requirement already satisfied: urllib3<3,>=1.21.1 in /opt/hpcaas/.mounts/fs-0565f60d669b6a2d3/home/beidic/anaconda3/envs/yangllm2/lib/python3.9/site-packages (from requests->transformers==4.36.0.dev0) (1.26.18)
Requirement already satisfied: certifi>=2017.4.17 in /opt/hpcaas/.mounts/fs-0565f60d669b6a2d3/home/beidic/anaconda3/envs/yangllm2/lib/python3.9/site-packages (from requests->transformers==4.36.0.dev0) (2024.2.2)
Building wheels for collected packages: transformers
  Building editable for transformers (pyproject.toml): started
  Building editable for transformers (pyproject.toml): finished with status 'done'
  Created wheel for transformers: filename=transformers-4.36.0.dev0-0.editable-py3-none-any.whl size=40509 sha256=570384e3eee837fbe1c196f91bd528e2be667ee39d65b9dbc661c4296e4aeb9c
  Stored in directory: /tmp/pip-ephem-wheel-cache-pcr39zhe/wheels/b7/36/f7/419f9185aae64b34b34c9ec7bc0c4910b3433f825ab8b94ec7
Successfully built transformers
Installing collected packages: transformers
  Attempting uninstall: transformers
    Found existing installation: transformers 4.36.0.dev0
    Uninstalling transformers-4.36.0.dev0:
      Successfully uninstalled transformers-4.36.0.dev0
Successfully installed transformers-4.36.0.dev0
Requirement already satisfied: termcolor in /opt/hpcaas/.mounts/fs-0565f60d669b6a2d3/home/beidic/anaconda3/envs/yangllm2/lib/python3.9/site-packages (2.4.0)
Requirement already satisfied: wandb in /opt/hpcaas/.mounts/fs-0565f60d669b6a2d3/home/beidic/anaconda3/envs/yangllm2/lib/python3.9/site-packages (0.16.3)
Requirement already satisfied: Click!=8.0.0,>=7.1 in /opt/hpcaas/.mounts/fs-0565f60d669b6a2d3/home/beidic/anaconda3/envs/yangllm2/lib/python3.9/site-packages (from wandb) (8.1.7)
Requirement already satisfied: GitPython!=3.1.29,>=1.0.0 in /opt/hpcaas/.mounts/fs-0565f60d669b6a2d3/home/beidic/anaconda3/envs/yangllm2/lib/python3.9/site-packages (from wandb) (3.1.41)
Requirement already satisfied: requests<3,>=2.0.0 in /opt/hpcaas/.mounts/fs-0565f60d669b6a2d3/home/beidic/anaconda3/envs/yangllm2/lib/python3.9/site-packages (from wandb) (2.31.0)
Requirement already satisfied: psutil>=5.0.0 in /opt/hpcaas/.mounts/fs-0565f60d669b6a2d3/home/beidic/anaconda3/envs/yangllm2/lib/python3.9/site-packages (from wandb) (5.9.8)
Requirement already satisfied: sentry-sdk>=1.0.0 in /opt/hpcaas/.mounts/fs-0565f60d669b6a2d3/home/beidic/anaconda3/envs/yangllm2/lib/python3.9/site-packages (from wandb) (1.40.4)
Requirement already satisfied: docker-pycreds>=0.4.0 in /opt/hpcaas/.mounts/fs-0565f60d669b6a2d3/home/beidic/anaconda3/envs/yangllm2/lib/python3.9/site-packages (from wandb) (0.4.0)
Requirement already satisfied: PyYAML in /opt/hpcaas/.mounts/fs-0565f60d669b6a2d3/home/beidic/anaconda3/envs/yangllm2/lib/python3.9/site-packages (from wandb) (6.0.1)
Requirement already satisfied: setproctitle in /opt/hpcaas/.mounts/fs-0565f60d669b6a2d3/home/beidic/anaconda3/envs/yangllm2/lib/python3.9/site-packages (from wandb) (1.3.3)
Requirement already satisfied: setuptools in /opt/hpcaas/.mounts/fs-0565f60d669b6a2d3/home/beidic/anaconda3/envs/yangllm2/lib/python3.9/site-packages (from wandb) (69.0.3)
Requirement already satisfied: appdirs>=1.4.3 in /opt/hpcaas/.mounts/fs-0565f60d669b6a2d3/home/beidic/anaconda3/envs/yangllm2/lib/python3.9/site-packages (from wandb) (1.4.4)
Requirement already satisfied: typing-extensions in /opt/hpcaas/.mounts/fs-0565f60d669b6a2d3/home/beidic/anaconda3/envs/yangllm2/lib/python3.9/site-packages (from wandb) (4.9.0)
Requirement already satisfied: protobuf!=4.21.0,<5,>=3.15.0 in /opt/hpcaas/.mounts/fs-0565f60d669b6a2d3/home/beidic/anaconda3/envs/yangllm2/lib/python3.9/site-packages (from wandb) (4.25.2)
Requirement already satisfied: six>=1.4.0 in /opt/hpcaas/.mounts/fs-0565f60d669b6a2d3/home/beidic/anaconda3/envs/yangllm2/lib/python3.9/site-packages (from docker-pycreds>=0.4.0->wandb) (1.16.0)
Requirement already satisfied: gitdb<5,>=4.0.1 in /opt/hpcaas/.mounts/fs-0565f60d669b6a2d3/home/beidic/anaconda3/envs/yangllm2/lib/python3.9/site-packages (from GitPython!=3.1.29,>=1.0.0->wandb) (4.0.11)
Requirement already satisfied: charset-normalizer<4,>=2 in /opt/hpcaas/.mounts/fs-0565f60d669b6a2d3/home/beidic/anaconda3/envs/yangllm2/lib/python3.9/site-packages (from requests<3,>=2.0.0->wandb) (3.3.2)
Requirement already satisfied: idna<4,>=2.5 in /opt/hpcaas/.mounts/fs-0565f60d669b6a2d3/home/beidic/anaconda3/envs/yangllm2/lib/python3.9/site-packages (from requests<3,>=2.0.0->wandb) (3.6)
Requirement already satisfied: urllib3<3,>=1.21.1 in /opt/hpcaas/.mounts/fs-0565f60d669b6a2d3/home/beidic/anaconda3/envs/yangllm2/lib/python3.9/site-packages (from requests<3,>=2.0.0->wandb) (1.26.18)
Requirement already satisfied: certifi>=2017.4.17 in /opt/hpcaas/.mounts/fs-0565f60d669b6a2d3/home/beidic/anaconda3/envs/yangllm2/lib/python3.9/site-packages (from requests<3,>=2.0.0->wandb) (2024.2.2)
Requirement already satisfied: smmap<6,>=3.0.1 in /opt/hpcaas/.mounts/fs-0565f60d669b6a2d3/home/beidic/anaconda3/envs/yangllm2/lib/python3.9/site-packages (from gitdb<5,>=4.0.1->GitPython!=3.1.29,>=1.0.0->wandb) (5.0.1)
Requirement already satisfied: datasets in /opt/hpcaas/.mounts/fs-0565f60d669b6a2d3/home/beidic/anaconda3/envs/yangllm2/lib/python3.9/site-packages (2.17.0)
Requirement already satisfied: filelock in /opt/hpcaas/.mounts/fs-0565f60d669b6a2d3/home/beidic/anaconda3/envs/yangllm2/lib/python3.9/site-packages (from datasets) (3.13.1)
Requirement already satisfied: numpy>=1.17 in /opt/hpcaas/.mounts/fs-0565f60d669b6a2d3/home/beidic/anaconda3/envs/yangllm2/lib/python3.9/site-packages (from datasets) (1.26.4)
Requirement already satisfied: pyarrow>=12.0.0 in /opt/hpcaas/.mounts/fs-0565f60d669b6a2d3/home/beidic/anaconda3/envs/yangllm2/lib/python3.9/site-packages (from datasets) (15.0.0)
Requirement already satisfied: pyarrow-hotfix in /opt/hpcaas/.mounts/fs-0565f60d669b6a2d3/home/beidic/anaconda3/envs/yangllm2/lib/python3.9/site-packages (from datasets) (0.6)
Requirement already satisfied: dill<0.3.9,>=0.3.0 in /opt/hpcaas/.mounts/fs-0565f60d669b6a2d3/home/beidic/anaconda3/envs/yangllm2/lib/python3.9/site-packages (from datasets) (0.3.8)
Requirement already satisfied: pandas in /opt/hpcaas/.mounts/fs-0565f60d669b6a2d3/home/beidic/anaconda3/envs/yangllm2/lib/python3.9/site-packages (from datasets) (2.2.0)
Requirement already satisfied: requests>=2.19.0 in /opt/hpcaas/.mounts/fs-0565f60d669b6a2d3/home/beidic/anaconda3/envs/yangllm2/lib/python3.9/site-packages (from datasets) (2.31.0)
Requirement already satisfied: tqdm>=4.62.1 in /opt/hpcaas/.mounts/fs-0565f60d669b6a2d3/home/beidic/anaconda3/envs/yangllm2/lib/python3.9/site-packages (from datasets) (4.66.2)
Requirement already satisfied: xxhash in /opt/hpcaas/.mounts/fs-0565f60d669b6a2d3/home/beidic/anaconda3/envs/yangllm2/lib/python3.9/site-packages (from datasets) (3.4.1)
Requirement already satisfied: multiprocess in /opt/hpcaas/.mounts/fs-0565f60d669b6a2d3/home/beidic/anaconda3/envs/yangllm2/lib/python3.9/site-packages (from datasets) (0.70.16)
Requirement already satisfied: fsspec<=2023.10.0,>=2023.1.0 in /opt/hpcaas/.mounts/fs-0565f60d669b6a2d3/home/beidic/anaconda3/envs/yangllm2/lib/python3.9/site-packages (from fsspec[http]<=2023.10.0,>=2023.1.0->datasets) (2023.10.0)
Requirement already satisfied: aiohttp in /opt/hpcaas/.mounts/fs-0565f60d669b6a2d3/home/beidic/anaconda3/envs/yangllm2/lib/python3.9/site-packages (from datasets) (3.9.3)
Requirement already satisfied: huggingface-hub>=0.19.4 in /opt/hpcaas/.mounts/fs-0565f60d669b6a2d3/home/beidic/anaconda3/envs/yangllm2/lib/python3.9/site-packages (from datasets) (0.22.2)
Requirement already satisfied: packaging in /opt/hpcaas/.mounts/fs-0565f60d669b6a2d3/home/beidic/anaconda3/envs/yangllm2/lib/python3.9/site-packages (from datasets) (23.2)
Requirement already satisfied: pyyaml>=5.1 in /opt/hpcaas/.mounts/fs-0565f60d669b6a2d3/home/beidic/anaconda3/envs/yangllm2/lib/python3.9/site-packages (from datasets) (6.0.1)
Requirement already satisfied: aiosignal>=1.1.2 in /opt/hpcaas/.mounts/fs-0565f60d669b6a2d3/home/beidic/anaconda3/envs/yangllm2/lib/python3.9/site-packages (from aiohttp->datasets) (1.3.1)
Requirement already satisfied: attrs>=17.3.0 in /opt/hpcaas/.mounts/fs-0565f60d669b6a2d3/home/beidic/anaconda3/envs/yangllm2/lib/python3.9/site-packages (from aiohttp->datasets) (23.2.0)
Requirement already satisfied: frozenlist>=1.1.1 in /opt/hpcaas/.mounts/fs-0565f60d669b6a2d3/home/beidic/anaconda3/envs/yangllm2/lib/python3.9/site-packages (from aiohttp->datasets) (1.4.1)
Requirement already satisfied: multidict<7.0,>=4.5 in /opt/hpcaas/.mounts/fs-0565f60d669b6a2d3/home/beidic/anaconda3/envs/yangllm2/lib/python3.9/site-packages (from aiohttp->datasets) (6.0.5)
Requirement already satisfied: yarl<2.0,>=1.0 in /opt/hpcaas/.mounts/fs-0565f60d669b6a2d3/home/beidic/anaconda3/envs/yangllm2/lib/python3.9/site-packages (from aiohttp->datasets) (1.9.4)
Requirement already satisfied: async-timeout<5.0,>=4.0 in /opt/hpcaas/.mounts/fs-0565f60d669b6a2d3/home/beidic/anaconda3/envs/yangllm2/lib/python3.9/site-packages (from aiohttp->datasets) (4.0.3)
Requirement already satisfied: typing-extensions>=3.7.4.3 in /opt/hpcaas/.mounts/fs-0565f60d669b6a2d3/home/beidic/anaconda3/envs/yangllm2/lib/python3.9/site-packages (from huggingface-hub>=0.19.4->datasets) (4.9.0)
Requirement already satisfied: charset-normalizer<4,>=2 in /opt/hpcaas/.mounts/fs-0565f60d669b6a2d3/home/beidic/anaconda3/envs/yangllm2/lib/python3.9/site-packages (from requests>=2.19.0->datasets) (3.3.2)
Requirement already satisfied: idna<4,>=2.5 in /opt/hpcaas/.mounts/fs-0565f60d669b6a2d3/home/beidic/anaconda3/envs/yangllm2/lib/python3.9/site-packages (from requests>=2.19.0->datasets) (3.6)
Requirement already satisfied: urllib3<3,>=1.21.1 in /opt/hpcaas/.mounts/fs-0565f60d669b6a2d3/home/beidic/anaconda3/envs/yangllm2/lib/python3.9/site-packages (from requests>=2.19.0->datasets) (1.26.18)
Requirement already satisfied: certifi>=2017.4.17 in /opt/hpcaas/.mounts/fs-0565f60d669b6a2d3/home/beidic/anaconda3/envs/yangllm2/lib/python3.9/site-packages (from requests>=2.19.0->datasets) (2024.2.2)
Requirement already satisfied: python-dateutil>=2.8.2 in /opt/hpcaas/.mounts/fs-0565f60d669b6a2d3/home/beidic/anaconda3/envs/yangllm2/lib/python3.9/site-packages (from pandas->datasets) (2.8.2)
Requirement already satisfied: pytz>=2020.1 in /opt/hpcaas/.mounts/fs-0565f60d669b6a2d3/home/beidic/anaconda3/envs/yangllm2/lib/python3.9/site-packages (from pandas->datasets) (2024.1)
Requirement already satisfied: tzdata>=2022.7 in /opt/hpcaas/.mounts/fs-0565f60d669b6a2d3/home/beidic/anaconda3/envs/yangllm2/lib/python3.9/site-packages (from pandas->datasets) (2024.1)
Requirement already satisfied: six>=1.5 in /opt/hpcaas/.mounts/fs-0565f60d669b6a2d3/home/beidic/anaconda3/envs/yangllm2/lib/python3.9/site-packages (from python-dateutil>=2.8.2->pandas->datasets) (1.16.0)
Requirement already satisfied: accelerate in /opt/hpcaas/.mounts/fs-0565f60d669b6a2d3/home/beidic/anaconda3/envs/yangllm2/lib/python3.9/site-packages (0.27.0)
Requirement already satisfied: numpy>=1.17 in /opt/hpcaas/.mounts/fs-0565f60d669b6a2d3/home/beidic/anaconda3/envs/yangllm2/lib/python3.9/site-packages (from accelerate) (1.26.4)
Requirement already satisfied: packaging>=20.0 in /opt/hpcaas/.mounts/fs-0565f60d669b6a2d3/home/beidic/anaconda3/envs/yangllm2/lib/python3.9/site-packages (from accelerate) (23.2)
Requirement already satisfied: psutil in /opt/hpcaas/.mounts/fs-0565f60d669b6a2d3/home/beidic/anaconda3/envs/yangllm2/lib/python3.9/site-packages (from accelerate) (5.9.8)
Requirement already satisfied: pyyaml in /opt/hpcaas/.mounts/fs-0565f60d669b6a2d3/home/beidic/anaconda3/envs/yangllm2/lib/python3.9/site-packages (from accelerate) (6.0.1)
Requirement already satisfied: torch>=1.10.0 in /opt/hpcaas/.mounts/fs-0565f60d669b6a2d3/home/beidic/anaconda3/envs/yangllm2/lib/python3.9/site-packages (from accelerate) (2.1.0)
Requirement already satisfied: huggingface-hub in /opt/hpcaas/.mounts/fs-0565f60d669b6a2d3/home/beidic/anaconda3/envs/yangllm2/lib/python3.9/site-packages (from accelerate) (0.22.2)
Requirement already satisfied: safetensors>=0.3.1 in /opt/hpcaas/.mounts/fs-0565f60d669b6a2d3/home/beidic/anaconda3/envs/yangllm2/lib/python3.9/site-packages (from accelerate) (0.4.2)
Requirement already satisfied: filelock in /opt/hpcaas/.mounts/fs-0565f60d669b6a2d3/home/beidic/anaconda3/envs/yangllm2/lib/python3.9/site-packages (from torch>=1.10.0->accelerate) (3.13.1)
Requirement already satisfied: typing-extensions in /opt/hpcaas/.mounts/fs-0565f60d669b6a2d3/home/beidic/anaconda3/envs/yangllm2/lib/python3.9/site-packages (from torch>=1.10.0->accelerate) (4.9.0)
Requirement already satisfied: sympy in /opt/hpcaas/.mounts/fs-0565f60d669b6a2d3/home/beidic/anaconda3/envs/yangllm2/lib/python3.9/site-packages (from torch>=1.10.0->accelerate) (1.12)
Requirement already satisfied: networkx in /opt/hpcaas/.mounts/fs-0565f60d669b6a2d3/home/beidic/anaconda3/envs/yangllm2/lib/python3.9/site-packages (from torch>=1.10.0->accelerate) (3.2.1)
Requirement already satisfied: jinja2 in /opt/hpcaas/.mounts/fs-0565f60d669b6a2d3/home/beidic/anaconda3/envs/yangllm2/lib/python3.9/site-packages (from torch>=1.10.0->accelerate) (3.1.3)
Requirement already satisfied: fsspec in /opt/hpcaas/.mounts/fs-0565f60d669b6a2d3/home/beidic/anaconda3/envs/yangllm2/lib/python3.9/site-packages (from torch>=1.10.0->accelerate) (2023.10.0)
Requirement already satisfied: nvidia-cuda-nvrtc-cu12==12.1.105 in /opt/hpcaas/.mounts/fs-0565f60d669b6a2d3/home/beidic/anaconda3/envs/yangllm2/lib/python3.9/site-packages (from torch>=1.10.0->accelerate) (12.1.105)
Requirement already satisfied: nvidia-cuda-runtime-cu12==12.1.105 in /opt/hpcaas/.mounts/fs-0565f60d669b6a2d3/home/beidic/anaconda3/envs/yangllm2/lib/python3.9/site-packages (from torch>=1.10.0->accelerate) (12.1.105)
Requirement already satisfied: nvidia-cuda-cupti-cu12==12.1.105 in /opt/hpcaas/.mounts/fs-0565f60d669b6a2d3/home/beidic/anaconda3/envs/yangllm2/lib/python3.9/site-packages (from torch>=1.10.0->accelerate) (12.1.105)
Requirement already satisfied: nvidia-cudnn-cu12==8.9.2.26 in /opt/hpcaas/.mounts/fs-0565f60d669b6a2d3/home/beidic/anaconda3/envs/yangllm2/lib/python3.9/site-packages (from torch>=1.10.0->accelerate) (8.9.2.26)
Requirement already satisfied: nvidia-cublas-cu12==12.1.3.1 in /opt/hpcaas/.mounts/fs-0565f60d669b6a2d3/home/beidic/anaconda3/envs/yangllm2/lib/python3.9/site-packages (from torch>=1.10.0->accelerate) (12.1.3.1)
Requirement already satisfied: nvidia-cufft-cu12==11.0.2.54 in /opt/hpcaas/.mounts/fs-0565f60d669b6a2d3/home/beidic/anaconda3/envs/yangllm2/lib/python3.9/site-packages (from torch>=1.10.0->accelerate) (11.0.2.54)
Requirement already satisfied: nvidia-curand-cu12==10.3.2.106 in /opt/hpcaas/.mounts/fs-0565f60d669b6a2d3/home/beidic/anaconda3/envs/yangllm2/lib/python3.9/site-packages (from torch>=1.10.0->accelerate) (10.3.2.106)
Requirement already satisfied: nvidia-cusolver-cu12==11.4.5.107 in /opt/hpcaas/.mounts/fs-0565f60d669b6a2d3/home/beidic/anaconda3/envs/yangllm2/lib/python3.9/site-packages (from torch>=1.10.0->accelerate) (11.4.5.107)
Requirement already satisfied: nvidia-cusparse-cu12==12.1.0.106 in /opt/hpcaas/.mounts/fs-0565f60d669b6a2d3/home/beidic/anaconda3/envs/yangllm2/lib/python3.9/site-packages (from torch>=1.10.0->accelerate) (12.1.0.106)
Requirement already satisfied: nvidia-nccl-cu12==2.18.1 in /opt/hpcaas/.mounts/fs-0565f60d669b6a2d3/home/beidic/anaconda3/envs/yangllm2/lib/python3.9/site-packages (from torch>=1.10.0->accelerate) (2.18.1)
Requirement already satisfied: nvidia-nvtx-cu12==12.1.105 in /opt/hpcaas/.mounts/fs-0565f60d669b6a2d3/home/beidic/anaconda3/envs/yangllm2/lib/python3.9/site-packages (from torch>=1.10.0->accelerate) (12.1.105)
Requirement already satisfied: triton==2.1.0 in /opt/hpcaas/.mounts/fs-0565f60d669b6a2d3/home/beidic/anaconda3/envs/yangllm2/lib/python3.9/site-packages (from torch>=1.10.0->accelerate) (2.1.0)
Requirement already satisfied: nvidia-nvjitlink-cu12 in /opt/hpcaas/.mounts/fs-0565f60d669b6a2d3/home/beidic/anaconda3/envs/yangllm2/lib/python3.9/site-packages (from nvidia-cusolver-cu12==11.4.5.107->torch>=1.10.0->accelerate) (12.3.101)
Requirement already satisfied: requests in /opt/hpcaas/.mounts/fs-0565f60d669b6a2d3/home/beidic/anaconda3/envs/yangllm2/lib/python3.9/site-packages (from huggingface-hub->accelerate) (2.31.0)
Requirement already satisfied: tqdm>=4.42.1 in /opt/hpcaas/.mounts/fs-0565f60d669b6a2d3/home/beidic/anaconda3/envs/yangllm2/lib/python3.9/site-packages (from huggingface-hub->accelerate) (4.66.2)
Requirement already satisfied: MarkupSafe>=2.0 in /opt/hpcaas/.mounts/fs-0565f60d669b6a2d3/home/beidic/anaconda3/envs/yangllm2/lib/python3.9/site-packages (from jinja2->torch>=1.10.0->accelerate) (2.1.5)
Requirement already satisfied: charset-normalizer<4,>=2 in /opt/hpcaas/.mounts/fs-0565f60d669b6a2d3/home/beidic/anaconda3/envs/yangllm2/lib/python3.9/site-packages (from requests->huggingface-hub->accelerate) (3.3.2)
Requirement already satisfied: idna<4,>=2.5 in /opt/hpcaas/.mounts/fs-0565f60d669b6a2d3/home/beidic/anaconda3/envs/yangllm2/lib/python3.9/site-packages (from requests->huggingface-hub->accelerate) (3.6)
Requirement already satisfied: urllib3<3,>=1.21.1 in /opt/hpcaas/.mounts/fs-0565f60d669b6a2d3/home/beidic/anaconda3/envs/yangllm2/lib/python3.9/site-packages (from requests->huggingface-hub->accelerate) (1.26.18)
Requirement already satisfied: certifi>=2017.4.17 in /opt/hpcaas/.mounts/fs-0565f60d669b6a2d3/home/beidic/anaconda3/envs/yangllm2/lib/python3.9/site-packages (from requests->huggingface-hub->accelerate) (2024.2.2)
Requirement already satisfied: mpmath>=0.19 in /opt/hpcaas/.mounts/fs-0565f60d669b6a2d3/home/beidic/anaconda3/envs/yangllm2/lib/python3.9/site-packages (from sympy->torch>=1.10.0->accelerate) (1.3.0)
Requirement already satisfied: huggingface_hub[cli] in /opt/hpcaas/.mounts/fs-0565f60d669b6a2d3/home/beidic/anaconda3/envs/yangllm2/lib/python3.9/site-packages (0.22.2)
Requirement already satisfied: filelock in /opt/hpcaas/.mounts/fs-0565f60d669b6a2d3/home/beidic/anaconda3/envs/yangllm2/lib/python3.9/site-packages (from huggingface_hub[cli]) (3.13.1)
Requirement already satisfied: fsspec>=2023.5.0 in /opt/hpcaas/.mounts/fs-0565f60d669b6a2d3/home/beidic/anaconda3/envs/yangllm2/lib/python3.9/site-packages (from huggingface_hub[cli]) (2023.10.0)
Requirement already satisfied: packaging>=20.9 in /opt/hpcaas/.mounts/fs-0565f60d669b6a2d3/home/beidic/anaconda3/envs/yangllm2/lib/python3.9/site-packages (from huggingface_hub[cli]) (23.2)
Requirement already satisfied: pyyaml>=5.1 in /opt/hpcaas/.mounts/fs-0565f60d669b6a2d3/home/beidic/anaconda3/envs/yangllm2/lib/python3.9/site-packages (from huggingface_hub[cli]) (6.0.1)
Requirement already satisfied: requests in /opt/hpcaas/.mounts/fs-0565f60d669b6a2d3/home/beidic/anaconda3/envs/yangllm2/lib/python3.9/site-packages (from huggingface_hub[cli]) (2.31.0)
Requirement already satisfied: tqdm>=4.42.1 in /opt/hpcaas/.mounts/fs-0565f60d669b6a2d3/home/beidic/anaconda3/envs/yangllm2/lib/python3.9/site-packages (from huggingface_hub[cli]) (4.66.2)
Requirement already satisfied: typing-extensions>=3.7.4.3 in /opt/hpcaas/.mounts/fs-0565f60d669b6a2d3/home/beidic/anaconda3/envs/yangllm2/lib/python3.9/site-packages (from huggingface_hub[cli]) (4.9.0)
Requirement already satisfied: InquirerPy==0.3.4 in /opt/hpcaas/.mounts/fs-0565f60d669b6a2d3/home/beidic/anaconda3/envs/yangllm2/lib/python3.9/site-packages (from huggingface_hub[cli]) (0.3.4)
Requirement already satisfied: pfzy<0.4.0,>=0.3.1 in /opt/hpcaas/.mounts/fs-0565f60d669b6a2d3/home/beidic/anaconda3/envs/yangllm2/lib/python3.9/site-packages (from InquirerPy==0.3.4->huggingface_hub[cli]) (0.3.4)
Requirement already satisfied: prompt-toolkit<4.0.0,>=3.0.1 in /opt/hpcaas/.mounts/fs-0565f60d669b6a2d3/home/beidic/anaconda3/envs/yangllm2/lib/python3.9/site-packages (from InquirerPy==0.3.4->huggingface_hub[cli]) (3.0.43)
Requirement already satisfied: charset-normalizer<4,>=2 in /opt/hpcaas/.mounts/fs-0565f60d669b6a2d3/home/beidic/anaconda3/envs/yangllm2/lib/python3.9/site-packages (from requests->huggingface_hub[cli]) (3.3.2)
Requirement already satisfied: idna<4,>=2.5 in /opt/hpcaas/.mounts/fs-0565f60d669b6a2d3/home/beidic/anaconda3/envs/yangllm2/lib/python3.9/site-packages (from requests->huggingface_hub[cli]) (3.6)
Requirement already satisfied: urllib3<3,>=1.21.1 in /opt/hpcaas/.mounts/fs-0565f60d669b6a2d3/home/beidic/anaconda3/envs/yangllm2/lib/python3.9/site-packages (from requests->huggingface_hub[cli]) (1.26.18)
Requirement already satisfied: certifi>=2017.4.17 in /opt/hpcaas/.mounts/fs-0565f60d669b6a2d3/home/beidic/anaconda3/envs/yangllm2/lib/python3.9/site-packages (from requests->huggingface_hub[cli]) (2024.2.2)
Requirement already satisfied: wcwidth in /opt/hpcaas/.mounts/fs-0565f60d669b6a2d3/home/beidic/anaconda3/envs/yangllm2/lib/python3.9/site-packages (from prompt-toolkit<4.0.0,>=3.0.1->InquirerPy==0.3.4->huggingface_hub[cli]) (0.2.13)
Requirement already satisfied: matplotlib in /opt/hpcaas/.mounts/fs-0565f60d669b6a2d3/home/beidic/anaconda3/envs/yangllm2/lib/python3.9/site-packages (3.8.3)
Requirement already satisfied: contourpy>=1.0.1 in /opt/hpcaas/.mounts/fs-0565f60d669b6a2d3/home/beidic/anaconda3/envs/yangllm2/lib/python3.9/site-packages (from matplotlib) (1.2.0)
Requirement already satisfied: cycler>=0.10 in /opt/hpcaas/.mounts/fs-0565f60d669b6a2d3/home/beidic/anaconda3/envs/yangllm2/lib/python3.9/site-packages (from matplotlib) (0.12.1)
Requirement already satisfied: fonttools>=4.22.0 in /opt/hpcaas/.mounts/fs-0565f60d669b6a2d3/home/beidic/anaconda3/envs/yangllm2/lib/python3.9/site-packages (from matplotlib) (4.49.0)
Requirement already satisfied: kiwisolver>=1.3.1 in /opt/hpcaas/.mounts/fs-0565f60d669b6a2d3/home/beidic/anaconda3/envs/yangllm2/lib/python3.9/site-packages (from matplotlib) (1.4.5)
Requirement already satisfied: numpy<2,>=1.21 in /opt/hpcaas/.mounts/fs-0565f60d669b6a2d3/home/beidic/anaconda3/envs/yangllm2/lib/python3.9/site-packages (from matplotlib) (1.26.4)
Requirement already satisfied: packaging>=20.0 in /opt/hpcaas/.mounts/fs-0565f60d669b6a2d3/home/beidic/anaconda3/envs/yangllm2/lib/python3.9/site-packages (from matplotlib) (23.2)
Requirement already satisfied: pillow>=8 in /opt/hpcaas/.mounts/fs-0565f60d669b6a2d3/home/beidic/anaconda3/envs/yangllm2/lib/python3.9/site-packages (from matplotlib) (9.4.0)
Requirement already satisfied: pyparsing>=2.3.1 in /opt/hpcaas/.mounts/fs-0565f60d669b6a2d3/home/beidic/anaconda3/envs/yangllm2/lib/python3.9/site-packages (from matplotlib) (3.1.1)
Requirement already satisfied: python-dateutil>=2.7 in /opt/hpcaas/.mounts/fs-0565f60d669b6a2d3/home/beidic/anaconda3/envs/yangllm2/lib/python3.9/site-packages (from matplotlib) (2.8.2)
Requirement already satisfied: importlib-resources>=3.2.0 in /opt/hpcaas/.mounts/fs-0565f60d669b6a2d3/home/beidic/anaconda3/envs/yangllm2/lib/python3.9/site-packages (from matplotlib) (6.1.2)
Requirement already satisfied: zipp>=3.1.0 in /opt/hpcaas/.mounts/fs-0565f60d669b6a2d3/home/beidic/anaconda3/envs/yangllm2/lib/python3.9/site-packages (from importlib-resources>=3.2.0->matplotlib) (3.17.0)
Requirement already satisfied: six>=1.5 in /opt/hpcaas/.mounts/fs-0565f60d669b6a2d3/home/beidic/anaconda3/envs/yangllm2/lib/python3.9/site-packages (from python-dateutil>=2.7->matplotlib) (1.16.0)
Requirement already satisfied: sentencepiece in /opt/hpcaas/.mounts/fs-0565f60d669b6a2d3/home/beidic/anaconda3/envs/yangllm2/lib/python3.9/site-packages (0.1.99)
/data/home/beidic/anaconda3/envs/yangllm2/bin/python
/data/home/beidic/anaconda3/envs/yangllm2/bin/python
