fatal: Unable to create '/fsx-storygen/beidic/yang/GRIFFIN2/.git/index.lock': File exists.

Another git process seems to be running in this repository, e.g.
an editor opened by 'git commit'. Please make sure all processes
are terminated then try again. If it still fails, a git process
may have crashed in this repository earlier:
remove the file manually to continue.
WARNING: Ignoring invalid distribution -rllib3 (/opt/hpcaas/.mounts/fs-03efe25c053395d1f/beidic/anaconda3/envs/hanshi/lib/python3.9/site-packages)
WARNING: Ignoring invalid distribution -rllib3 (/opt/hpcaas/.mounts/fs-03efe25c053395d1f/beidic/anaconda3/envs/hanshi/lib/python3.9/site-packages)
Error processing line 1 of /fsx-storygen/beidic/anaconda3/envs/hanshi/lib/python3.9/site-packages/distutils-precedence.pth:

  Traceback (most recent call last):
    File "/fsx-storygen/beidic/anaconda3/envs/hanshi/lib/python3.9/site.py", line 177, in addpackage
      exec(line)
    File "<string>", line 1, in <module>
  ModuleNotFoundError: No module named '_distutils_hack'

Remainder of file ignored
WARNING: Error parsing requirements for nvidia-nccl-cu12: [Errno 2] No such file or directory: '/opt/hpcaas/.mounts/fs-03efe25c053395d1f/beidic/anaconda3/envs/hanshi/lib/python3.9/site-packages/nvidia_nccl_cu12-2.18.1.dist-info/METADATA'
WARNING: Error parsing requirements for nvidia-nvjitlink-cu12: [Errno 2] No such file or directory: '/opt/hpcaas/.mounts/fs-03efe25c053395d1f/beidic/anaconda3/envs/hanshi/lib/python3.9/site-packages/nvidia_nvjitlink_cu12-12.5.40.dist-info/METADATA'
WARNING: Error parsing requirements for psutil: [Errno 2] No such file or directory: '/opt/hpcaas/.mounts/fs-03efe25c053395d1f/beidic/anaconda3/envs/hanshi/lib/python3.9/site-packages/psutil-5.9.8.dist-info/METADATA'
WARNING: Error parsing requirements for sympy: [Errno 2] No such file or directory: '/opt/hpcaas/.mounts/fs-03efe25c053395d1f/beidic/anaconda3/envs/hanshi/lib/python3.9/site-packages/sympy-1.12.dist-info/METADATA'
    WARNING: No metadata found in /opt/hpcaas/.mounts/fs-03efe25c053395d1f/beidic/anaconda3/envs/hanshi/lib/python3.9/site-packages
    WARNING: No metadata found in /opt/hpcaas/.mounts/fs-03efe25c053395d1f/beidic/anaconda3/envs/hanshi/lib/python3.9/site-packages
    WARNING: No metadata found in /opt/hpcaas/.mounts/fs-03efe25c053395d1f/beidic/anaconda3/envs/hanshi/lib/python3.9/site-packages
    WARNING: No metadata found in /opt/hpcaas/.mounts/fs-03efe25c053395d1f/beidic/anaconda3/envs/hanshi/lib/python3.9/site-packages
ERROR: Could not install packages due to an OSError: [Errno 2] No such file or directory: '/opt/hpcaas/.mounts/fs-03efe25c053395d1f/beidic/anaconda3/envs/hanshi/lib/python3.9/site-packages/nvidia/__pycache__/'

Error processing line 1 of /fsx-storygen/beidic/anaconda3/envs/hanshi/lib/python3.9/site-packages/distutils-precedence.pth:

  Traceback (most recent call last):
    File "/fsx-storygen/beidic/anaconda3/envs/hanshi/lib/python3.9/site.py", line 177, in addpackage
      exec(line)
    File "<string>", line 1, in <module>
  ModuleNotFoundError: No module named '_distutils_hack'

Remainder of file ignored
Error processing line 1 of /fsx-storygen/beidic/anaconda3/envs/hanshi/lib/python3.9/site-packages/distutils-precedence.pth:

  Traceback (most recent call last):
    File "/fsx-storygen/beidic/anaconda3/envs/hanshi/lib/python3.9/site.py", line 177, in addpackage
      exec(line)
    File "<string>", line 1, in <module>
  ModuleNotFoundError: No module named '_distutils_hack'

Remainder of file ignored
wandb: Currently logged in as: stevenzhou0816100. Use `wandb login --relogin` to force relogin
Error processing line 1 of /fsx-storygen/beidic/anaconda3/envs/hanshi/lib/python3.9/site-packages/distutils-precedence.pth:

  Traceback (most recent call last):
    File "/fsx-storygen/beidic/anaconda3/envs/hanshi/lib/python3.9/site.py", line 177, in addpackage
      exec(line)
    File "<string>", line 1, in <module>
  ModuleNotFoundError: No module named '_distutils_hack'

Remainder of file ignored
Traceback (most recent call last):
  File "/fsx-storygen/beidic/anaconda3/envs/hanshi/bin/huggingface-cli", line 8, in <module>
    sys.exit(main())
  File "/fsx-storygen/beidic/anaconda3/envs/hanshi/lib/python3.9/site-packages/huggingface_hub/commands/huggingface_cli.py", line 51, in main
    service.run()
  File "/fsx-storygen/beidic/anaconda3/envs/hanshi/lib/python3.9/site-packages/huggingface_hub/commands/user.py", line 98, in run
    login(token=self.args.token, add_to_git_credential=self.args.add_to_git_credential)
  File "/fsx-storygen/beidic/anaconda3/envs/hanshi/lib/python3.9/site-packages/huggingface_hub/_login.py", line 111, in login
    _login(token, add_to_git_credential=add_to_git_credential, write_permission=write_permission)
  File "/fsx-storygen/beidic/anaconda3/envs/hanshi/lib/python3.9/site-packages/huggingface_hub/_login.py", line 307, in _login
    raise ValueError("Invalid token passed!")
ValueError: Invalid token passed!
Error processing line 1 of /fsx-storygen/beidic/anaconda3/envs/hanshi/lib/python3.9/site-packages/distutils-precedence.pth:

  Traceback (most recent call last):
    File "/fsx-storygen/beidic/anaconda3/envs/hanshi/lib/python3.9/site.py", line 177, in addpackage
      exec(line)
    File "<string>", line 1, in <module>
  ModuleNotFoundError: No module named '_distutils_hack'

Remainder of file ignored
Traceback (most recent call last):
  File "/fsx-storygen/beidic/anaconda3/envs/hanshi/bin/accelerate", line 5, in <module>
    from accelerate.commands.accelerate_cli import main
  File "/fsx-storygen/beidic/anaconda3/envs/hanshi/lib/python3.9/site-packages/accelerate/__init__.py", line 3, in <module>
    from .accelerator import Accelerator
  File "/fsx-storygen/beidic/anaconda3/envs/hanshi/lib/python3.9/site-packages/accelerate/accelerator.py", line 32, in <module>
    import torch
  File "/fsx-storygen/beidic/anaconda3/envs/hanshi/lib/python3.9/site-packages/torch/__init__.py", line 1504, in <module>
    from . import masked
  File "/fsx-storygen/beidic/anaconda3/envs/hanshi/lib/python3.9/site-packages/torch/masked/__init__.py", line 3, in <module>
    from ._ops import (
  File "/fsx-storygen/beidic/anaconda3/envs/hanshi/lib/python3.9/site-packages/torch/masked/_ops.py", line 11, in <module>
    from torch._prims_common import corresponding_real_dtype
  File "/fsx-storygen/beidic/anaconda3/envs/hanshi/lib/python3.9/site-packages/torch/_prims_common/__init__.py", line 23, in <module>
    import sympy
  File "/fsx-storygen/beidic/anaconda3/envs/hanshi/lib/python3.9/site-packages/sympy/__init__.py", line 30, in <module>
    from sympy.core.cache import lazy_function
ModuleNotFoundError: No module named 'sympy.core'
