Already on 'yangexp2two'
Error processing line 1 of /fsx-storygen/beidic/anaconda3/envs/hanshi/lib/python3.9/site-packages/distutils-precedence.pth:

  Traceback (most recent call last):
    File "/fsx-storygen/beidic/anaconda3/envs/hanshi/lib/python3.9/site.py", line 177, in addpackage
      exec(line)
    File "<string>", line 1, in <module>
  ModuleNotFoundError: No module named '_distutils_hack'

Remainder of file ignored
WARNING: Ignoring invalid distribution - (/opt/hpcaas/.mounts/fs-03efe25c053395d1f/beidic/anaconda3/envs/hanshi/lib/python3.9/site-packages)
WARNING: Ignoring invalid distribution -vidia-cublas-cu12 (/opt/hpcaas/.mounts/fs-03efe25c053395d1f/beidic/anaconda3/envs/hanshi/lib/python3.9/site-packages)
WARNING: Ignoring invalid distribution - (/opt/hpcaas/.mounts/fs-03efe25c053395d1f/beidic/anaconda3/envs/hanshi/lib/python3.9/site-packages)
WARNING: Ignoring invalid distribution -vidia-cublas-cu12 (/opt/hpcaas/.mounts/fs-03efe25c053395d1f/beidic/anaconda3/envs/hanshi/lib/python3.9/site-packages)
Error processing line 1 of /fsx-storygen/beidic/anaconda3/envs/hanshi/lib/python3.9/site-packages/distutils-precedence.pth:

  Traceback (most recent call last):
    File "/fsx-storygen/beidic/anaconda3/envs/hanshi/lib/python3.9/site.py", line 177, in addpackage
      exec(line)
    File "<string>", line 1, in <module>
  ModuleNotFoundError: No module named '_distutils_hack'

Remainder of file ignored
WARNING: Ignoring invalid distribution - (/opt/hpcaas/.mounts/fs-03efe25c053395d1f/beidic/anaconda3/envs/hanshi/lib/python3.9/site-packages)
WARNING: Error parsing requirements for certifi: [Errno 2] No such file or directory: '/opt/hpcaas/.mounts/fs-03efe25c053395d1f/beidic/anaconda3/envs/hanshi/lib/python3.9/site-packages/certifi-2024.2.2.dist-info/METADATA'
WARNING: Error parsing requirements for filelock: [Errno 2] No such file or directory: '/opt/hpcaas/.mounts/fs-03efe25c053395d1f/beidic/anaconda3/envs/hanshi/lib/python3.9/site-packages/filelock-3.14.0.dist-info/METADATA'
WARNING: Error parsing requirements for fsspec: [Errno 2] No such file or directory: '/opt/hpcaas/.mounts/fs-03efe25c053395d1f/beidic/anaconda3/envs/hanshi/lib/python3.9/site-packages/fsspec-2024.2.0.dist-info/METADATA'
WARNING: Error parsing requirements for triton: [Errno 2] No such file or directory: '/opt/hpcaas/.mounts/fs-03efe25c053395d1f/beidic/anaconda3/envs/hanshi/lib/python3.9/site-packages/triton-2.1.0.dist-info/METADATA'
WARNING: Ignoring invalid distribution - (/opt/hpcaas/.mounts/fs-03efe25c053395d1f/beidic/anaconda3/envs/hanshi/lib/python3.9/site-packages)
ERROR: Could not install packages due to an OSError: [Errno 2] No such file or directory: '/fsx-storygen/beidic/anaconda3/envs/hanshi/lib/python3.9/site-packages/mpmath-1.3.0.dist-info/INSTALLERrsn5edor.tmp'

Error processing line 1 of /fsx-storygen/beidic/anaconda3/envs/hanshi/lib/python3.9/site-packages/distutils-precedence.pth:

  Traceback (most recent call last):
    File "/fsx-storygen/beidic/anaconda3/envs/hanshi/lib/python3.9/site.py", line 177, in addpackage
      exec(line)
    File "<string>", line 1, in <module>
  ModuleNotFoundError: No module named '_distutils_hack'

Remainder of file ignored
Error processing line 1 of /fsx-storygen/beidic/anaconda3/envs/hanshi/lib/python3.9/site-packages/distutils-precedence.pth:

  Traceback (most recent call last):
    File "/fsx-storygen/beidic/anaconda3/envs/hanshi/lib/python3.9/site.py", line 177, in addpackage
      exec(line)
    File "<string>", line 1, in <module>
  ModuleNotFoundError: No module named '_distutils_hack'

Remainder of file ignored
wandb: Currently logged in as: stevenzhou0816100. Use `wandb login --relogin` to force relogin
Error processing line 1 of /fsx-storygen/beidic/anaconda3/envs/hanshi/lib/python3.9/site-packages/distutils-precedence.pth:

  Traceback (most recent call last):
    File "/fsx-storygen/beidic/anaconda3/envs/hanshi/lib/python3.9/site.py", line 177, in addpackage
      exec(line)
    File "<string>", line 1, in <module>
  ModuleNotFoundError: No module named '_distutils_hack'

Remainder of file ignored
Traceback (most recent call last):
  File "/fsx-storygen/beidic/anaconda3/envs/hanshi/bin/huggingface-cli", line 8, in <module>
    sys.exit(main())
  File "/fsx-storygen/beidic/anaconda3/envs/hanshi/lib/python3.9/site-packages/huggingface_hub/commands/huggingface_cli.py", line 51, in main
    service.run()
  File "/fsx-storygen/beidic/anaconda3/envs/hanshi/lib/python3.9/site-packages/huggingface_hub/commands/user.py", line 98, in run
    login(token=self.args.token, add_to_git_credential=self.args.add_to_git_credential)
  File "/fsx-storygen/beidic/anaconda3/envs/hanshi/lib/python3.9/site-packages/huggingface_hub/_login.py", line 111, in login
    _login(token, add_to_git_credential=add_to_git_credential, write_permission=write_permission)
  File "/fsx-storygen/beidic/anaconda3/envs/hanshi/lib/python3.9/site-packages/huggingface_hub/_login.py", line 307, in _login
    raise ValueError("Invalid token passed!")
ValueError: Invalid token passed!
Error processing line 1 of /fsx-storygen/beidic/anaconda3/envs/hanshi/lib/python3.9/site-packages/distutils-precedence.pth:

  Traceback (most recent call last):
    File "/fsx-storygen/beidic/anaconda3/envs/hanshi/lib/python3.9/site.py", line 177, in addpackage
      exec(line)
    File "<string>", line 1, in <module>
  ModuleNotFoundError: No module named '_distutils_hack'

Remainder of file ignored
The following values were not passed to `accelerate launch` and had defaults used instead:
		More than one GPU was found, enabling multi-GPU training.
		If this was unintended please pass in `--num_processes=1`.
	`--mixed_precision` was set to a value of `'no'`
	`--dynamo_backend` was set to a value of `'no'`
To avoid this warning pass in values for each of the problematic parameters or run `accelerate config`.
Error processing line 1 of /fsx-storygen/beidic/anaconda3/envs/hanshi/lib/python3.9/site-packages/distutils-precedence.pth:

Error processing line 1 of /fsx-storygen/beidic/anaconda3/envs/hanshi/lib/python3.9/site-packages/distutils-precedence.pth:

Error processing line 1 of /fsx-storygen/beidic/anaconda3/envs/hanshi/lib/python3.9/site-packages/distutils-precedence.pth:

  Traceback (most recent call last):
    File "/fsx-storygen/beidic/anaconda3/envs/hanshi/lib/python3.9/site.py", line 177, in addpackage
      exec(line)
    File "<string>", line 1, in <module>
  ModuleNotFoundError: No module named '_distutils_hack'

Remainder of file ignored
Error processing line 1 of /fsx-storygen/beidic/anaconda3/envs/hanshi/lib/python3.9/site-packages/distutils-precedence.pth:

  Traceback (most recent call last):
    File "/fsx-storygen/beidic/anaconda3/envs/hanshi/lib/python3.9/site.py", line 177, in addpackage
      exec(line)
    File "<string>", line 1, in <module>
  ModuleNotFoundError: No module named '_distutils_hack'

Remainder of file ignored
Error processing line 1 of /fsx-storygen/beidic/anaconda3/envs/hanshi/lib/python3.9/site-packages/distutils-precedence.pth:

  Traceback (most recent call last):
    File "/fsx-storygen/beidic/anaconda3/envs/hanshi/lib/python3.9/site.py", line 177, in addpackage
      exec(line)
    File "<string>", line 1, in <module>
  ModuleNotFoundError: No module named '_distutils_hack'

Remainder of file ignored
Error processing line 1 of /fsx-storygen/beidic/anaconda3/envs/hanshi/lib/python3.9/site-packages/distutils-precedence.pth:

  Traceback (most recent call last):
    File "/fsx-storygen/beidic/anaconda3/envs/hanshi/lib/python3.9/site.py", line 177, in addpackage
      exec(line)
    File "<string>", line 1, in <module>
  ModuleNotFoundError: No module named '_distutils_hack'

Remainder of file ignored
Error processing line 1 of /fsx-storygen/beidic/anaconda3/envs/hanshi/lib/python3.9/site-packages/distutils-precedence.pth:

  Traceback (most recent call last):
    File "/fsx-storygen/beidic/anaconda3/envs/hanshi/lib/python3.9/site.py", line 177, in addpackage
      exec(line)
    File "<string>", line 1, in <module>
  ModuleNotFoundError: No module named '_distutils_hack'

Remainder of file ignored
Error processing line 1 of /fsx-storygen/beidic/anaconda3/envs/hanshi/lib/python3.9/site-packages/distutils-precedence.pth:

  Traceback (most recent call last):
    File "/fsx-storygen/beidic/anaconda3/envs/hanshi/lib/python3.9/site.py", line 177, in addpackage
      exec(line)
    File "<string>", line 1, in <module>
  ModuleNotFoundError: No module named '_distutils_hack'

Remainder of file ignored
  Traceback (most recent call last):
    File "/fsx-storygen/beidic/anaconda3/envs/hanshi/lib/python3.9/site.py", line 177, in addpackage
      exec(line)
    File "<string>", line 1, in <module>
  ModuleNotFoundError: No module named '_distutils_hack'

Remainder of file ignored
  Traceback (most recent call last):
    File "/fsx-storygen/beidic/anaconda3/envs/hanshi/lib/python3.9/site.py", line 177, in addpackage
      exec(line)
    File "<string>", line 1, in <module>
  ModuleNotFoundError: No module named '_distutils_hack'

Remainder of file ignored
Traceback (most recent call last):
  File "/opt/hpcaas/.mounts/fs-03efe25c053395d1f/beidic/yang/GRIFFIN2/main.py", line 13, in <module>
    from lm_eval import utils
  File "/fsx-storygen/beidic/anaconda3/envs/hanshi/lib/python3.9/site-packages/lm_eval/__init__.py", line 1, in <module>
    from .evaluator import evaluate, simple_evaluate
  File "/fsx-storygen/beidic/anaconda3/envs/hanshi/lib/python3.9/site-packages/lm_eval/evaluator.py", line 13, in <module>
    import lm_eval.models
  File "/fsx-storygen/beidic/anaconda3/envs/hanshi/lib/python3.9/site-packages/lm_eval/models/__init__.py", line 1, in <module>
    from . import (
  File "/fsx-storygen/beidic/anaconda3/envs/hanshi/lib/python3.9/site-packages/lm_eval/models/huggingface.py", line 17, in <module>
    from peft import PeftModel
  File "/fsx-storygen/beidic/anaconda3/envs/hanshi/lib/python3.9/site-packages/peft/__init__.py", line 22, in <module>
    from .auto import (
  File "/fsx-storygen/beidic/anaconda3/envs/hanshi/lib/python3.9/site-packages/peft/auto.py", line 32, in <module>
    from .mapping import MODEL_TYPE_TO_PEFT_MODEL_MAPPING
  File "/fsx-storygen/beidic/anaconda3/envs/hanshi/lib/python3.9/site-packages/peft/mapping.py", line 22, in <module>
    from .mixed_model import PeftMixedModel
  File "/fsx-storygen/beidic/anaconda3/envs/hanshi/lib/python3.9/site-packages/peft/mixed_model.py", line 26, in <module>
    from peft.tuners.mixed import COMPATIBLE_TUNER_TYPES
  File "/fsx-storygen/beidic/anaconda3/envs/hanshi/lib/python3.9/site-packages/peft/tuners/__init__.py", line 26, in <module>
Traceback (most recent call last):
  File "/opt/hpcaas/.mounts/fs-03efe25c053395d1f/beidic/yang/GRIFFIN2/main.py", line 13, in <module>
    from .boft import BOFTConfig, BOFTModel
  File "/fsx-storygen/beidic/anaconda3/envs/hanshi/lib/python3.9/site-packages/peft/tuners/boft/__init__.py", line 16, in <module>
    from lm_eval import utils
  File "/fsx-storygen/beidic/anaconda3/envs/hanshi/lib/python3.9/site-packages/lm_eval/__init__.py", line 1, in <module>
    from .evaluator import evaluate, simple_evaluate
  File "/fsx-storygen/beidic/anaconda3/envs/hanshi/lib/python3.9/site-packages/lm_eval/evaluator.py", line 13, in <module>
    from .layer import BOFTLayer
  File "/fsx-storygen/beidic/anaconda3/envs/hanshi/lib/python3.9/site-packages/peft/tuners/boft/layer.py", line 30, in <module>
    import lm_eval.models
  File "/fsx-storygen/beidic/anaconda3/envs/hanshi/lib/python3.9/site-packages/lm_eval/models/__init__.py", line 1, in <module>
    from torch.utils.cpp_extension import load
  File "/fsx-storygen/beidic/anaconda3/envs/hanshi/lib/python3.9/site-packages/torch/utils/cpp_extension.py", line 28, in <module>
    from . import (
  File "/fsx-storygen/beidic/anaconda3/envs/hanshi/lib/python3.9/site-packages/lm_eval/models/huggingface.py", line 17, in <module>
    from peft import PeftModel
  File "/fsx-storygen/beidic/anaconda3/envs/hanshi/lib/python3.9/site-packages/peft/__init__.py", line 22, in <module>
    from pkg_resources import packaging  # type: ignore[attr-defined]
ModuleNotFoundError: No module named 'pkg_resources'
    from .auto import (
  File "/fsx-storygen/beidic/anaconda3/envs/hanshi/lib/python3.9/site-packages/peft/auto.py", line 32, in <module>
Traceback (most recent call last):
  File "/opt/hpcaas/.mounts/fs-03efe25c053395d1f/beidic/yang/GRIFFIN2/main.py", line 13, in <module>
    from .mapping import MODEL_TYPE_TO_PEFT_MODEL_MAPPING
  File "/fsx-storygen/beidic/anaconda3/envs/hanshi/lib/python3.9/site-packages/peft/mapping.py", line 22, in <module>
    from lm_eval import utils
  File "/fsx-storygen/beidic/anaconda3/envs/hanshi/lib/python3.9/site-packages/lm_eval/__init__.py", line 1, in <module>
    from .mixed_model import PeftMixedModel
  File "/fsx-storygen/beidic/anaconda3/envs/hanshi/lib/python3.9/site-packages/peft/mixed_model.py", line 26, in <module>
Traceback (most recent call last):
  File "/opt/hpcaas/.mounts/fs-03efe25c053395d1f/beidic/yang/GRIFFIN2/main.py", line 13, in <module>
    from .evaluator import evaluate, simple_evaluate
  File "/fsx-storygen/beidic/anaconda3/envs/hanshi/lib/python3.9/site-packages/lm_eval/evaluator.py", line 13, in <module>
    from peft.tuners.mixed import COMPATIBLE_TUNER_TYPES
  File "/fsx-storygen/beidic/anaconda3/envs/hanshi/lib/python3.9/site-packages/peft/tuners/__init__.py", line 26, in <module>
    from lm_eval import utils
  File "/fsx-storygen/beidic/anaconda3/envs/hanshi/lib/python3.9/site-packages/lm_eval/__init__.py", line 1, in <module>
    import lm_eval.models
  File "/fsx-storygen/beidic/anaconda3/envs/hanshi/lib/python3.9/site-packages/lm_eval/models/__init__.py", line 1, in <module>
    from .boft import BOFTConfig, BOFTModel
  File "/fsx-storygen/beidic/anaconda3/envs/hanshi/lib/python3.9/site-packages/peft/tuners/boft/__init__.py", line 16, in <module>
    from .evaluator import evaluate, simple_evaluate
  File "/fsx-storygen/beidic/anaconda3/envs/hanshi/lib/python3.9/site-packages/lm_eval/evaluator.py", line 13, in <module>
    from . import (
  File "/fsx-storygen/beidic/anaconda3/envs/hanshi/lib/python3.9/site-packages/lm_eval/models/huggingface.py", line 17, in <module>
    from .layer import BOFTLayer
  File "/fsx-storygen/beidic/anaconda3/envs/hanshi/lib/python3.9/site-packages/peft/tuners/boft/layer.py", line 30, in <module>
    import lm_eval.models
  File "/fsx-storygen/beidic/anaconda3/envs/hanshi/lib/python3.9/site-packages/lm_eval/models/__init__.py", line 1, in <module>
    from peft import PeftModel
  File "/fsx-storygen/beidic/anaconda3/envs/hanshi/lib/python3.9/site-packages/peft/__init__.py", line 22, in <module>
    from torch.utils.cpp_extension import load
  File "/fsx-storygen/beidic/anaconda3/envs/hanshi/lib/python3.9/site-packages/torch/utils/cpp_extension.py", line 28, in <module>
    from . import (
  File "/fsx-storygen/beidic/anaconda3/envs/hanshi/lib/python3.9/site-packages/lm_eval/models/huggingface.py", line 17, in <module>
    from .auto import (
  File "/fsx-storygen/beidic/anaconda3/envs/hanshi/lib/python3.9/site-packages/peft/auto.py", line 32, in <module>
    from pkg_resources import packaging  # type: ignore[attr-defined]
ModuleNotFoundError: No module named 'pkg_resources'
    from peft import PeftModel
  File "/fsx-storygen/beidic/anaconda3/envs/hanshi/lib/python3.9/site-packages/peft/__init__.py", line 22, in <module>
    from .mapping import MODEL_TYPE_TO_PEFT_MODEL_MAPPING
  File "/fsx-storygen/beidic/anaconda3/envs/hanshi/lib/python3.9/site-packages/peft/mapping.py", line 22, in <module>
    from .auto import (
  File "/fsx-storygen/beidic/anaconda3/envs/hanshi/lib/python3.9/site-packages/peft/auto.py", line 32, in <module>
    from .mixed_model import PeftMixedModel
  File "/fsx-storygen/beidic/anaconda3/envs/hanshi/lib/python3.9/site-packages/peft/mixed_model.py", line 26, in <module>
    from .mapping import MODEL_TYPE_TO_PEFT_MODEL_MAPPING
  File "/fsx-storygen/beidic/anaconda3/envs/hanshi/lib/python3.9/site-packages/peft/mapping.py", line 22, in <module>
    from peft.tuners.mixed import COMPATIBLE_TUNER_TYPES
  File "/fsx-storygen/beidic/anaconda3/envs/hanshi/lib/python3.9/site-packages/peft/tuners/__init__.py", line 26, in <module>
        from .mixed_model import PeftMixedModelfrom .boft import BOFTConfig, BOFTModel

  File "/fsx-storygen/beidic/anaconda3/envs/hanshi/lib/python3.9/site-packages/peft/mixed_model.py", line 26, in <module>
  File "/fsx-storygen/beidic/anaconda3/envs/hanshi/lib/python3.9/site-packages/peft/tuners/boft/__init__.py", line 16, in <module>
        from peft.tuners.mixed import COMPATIBLE_TUNER_TYPESfrom .layer import BOFTLayer

  File "/fsx-storygen/beidic/anaconda3/envs/hanshi/lib/python3.9/site-packages/peft/tuners/__init__.py", line 26, in <module>
  File "/fsx-storygen/beidic/anaconda3/envs/hanshi/lib/python3.9/site-packages/peft/tuners/boft/layer.py", line 30, in <module>
    from .boft import BOFTConfig, BOFTModel
      File "/fsx-storygen/beidic/anaconda3/envs/hanshi/lib/python3.9/site-packages/peft/tuners/boft/__init__.py", line 16, in <module>
from torch.utils.cpp_extension import load
  File "/fsx-storygen/beidic/anaconda3/envs/hanshi/lib/python3.9/site-packages/torch/utils/cpp_extension.py", line 28, in <module>
    from .layer import BOFTLayer
  File "/fsx-storygen/beidic/anaconda3/envs/hanshi/lib/python3.9/site-packages/peft/tuners/boft/layer.py", line 30, in <module>
    from pkg_resources import packaging  # type: ignore[attr-defined]
ModuleNotFoundError: No module named 'pkg_resources'
    from torch.utils.cpp_extension import load
  File "/fsx-storygen/beidic/anaconda3/envs/hanshi/lib/python3.9/site-packages/torch/utils/cpp_extension.py", line 28, in <module>
    from pkg_resources import packaging  # type: ignore[attr-defined]
ModuleNotFoundError: No module named 'pkg_resources'
Traceback (most recent call last):
  File "/opt/hpcaas/.mounts/fs-03efe25c053395d1f/beidic/yang/GRIFFIN2/main.py", line 13, in <module>
    from lm_eval import utils
  File "/fsx-storygen/beidic/anaconda3/envs/hanshi/lib/python3.9/site-packages/lm_eval/__init__.py", line 1, in <module>
    from .evaluator import evaluate, simple_evaluate
  File "/fsx-storygen/beidic/anaconda3/envs/hanshi/lib/python3.9/site-packages/lm_eval/evaluator.py", line 13, in <module>
    import lm_eval.models
  File "/fsx-storygen/beidic/anaconda3/envs/hanshi/lib/python3.9/site-packages/lm_eval/models/__init__.py", line 1, in <module>
    from . import (
  File "/fsx-storygen/beidic/anaconda3/envs/hanshi/lib/python3.9/site-packages/lm_eval/models/huggingface.py", line 17, in <module>
    from peft import PeftModel
  File "/fsx-storygen/beidic/anaconda3/envs/hanshi/lib/python3.9/site-packages/peft/__init__.py", line 22, in <module>
    from .auto import (
  File "/fsx-storygen/beidic/anaconda3/envs/hanshi/lib/python3.9/site-packages/peft/auto.py", line 32, in <module>
    from .mapping import MODEL_TYPE_TO_PEFT_MODEL_MAPPING
  File "/fsx-storygen/beidic/anaconda3/envs/hanshi/lib/python3.9/site-packages/peft/mapping.py", line 22, in <module>
    from .mixed_model import PeftMixedModel
  File "/fsx-storygen/beidic/anaconda3/envs/hanshi/lib/python3.9/site-packages/peft/mixed_model.py", line 26, in <module>
    from peft.tuners.mixed import COMPATIBLE_TUNER_TYPES
  File "/fsx-storygen/beidic/anaconda3/envs/hanshi/lib/python3.9/site-packages/peft/tuners/__init__.py", line 26, in <module>
    from .boft import BOFTConfig, BOFTModel
  File "/fsx-storygen/beidic/anaconda3/envs/hanshi/lib/python3.9/site-packages/peft/tuners/boft/__init__.py", line 16, in <module>
    from .layer import BOFTLayer
  File "/fsx-storygen/beidic/anaconda3/envs/hanshi/lib/python3.9/site-packages/peft/tuners/boft/layer.py", line 30, in <module>
    from torch.utils.cpp_extension import load
  File "/fsx-storygen/beidic/anaconda3/envs/hanshi/lib/python3.9/site-packages/torch/utils/cpp_extension.py", line 28, in <module>
    from pkg_resources import packaging  # type: ignore[attr-defined]
ModuleNotFoundError: No module named 'pkg_resources'
Traceback (most recent call last):
  File "/opt/hpcaas/.mounts/fs-03efe25c053395d1f/beidic/yang/GRIFFIN2/main.py", line 13, in <module>
    from lm_eval import utils
  File "/fsx-storygen/beidic/anaconda3/envs/hanshi/lib/python3.9/site-packages/lm_eval/__init__.py", line 1, in <module>
    from .evaluator import evaluate, simple_evaluate
  File "/fsx-storygen/beidic/anaconda3/envs/hanshi/lib/python3.9/site-packages/lm_eval/evaluator.py", line 13, in <module>
    import lm_eval.models
  File "/fsx-storygen/beidic/anaconda3/envs/hanshi/lib/python3.9/site-packages/lm_eval/models/__init__.py", line 1, in <module>
    from . import (
  File "/fsx-storygen/beidic/anaconda3/envs/hanshi/lib/python3.9/site-packages/lm_eval/models/huggingface.py", line 17, in <module>
    from peft import PeftModel
  File "/fsx-storygen/beidic/anaconda3/envs/hanshi/lib/python3.9/site-packages/peft/__init__.py", line 22, in <module>
    from .auto import (
  File "/fsx-storygen/beidic/anaconda3/envs/hanshi/lib/python3.9/site-packages/peft/auto.py", line 32, in <module>
    from .mapping import MODEL_TYPE_TO_PEFT_MODEL_MAPPING
  File "/fsx-storygen/beidic/anaconda3/envs/hanshi/lib/python3.9/site-packages/peft/mapping.py", line 22, in <module>
    from .mixed_model import PeftMixedModel
  File "/fsx-storygen/beidic/anaconda3/envs/hanshi/lib/python3.9/site-packages/peft/mixed_model.py", line 26, in <module>
    from peft.tuners.mixed import COMPATIBLE_TUNER_TYPES
  File "/fsx-storygen/beidic/anaconda3/envs/hanshi/lib/python3.9/site-packages/peft/tuners/__init__.py", line 26, in <module>
    from .boft import BOFTConfig, BOFTModel
  File "/fsx-storygen/beidic/anaconda3/envs/hanshi/lib/python3.9/site-packages/peft/tuners/boft/__init__.py", line 16, in <module>
    from .layer import BOFTLayer
  File "/fsx-storygen/beidic/anaconda3/envs/hanshi/lib/python3.9/site-packages/peft/tuners/boft/layer.py", line 30, in <module>
    from torch.utils.cpp_extension import load
  File "/fsx-storygen/beidic/anaconda3/envs/hanshi/lib/python3.9/site-packages/torch/utils/cpp_extension.py", line 28, in <module>
    from pkg_resources import packaging  # type: ignore[attr-defined]
ModuleNotFoundError: No module named 'pkg_resources'
Traceback (most recent call last):
  File "/opt/hpcaas/.mounts/fs-03efe25c053395d1f/beidic/yang/GRIFFIN2/main.py", line 13, in <module>
Traceback (most recent call last):
  File "/opt/hpcaas/.mounts/fs-03efe25c053395d1f/beidic/yang/GRIFFIN2/main.py", line 13, in <module>
    from lm_eval import utils
  File "/fsx-storygen/beidic/anaconda3/envs/hanshi/lib/python3.9/site-packages/lm_eval/__init__.py", line 1, in <module>
    from lm_eval import utils
  File "/fsx-storygen/beidic/anaconda3/envs/hanshi/lib/python3.9/site-packages/lm_eval/__init__.py", line 1, in <module>
    from .evaluator import evaluate, simple_evaluate
  File "/fsx-storygen/beidic/anaconda3/envs/hanshi/lib/python3.9/site-packages/lm_eval/evaluator.py", line 13, in <module>
    from .evaluator import evaluate, simple_evaluate
  File "/fsx-storygen/beidic/anaconda3/envs/hanshi/lib/python3.9/site-packages/lm_eval/evaluator.py", line 13, in <module>
    import lm_eval.models
  File "/fsx-storygen/beidic/anaconda3/envs/hanshi/lib/python3.9/site-packages/lm_eval/models/__init__.py", line 1, in <module>
    import lm_eval.models
  File "/fsx-storygen/beidic/anaconda3/envs/hanshi/lib/python3.9/site-packages/lm_eval/models/__init__.py", line 1, in <module>
    from . import (
  File "/fsx-storygen/beidic/anaconda3/envs/hanshi/lib/python3.9/site-packages/lm_eval/models/huggingface.py", line 17, in <module>
    from . import (
  File "/fsx-storygen/beidic/anaconda3/envs/hanshi/lib/python3.9/site-packages/lm_eval/models/huggingface.py", line 17, in <module>
    from peft import PeftModel
  File "/fsx-storygen/beidic/anaconda3/envs/hanshi/lib/python3.9/site-packages/peft/__init__.py", line 22, in <module>
    from peft import PeftModel
  File "/fsx-storygen/beidic/anaconda3/envs/hanshi/lib/python3.9/site-packages/peft/__init__.py", line 22, in <module>
    from .auto import (
  File "/fsx-storygen/beidic/anaconda3/envs/hanshi/lib/python3.9/site-packages/peft/auto.py", line 32, in <module>
    from .auto import (
  File "/fsx-storygen/beidic/anaconda3/envs/hanshi/lib/python3.9/site-packages/peft/auto.py", line 32, in <module>
    from .mapping import MODEL_TYPE_TO_PEFT_MODEL_MAPPING
  File "/fsx-storygen/beidic/anaconda3/envs/hanshi/lib/python3.9/site-packages/peft/mapping.py", line 22, in <module>
    from .mapping import MODEL_TYPE_TO_PEFT_MODEL_MAPPING
  File "/fsx-storygen/beidic/anaconda3/envs/hanshi/lib/python3.9/site-packages/peft/mapping.py", line 22, in <module>
    from .mixed_model import PeftMixedModel
  File "/fsx-storygen/beidic/anaconda3/envs/hanshi/lib/python3.9/site-packages/peft/mixed_model.py", line 26, in <module>
    from .mixed_model import PeftMixedModel
  File "/fsx-storygen/beidic/anaconda3/envs/hanshi/lib/python3.9/site-packages/peft/mixed_model.py", line 26, in <module>
    from peft.tuners.mixed import COMPATIBLE_TUNER_TYPES
  File "/fsx-storygen/beidic/anaconda3/envs/hanshi/lib/python3.9/site-packages/peft/tuners/__init__.py", line 26, in <module>
    from peft.tuners.mixed import COMPATIBLE_TUNER_TYPES
  File "/fsx-storygen/beidic/anaconda3/envs/hanshi/lib/python3.9/site-packages/peft/tuners/__init__.py", line 26, in <module>
    from .boft import BOFTConfig, BOFTModel
  File "/fsx-storygen/beidic/anaconda3/envs/hanshi/lib/python3.9/site-packages/peft/tuners/boft/__init__.py", line 16, in <module>
    from .boft import BOFTConfig, BOFTModel
  File "/fsx-storygen/beidic/anaconda3/envs/hanshi/lib/python3.9/site-packages/peft/tuners/boft/__init__.py", line 16, in <module>
    from .layer import BOFTLayer
  File "/fsx-storygen/beidic/anaconda3/envs/hanshi/lib/python3.9/site-packages/peft/tuners/boft/layer.py", line 30, in <module>
    from .layer import BOFTLayer
  File "/fsx-storygen/beidic/anaconda3/envs/hanshi/lib/python3.9/site-packages/peft/tuners/boft/layer.py", line 30, in <module>
    from torch.utils.cpp_extension import load
  File "/fsx-storygen/beidic/anaconda3/envs/hanshi/lib/python3.9/site-packages/torch/utils/cpp_extension.py", line 28, in <module>
    from torch.utils.cpp_extension import load
  File "/fsx-storygen/beidic/anaconda3/envs/hanshi/lib/python3.9/site-packages/torch/utils/cpp_extension.py", line 28, in <module>
    from pkg_resources import packaging  # type: ignore[attr-defined]
ModuleNotFoundError: No module named 'pkg_resources'
    from pkg_resources import packaging  # type: ignore[attr-defined]
ModuleNotFoundError: No module named 'pkg_resources'
[2024-07-01 22:23:13,461] torch.distributed.elastic.multiprocessing.api: [ERROR] failed (exitcode: 1) local_rank: 0 (pid: 2037484) of binary: /fsx-storygen/beidic/anaconda3/envs/hanshi/bin/python3.9
Traceback (most recent call last):
  File "/fsx-storygen/beidic/anaconda3/envs/hanshi/bin/accelerate", line 8, in <module>
    sys.exit(main())
  File "/fsx-storygen/beidic/anaconda3/envs/hanshi/lib/python3.9/site-packages/accelerate/commands/accelerate_cli.py", line 47, in main
    args.func(args)
  File "/fsx-storygen/beidic/anaconda3/envs/hanshi/lib/python3.9/site-packages/accelerate/commands/launch.py", line 1014, in launch_command
    multi_gpu_launcher(args)
  File "/fsx-storygen/beidic/anaconda3/envs/hanshi/lib/python3.9/site-packages/accelerate/commands/launch.py", line 672, in multi_gpu_launcher
    distrib_run.run(args)
  File "/fsx-storygen/beidic/anaconda3/envs/hanshi/lib/python3.9/site-packages/torch/distributed/run.py", line 797, in run
  File "/fsx-storygen/beidic/anaconda3/envs/hanshi/lib/python3.9/site-packages/torch/distributed/launcher/api.py", line 134, in __call__
  File "/fsx-storygen/beidic/anaconda3/envs/hanshi/lib/python3.9/site-packages/torch/distributed/launcher/api.py", line 264, in launch_agent
torch.distributed.elastic.multiprocessing.errors.ChildFailedError: 
============================================================
main.py FAILED
------------------------------------------------------------
Failures:
[1]:
  time      : 2024-07-01_22:23:13
  host      : a100-st-p4de24xlarge-1015.fair-a100.hpcaas
  rank      : 1 (local_rank: 1)
  exitcode  : 1 (pid: 2037485)
  error_file: <N/A>
  traceback : To enable traceback see: https://pytorch.org/docs/stable/elastic/errors.html
[2]:
  time      : 2024-07-01_22:23:13
  host      : a100-st-p4de24xlarge-1015.fair-a100.hpcaas
  rank      : 2 (local_rank: 2)
  exitcode  : 1 (pid: 2037486)
  error_file: <N/A>
  traceback : To enable traceback see: https://pytorch.org/docs/stable/elastic/errors.html
[3]:
  time      : 2024-07-01_22:23:13
  host      : a100-st-p4de24xlarge-1015.fair-a100.hpcaas
  rank      : 3 (local_rank: 3)
  exitcode  : 1 (pid: 2037487)
  error_file: <N/A>
  traceback : To enable traceback see: https://pytorch.org/docs/stable/elastic/errors.html
[4]:
  time      : 2024-07-01_22:23:13
  host      : a100-st-p4de24xlarge-1015.fair-a100.hpcaas
  rank      : 4 (local_rank: 4)
  exitcode  : 1 (pid: 2037488)
  error_file: <N/A>
  traceback : To enable traceback see: https://pytorch.org/docs/stable/elastic/errors.html
[5]:
  time      : 2024-07-01_22:23:13
  host      : a100-st-p4de24xlarge-1015.fair-a100.hpcaas
  rank      : 5 (local_rank: 5)
  exitcode  : 1 (pid: 2037489)
  error_file: <N/A>
  traceback : To enable traceback see: https://pytorch.org/docs/stable/elastic/errors.html
[6]:
  time      : 2024-07-01_22:23:13
  host      : a100-st-p4de24xlarge-1015.fair-a100.hpcaas
  rank      : 6 (local_rank: 6)
  exitcode  : 1 (pid: 2037490)
  error_file: <N/A>
  traceback : To enable traceback see: https://pytorch.org/docs/stable/elastic/errors.html
[7]:
  time      : 2024-07-01_22:23:13
  host      : a100-st-p4de24xlarge-1015.fair-a100.hpcaas
  rank      : 7 (local_rank: 7)
  exitcode  : 1 (pid: 2037491)
  error_file: <N/A>
  traceback : To enable traceback see: https://pytorch.org/docs/stable/elastic/errors.html
------------------------------------------------------------
Root Cause (first observed failure):
[0]:
  time      : 2024-07-01_22:23:13
  host      : a100-st-p4de24xlarge-1015.fair-a100.hpcaas
  rank      : 0 (local_rank: 0)
  exitcode  : 1 (pid: 2037484)
  error_file: <N/A>
  traceback : To enable traceback see: https://pytorch.org/docs/stable/elastic/errors.html
============================================================
