Already on 'yangexp2two'
From github.com:Infini-AI-Lab/GRIFFIN2
   e878725..79fe226  yangexp2two -> origin/yangexp2two
wandb: Currently logged in as: stevenzhou0816100. Use `wandb login --relogin` to force relogin
The following values were not passed to `accelerate launch` and had defaults used instead:
		More than one GPU was found, enabling multi-GPU training.
		If this was unintended please pass in `--num_processes=1`.
	`--num_machines` was set to a value of `1`
	`--mixed_precision` was set to a value of `'no'`
	`--dynamo_backend` was set to a value of `'no'`
To avoid this warning pass in values for each of the problematic parameters or run `accelerate config`.
/fsx-storygen/beidic/anaconda3/envs/hanshi/bin/python3.9: can't open file '/opt/hpcaas/.mounts/fs-03efe25c053395d1f/beidic/yang/GRIFFIN2/python': [Errno 2] No such file or directory
/fsx-storygen/beidic/anaconda3/envs/hanshi/bin/python3.9: can't open file '/opt/hpcaas/.mounts/fs-03efe25c053395d1f/beidic/yang/GRIFFIN2/python': [Errno 2] No such file or directory
/fsx-storygen/beidic/anaconda3/envs/hanshi/bin/python3.9: can't open file '/opt/hpcaas/.mounts/fs-03efe25c053395d1f/beidic/yang/GRIFFIN2/python': [Errno 2] No such file or directory
/fsx-storygen/beidic/anaconda3/envs/hanshi/bin/python3.9: can't open file '/opt/hpcaas/.mounts/fs-03efe25c053395d1f/beidic/yang/GRIFFIN2/python': [Errno 2] No such file or directory
/fsx-storygen/beidic/anaconda3/envs/hanshi/bin/python3.9: can't open file '/opt/hpcaas/.mounts/fs-03efe25c053395d1f/beidic/yang/GRIFFIN2/python': [Errno 2] No such file or directory
/fsx-storygen/beidic/anaconda3/envs/hanshi/bin/python3.9: can't open file '/opt/hpcaas/.mounts/fs-03efe25c053395d1f/beidic/yang/GRIFFIN2/python': [Errno 2] No such file or directory
/fsx-storygen/beidic/anaconda3/envs/hanshi/bin/python3.9: can't open file '/opt/hpcaas/.mounts/fs-03efe25c053395d1f/beidic/yang/GRIFFIN2/python': [Errno 2] No such file or directory
/fsx-storygen/beidic/anaconda3/envs/hanshi/bin/python3.9: can't open file '/opt/hpcaas/.mounts/fs-03efe25c053395d1f/beidic/yang/GRIFFIN2/python': [Errno 2] No such file or directory
[2024-06-20 12:41:23,059] torch.distributed.elastic.multiprocessing.api: [ERROR] failed (exitcode: 2) local_rank: 0 (pid: 3934470) of binary: /fsx-storygen/beidic/anaconda3/envs/hanshi/bin/python3.9
Traceback (most recent call last):
  File "/fsx-storygen/beidic/anaconda3/envs/hanshi/bin/accelerate", line 8, in <module>
    sys.exit(main())
  File "/fsx-storygen/beidic/anaconda3/envs/hanshi/lib/python3.9/site-packages/accelerate/commands/accelerate_cli.py", line 47, in main
    args.func(args)
  File "/fsx-storygen/beidic/anaconda3/envs/hanshi/lib/python3.9/site-packages/accelerate/commands/launch.py", line 1014, in launch_command
    multi_gpu_launcher(args)
  File "/fsx-storygen/beidic/anaconda3/envs/hanshi/lib/python3.9/site-packages/accelerate/commands/launch.py", line 672, in multi_gpu_launcher
    distrib_run.run(args)
  File "/fsx-storygen/beidic/anaconda3/envs/hanshi/lib/python3.9/site-packages/torch/distributed/run.py", line 797, in run
    elastic_launch(
  File "/fsx-storygen/beidic/anaconda3/envs/hanshi/lib/python3.9/site-packages/torch/distributed/launcher/api.py", line 134, in __call__
    return launch_agent(self._config, self._entrypoint, list(args))
  File "/fsx-storygen/beidic/anaconda3/envs/hanshi/lib/python3.9/site-packages/torch/distributed/launcher/api.py", line 264, in launch_agent
    raise ChildFailedError(
torch.distributed.elastic.multiprocessing.errors.ChildFailedError: 
============================================================
python FAILED
------------------------------------------------------------
Failures:
[1]:
  time      : 2024-06-20_12:41:23
  host      : a100-st-p4de24xlarge-905.fair-a100.hpcaas
  rank      : 1 (local_rank: 1)
  exitcode  : 2 (pid: 3934471)
  error_file: <N/A>
  traceback : To enable traceback see: https://pytorch.org/docs/stable/elastic/errors.html
[2]:
  time      : 2024-06-20_12:41:23
  host      : a100-st-p4de24xlarge-905.fair-a100.hpcaas
  rank      : 2 (local_rank: 2)
  exitcode  : 2 (pid: 3934472)
  error_file: <N/A>
  traceback : To enable traceback see: https://pytorch.org/docs/stable/elastic/errors.html
[3]:
  time      : 2024-06-20_12:41:23
  host      : a100-st-p4de24xlarge-905.fair-a100.hpcaas
  rank      : 3 (local_rank: 3)
  exitcode  : 2 (pid: 3934473)
  error_file: <N/A>
  traceback : To enable traceback see: https://pytorch.org/docs/stable/elastic/errors.html
[4]:
  time      : 2024-06-20_12:41:23
  host      : a100-st-p4de24xlarge-905.fair-a100.hpcaas
  rank      : 4 (local_rank: 4)
  exitcode  : 2 (pid: 3934474)
  error_file: <N/A>
  traceback : To enable traceback see: https://pytorch.org/docs/stable/elastic/errors.html
[5]:
  time      : 2024-06-20_12:41:23
  host      : a100-st-p4de24xlarge-905.fair-a100.hpcaas
  rank      : 5 (local_rank: 5)
  exitcode  : 2 (pid: 3934475)
  error_file: <N/A>
  traceback : To enable traceback see: https://pytorch.org/docs/stable/elastic/errors.html
[6]:
  time      : 2024-06-20_12:41:23
  host      : a100-st-p4de24xlarge-905.fair-a100.hpcaas
  rank      : 6 (local_rank: 6)
  exitcode  : 2 (pid: 3934476)
  error_file: <N/A>
  traceback : To enable traceback see: https://pytorch.org/docs/stable/elastic/errors.html
[7]:
  time      : 2024-06-20_12:41:23
  host      : a100-st-p4de24xlarge-905.fair-a100.hpcaas
  rank      : 7 (local_rank: 7)
  exitcode  : 2 (pid: 3934477)
  error_file: <N/A>
  traceback : To enable traceback see: https://pytorch.org/docs/stable/elastic/errors.html
------------------------------------------------------------
Root Cause (first observed failure):
[0]:
  time      : 2024-06-20_12:41:23
  host      : a100-st-p4de24xlarge-905.fair-a100.hpcaas
  rank      : 0 (local_rank: 0)
  exitcode  : 2 (pid: 3934470)
  error_file: <N/A>
  traceback : To enable traceback see: https://pytorch.org/docs/stable/elastic/errors.html
============================================================
The following values were not passed to `accelerate launch` and had defaults used instead:
		More than one GPU was found, enabling multi-GPU training.
		If this was unintended please pass in `--num_processes=1`.
	`--num_machines` was set to a value of `1`
	`--mixed_precision` was set to a value of `'no'`
	`--dynamo_backend` was set to a value of `'no'`
To avoid this warning pass in values for each of the problematic parameters or run `accelerate config`.
/fsx-storygen/beidic/anaconda3/envs/hanshi/bin/python3.9: can't open file '/opt/hpcaas/.mounts/fs-03efe25c053395d1f/beidic/yang/GRIFFIN2/python': [Errno 2] No such file or directory
/fsx-storygen/beidic/anaconda3/envs/hanshi/bin/python3.9: can't open file '/opt/hpcaas/.mounts/fs-03efe25c053395d1f/beidic/yang/GRIFFIN2/python': [Errno 2] No such file or directory
/fsx-storygen/beidic/anaconda3/envs/hanshi/bin/python3.9: can't open file '/opt/hpcaas/.mounts/fs-03efe25c053395d1f/beidic/yang/GRIFFIN2/python': [Errno 2] No such file or directory
/fsx-storygen/beidic/anaconda3/envs/hanshi/bin/python3.9: can't open file '/opt/hpcaas/.mounts/fs-03efe25c053395d1f/beidic/yang/GRIFFIN2/python': [Errno 2] No such file or directory
/fsx-storygen/beidic/anaconda3/envs/hanshi/bin/python3.9: can't open file '/opt/hpcaas/.mounts/fs-03efe25c053395d1f/beidic/yang/GRIFFIN2/python': [Errno 2] No such file or directory
/fsx-storygen/beidic/anaconda3/envs/hanshi/bin/python3.9: can't open file '/opt/hpcaas/.mounts/fs-03efe25c053395d1f/beidic/yang/GRIFFIN2/python': [Errno 2] No such file or directory
/fsx-storygen/beidic/anaconda3/envs/hanshi/bin/python3.9: can't open file '/opt/hpcaas/.mounts/fs-03efe25c053395d1f/beidic/yang/GRIFFIN2/python': [Errno 2] No such file or directory
/fsx-storygen/beidic/anaconda3/envs/hanshi/bin/python3.9: can't open file '/opt/hpcaas/.mounts/fs-03efe25c053395d1f/beidic/yang/GRIFFIN2/python': [Errno 2] No such file or directory
[2024-06-20 12:41:32,970] torch.distributed.elastic.multiprocessing.api: [ERROR] failed (exitcode: 2) local_rank: 0 (pid: 3934945) of binary: /fsx-storygen/beidic/anaconda3/envs/hanshi/bin/python3.9
Traceback (most recent call last):
  File "/fsx-storygen/beidic/anaconda3/envs/hanshi/bin/accelerate", line 8, in <module>
    sys.exit(main())
  File "/fsx-storygen/beidic/anaconda3/envs/hanshi/lib/python3.9/site-packages/accelerate/commands/accelerate_cli.py", line 47, in main
    args.func(args)
  File "/fsx-storygen/beidic/anaconda3/envs/hanshi/lib/python3.9/site-packages/accelerate/commands/launch.py", line 1014, in launch_command
    multi_gpu_launcher(args)
  File "/fsx-storygen/beidic/anaconda3/envs/hanshi/lib/python3.9/site-packages/accelerate/commands/launch.py", line 672, in multi_gpu_launcher
    distrib_run.run(args)
  File "/fsx-storygen/beidic/anaconda3/envs/hanshi/lib/python3.9/site-packages/torch/distributed/run.py", line 797, in run
    elastic_launch(
  File "/fsx-storygen/beidic/anaconda3/envs/hanshi/lib/python3.9/site-packages/torch/distributed/launcher/api.py", line 134, in __call__
    return launch_agent(self._config, self._entrypoint, list(args))
  File "/fsx-storygen/beidic/anaconda3/envs/hanshi/lib/python3.9/site-packages/torch/distributed/launcher/api.py", line 264, in launch_agent
    raise ChildFailedError(
torch.distributed.elastic.multiprocessing.errors.ChildFailedError: 
============================================================
python FAILED
------------------------------------------------------------
Failures:
[1]:
  time      : 2024-06-20_12:41:32
  host      : a100-st-p4de24xlarge-905.fair-a100.hpcaas
  rank      : 1 (local_rank: 1)
  exitcode  : 2 (pid: 3934946)
  error_file: <N/A>
  traceback : To enable traceback see: https://pytorch.org/docs/stable/elastic/errors.html
[2]:
  time      : 2024-06-20_12:41:32
  host      : a100-st-p4de24xlarge-905.fair-a100.hpcaas
  rank      : 2 (local_rank: 2)
  exitcode  : 2 (pid: 3934947)
  error_file: <N/A>
  traceback : To enable traceback see: https://pytorch.org/docs/stable/elastic/errors.html
[3]:
  time      : 2024-06-20_12:41:32
  host      : a100-st-p4de24xlarge-905.fair-a100.hpcaas
  rank      : 3 (local_rank: 3)
  exitcode  : 2 (pid: 3934948)
  error_file: <N/A>
  traceback : To enable traceback see: https://pytorch.org/docs/stable/elastic/errors.html
[4]:
  time      : 2024-06-20_12:41:32
  host      : a100-st-p4de24xlarge-905.fair-a100.hpcaas
  rank      : 4 (local_rank: 4)
  exitcode  : 2 (pid: 3934949)
  error_file: <N/A>
  traceback : To enable traceback see: https://pytorch.org/docs/stable/elastic/errors.html
[5]:
  time      : 2024-06-20_12:41:32
  host      : a100-st-p4de24xlarge-905.fair-a100.hpcaas
  rank      : 5 (local_rank: 5)
  exitcode  : 2 (pid: 3934950)
  error_file: <N/A>
  traceback : To enable traceback see: https://pytorch.org/docs/stable/elastic/errors.html
[6]:
  time      : 2024-06-20_12:41:32
  host      : a100-st-p4de24xlarge-905.fair-a100.hpcaas
  rank      : 6 (local_rank: 6)
  exitcode  : 2 (pid: 3934951)
  error_file: <N/A>
  traceback : To enable traceback see: https://pytorch.org/docs/stable/elastic/errors.html
[7]:
  time      : 2024-06-20_12:41:32
  host      : a100-st-p4de24xlarge-905.fair-a100.hpcaas
  rank      : 7 (local_rank: 7)
  exitcode  : 2 (pid: 3934952)
  error_file: <N/A>
  traceback : To enable traceback see: https://pytorch.org/docs/stable/elastic/errors.html
------------------------------------------------------------
Root Cause (first observed failure):
[0]:
  time      : 2024-06-20_12:41:32
  host      : a100-st-p4de24xlarge-905.fair-a100.hpcaas
  rank      : 0 (local_rank: 0)
  exitcode  : 2 (pid: 3934945)
  error_file: <N/A>
  traceback : To enable traceback see: https://pytorch.org/docs/stable/elastic/errors.html
============================================================
The following values were not passed to `accelerate launch` and had defaults used instead:
		More than one GPU was found, enabling multi-GPU training.
		If this was unintended please pass in `--num_processes=1`.
	`--num_machines` was set to a value of `1`
	`--mixed_precision` was set to a value of `'no'`
	`--dynamo_backend` was set to a value of `'no'`
To avoid this warning pass in values for each of the problematic parameters or run `accelerate config`.
/fsx-storygen/beidic/anaconda3/envs/hanshi/bin/python3.9: can't open file '/opt/hpcaas/.mounts/fs-03efe25c053395d1f/beidic/yang/GRIFFIN2/python': [Errno 2] No such file or directory
/fsx-storygen/beidic/anaconda3/envs/hanshi/bin/python3.9: can't open file '/opt/hpcaas/.mounts/fs-03efe25c053395d1f/beidic/yang/GRIFFIN2/python': [Errno 2] No such file or directory
/fsx-storygen/beidic/anaconda3/envs/hanshi/bin/python3.9: can't open file '/opt/hpcaas/.mounts/fs-03efe25c053395d1f/beidic/yang/GRIFFIN2/python': [Errno 2] No such file or directory
/fsx-storygen/beidic/anaconda3/envs/hanshi/bin/python3.9: can't open file '/opt/hpcaas/.mounts/fs-03efe25c053395d1f/beidic/yang/GRIFFIN2/python': [Errno 2] No such file or directory
/fsx-storygen/beidic/anaconda3/envs/hanshi/bin/python3.9: can't open file '/opt/hpcaas/.mounts/fs-03efe25c053395d1f/beidic/yang/GRIFFIN2/python': [Errno 2] No such file or directory
/fsx-storygen/beidic/anaconda3/envs/hanshi/bin/python3.9: can't open file '/opt/hpcaas/.mounts/fs-03efe25c053395d1f/beidic/yang/GRIFFIN2/python': [Errno 2] No such file or directory
/fsx-storygen/beidic/anaconda3/envs/hanshi/bin/python3.9: can't open file '/opt/hpcaas/.mounts/fs-03efe25c053395d1f/beidic/yang/GRIFFIN2/python': [Errno 2] No such file or directory
/fsx-storygen/beidic/anaconda3/envs/hanshi/bin/python3.9: can't open file '/opt/hpcaas/.mounts/fs-03efe25c053395d1f/beidic/yang/GRIFFIN2/python': [Errno 2] No such file or directory
[2024-06-20 12:41:43,080] torch.distributed.elastic.multiprocessing.api: [ERROR] failed (exitcode: 2) local_rank: 0 (pid: 3935000) of binary: /fsx-storygen/beidic/anaconda3/envs/hanshi/bin/python3.9
Traceback (most recent call last):
  File "/fsx-storygen/beidic/anaconda3/envs/hanshi/bin/accelerate", line 8, in <module>
    sys.exit(main())
  File "/fsx-storygen/beidic/anaconda3/envs/hanshi/lib/python3.9/site-packages/accelerate/commands/accelerate_cli.py", line 47, in main
    args.func(args)
  File "/fsx-storygen/beidic/anaconda3/envs/hanshi/lib/python3.9/site-packages/accelerate/commands/launch.py", line 1014, in launch_command
    multi_gpu_launcher(args)
  File "/fsx-storygen/beidic/anaconda3/envs/hanshi/lib/python3.9/site-packages/accelerate/commands/launch.py", line 672, in multi_gpu_launcher
    distrib_run.run(args)
  File "/fsx-storygen/beidic/anaconda3/envs/hanshi/lib/python3.9/site-packages/torch/distributed/run.py", line 797, in run
    elastic_launch(
  File "/fsx-storygen/beidic/anaconda3/envs/hanshi/lib/python3.9/site-packages/torch/distributed/launcher/api.py", line 134, in __call__
    return launch_agent(self._config, self._entrypoint, list(args))
  File "/fsx-storygen/beidic/anaconda3/envs/hanshi/lib/python3.9/site-packages/torch/distributed/launcher/api.py", line 264, in launch_agent
    raise ChildFailedError(
torch.distributed.elastic.multiprocessing.errors.ChildFailedError: 
============================================================
python FAILED
------------------------------------------------------------
Failures:
[1]:
  time      : 2024-06-20_12:41:43
  host      : a100-st-p4de24xlarge-905.fair-a100.hpcaas
  rank      : 1 (local_rank: 1)
  exitcode  : 2 (pid: 3935001)
  error_file: <N/A>
  traceback : To enable traceback see: https://pytorch.org/docs/stable/elastic/errors.html
[2]:
  time      : 2024-06-20_12:41:43
  host      : a100-st-p4de24xlarge-905.fair-a100.hpcaas
  rank      : 2 (local_rank: 2)
  exitcode  : 2 (pid: 3935002)
  error_file: <N/A>
  traceback : To enable traceback see: https://pytorch.org/docs/stable/elastic/errors.html
[3]:
  time      : 2024-06-20_12:41:43
  host      : a100-st-p4de24xlarge-905.fair-a100.hpcaas
  rank      : 3 (local_rank: 3)
  exitcode  : 2 (pid: 3935003)
  error_file: <N/A>
  traceback : To enable traceback see: https://pytorch.org/docs/stable/elastic/errors.html
[4]:
  time      : 2024-06-20_12:41:43
  host      : a100-st-p4de24xlarge-905.fair-a100.hpcaas
  rank      : 4 (local_rank: 4)
  exitcode  : 2 (pid: 3935004)
  error_file: <N/A>
  traceback : To enable traceback see: https://pytorch.org/docs/stable/elastic/errors.html
[5]:
  time      : 2024-06-20_12:41:43
  host      : a100-st-p4de24xlarge-905.fair-a100.hpcaas
  rank      : 5 (local_rank: 5)
  exitcode  : 2 (pid: 3935005)
  error_file: <N/A>
  traceback : To enable traceback see: https://pytorch.org/docs/stable/elastic/errors.html
[6]:
  time      : 2024-06-20_12:41:43
  host      : a100-st-p4de24xlarge-905.fair-a100.hpcaas
  rank      : 6 (local_rank: 6)
  exitcode  : 2 (pid: 3935006)
  error_file: <N/A>
  traceback : To enable traceback see: https://pytorch.org/docs/stable/elastic/errors.html
[7]:
  time      : 2024-06-20_12:41:43
  host      : a100-st-p4de24xlarge-905.fair-a100.hpcaas
  rank      : 7 (local_rank: 7)
  exitcode  : 2 (pid: 3935007)
  error_file: <N/A>
  traceback : To enable traceback see: https://pytorch.org/docs/stable/elastic/errors.html
------------------------------------------------------------
Root Cause (first observed failure):
[0]:
  time      : 2024-06-20_12:41:43
  host      : a100-st-p4de24xlarge-905.fair-a100.hpcaas
  rank      : 0 (local_rank: 0)
  exitcode  : 2 (pid: 3935000)
  error_file: <N/A>
  traceback : To enable traceback see: https://pytorch.org/docs/stable/elastic/errors.html
============================================================
