fatal: Unable to create '/fsx-storygen/beidic/yang/GRIFFIN2/.git/index.lock': File exists.

Another git process seems to be running in this repository, e.g.
an editor opened by 'git commit'. Please make sure all processes
are terminated then try again. If it still fails, a git process
may have crashed in this repository earlier:
remove the file manually to continue.
ERROR: Could not install packages due to an OSError: [Errno 2] No such file or directory: '/opt/hpcaas/.mounts/fs-03efe25c053395d1f/beidic/anaconda3/envs/hanshi/lib/python3.9/site-packages/_distutils_hack/'

WARNING: Ignoring invalid distribution -etuptools (/opt/hpcaas/.mounts/fs-03efe25c053395d1f/beidic/anaconda3/envs/hanshi/lib/python3.9/site-packages)
WARNING: Error parsing requirements for packaging: [Errno 2] No such file or directory: '/opt/hpcaas/.mounts/fs-03efe25c053395d1f/beidic/anaconda3/envs/hanshi/lib/python3.9/site-packages/packaging-24.0.dist-info/METADATA'
WARNING: Ignoring invalid distribution -etuptools (/opt/hpcaas/.mounts/fs-03efe25c053395d1f/beidic/anaconda3/envs/hanshi/lib/python3.9/site-packages)
ERROR: Could not install packages due to an OSError: [Errno 2] No such file or directory: '/opt/hpcaas/.mounts/fs-03efe25c053395d1f/beidic/anaconda3/envs/hanshi/lib/python3.9/site-packages/mpmath-1.3.0.dist-info/'

wandb: Currently logged in as: stevenzhou0816100. Use `wandb login --relogin` to force relogin
Traceback (most recent call last):
  File "/fsx-storygen/beidic/anaconda3/envs/hanshi/bin/accelerate", line 5, in <module>
    from accelerate.commands.accelerate_cli import main
  File "/fsx-storygen/beidic/anaconda3/envs/hanshi/lib/python3.9/site-packages/accelerate/__init__.py", line 3, in <module>
    from .accelerator import Accelerator
  File "/fsx-storygen/beidic/anaconda3/envs/hanshi/lib/python3.9/site-packages/accelerate/accelerator.py", line 32, in <module>
    import torch
  File "/fsx-storygen/beidic/anaconda3/envs/hanshi/lib/python3.9/site-packages/torch/__init__.py", line 1504, in <module>
    from . import masked
  File "/fsx-storygen/beidic/anaconda3/envs/hanshi/lib/python3.9/site-packages/torch/masked/__init__.py", line 3, in <module>
    from ._ops import (
  File "/fsx-storygen/beidic/anaconda3/envs/hanshi/lib/python3.9/site-packages/torch/masked/_ops.py", line 11, in <module>
    from torch._prims_common import corresponding_real_dtype
  File "/fsx-storygen/beidic/anaconda3/envs/hanshi/lib/python3.9/site-packages/torch/_prims_common/__init__.py", line 23, in <module>
    import sympy
  File "/fsx-storygen/beidic/anaconda3/envs/hanshi/lib/python3.9/site-packages/sympy/__init__.py", line 30, in <module>
    from sympy.core.cache import lazy_function
  File "/fsx-storygen/beidic/anaconda3/envs/hanshi/lib/python3.9/site-packages/sympy/core/__init__.py", line 4, in <module>
    from .sympify import sympify, SympifyError
  File "/fsx-storygen/beidic/anaconda3/envs/hanshi/lib/python3.9/site-packages/sympy/core/sympify.py", line 10, in <module>
    from sympy.core.random import choice
  File "/fsx-storygen/beidic/anaconda3/envs/hanshi/lib/python3.9/site-packages/sympy/core/random.py", line 25, in <module>
    from sympy.utilities.iterables import is_sequence
ModuleNotFoundError: No module named 'sympy.utilities'
