Already on 'addinggriffin'
error: Your local changes to the following files would be overwritten by merge:
	.DS_Store
Please commit your changes or stash them before you merge.
Aborting
error: Your local changes to the following files would be overwritten by merge:
	.DS_Store
Please commit your changes or stash them before you merge.
Aborting
wandb: Currently logged in as: stevenzhou0816100. Use `wandb login --relogin` to force relogin
The following values were not passed to `accelerate launch` and had defaults used instead:
		More than one GPU was found, enabling multi-GPU training.
		If this was unintended please pass in `--num_processes=1`.
	`--mixed_precision` was set to a value of `'no'`
	`--dynamo_backend` was set to a value of `'no'`
To avoid this warning pass in values for each of the problematic parameters or run `accelerate config`.
usage: main.py [-h] [--tasks TASKS] [--model MODEL] [--device DEVICE]
               [--limit LIMIT] [--griffin] [--cats] [--check]
               [--kernel_size KERNEL_SIZE] [--spr SPR] [--thr THR]
               [--shotfive]
main.py: error: unrecognized arguments: --shottwo
usage: main.py [-h] [--tasks TASKS] [--model MODEL] [--device DEVICE]
               [--limit LIMIT] [--griffin] [--cats] [--check]
               [--kernel_size KERNEL_SIZE] [--spr SPR] [--thr THR]
               [--shotfive]
main.py: error: unrecognized arguments: --shottwo
usage: main.py [-h] [--tasks TASKS] [--model MODEL] [--device DEVICE]
               [--limit LIMIT] [--griffin] [--cats] [--check]
               [--kernel_size KERNEL_SIZE] [--spr SPR] [--thr THR]
               [--shotfive]
main.py: error: unrecognized arguments: --shottwo
usage: main.py [-h] [--tasks TASKS] [--model MODEL] [--device DEVICE]
               [--limit LIMIT] [--griffin] [--cats] [--check]
               [--kernel_size KERNEL_SIZE] [--spr SPR] [--thr THR]
               [--shotfive]
main.py: error: unrecognized arguments: --shottwo
usage: main.py [-h] [--tasks TASKS] [--model MODEL] [--device DEVICE]
               [--limit LIMIT] [--griffin] [--cats] [--check]
               [--kernel_size KERNEL_SIZE] [--spr SPR] [--thr THR]
               [--shotfive]
main.py: error: unrecognized arguments: --shottwo
usage: main.py [-h] [--tasks TASKS] [--model MODEL] [--device DEVICE]
               [--limit LIMIT] [--griffin] [--cats] [--check]
               [--kernel_size KERNEL_SIZE] [--spr SPR] [--thr THR]
               [--shotfive]
main.py: error: unrecognized arguments: --shottwo
usage: main.py [-h] [--tasks TASKS] [--model MODEL] [--device DEVICE]
               [--limit LIMIT] [--griffin] [--cats] [--check]
               [--kernel_size KERNEL_SIZE] [--spr SPR] [--thr THR]
               [--shotfive]
usage: main.py [-h] [--tasks TASKS] [--model MODEL] [--device DEVICE]
               [--limit LIMIT] [--griffin] [--cats] [--check]
               [--kernel_size KERNEL_SIZE] [--spr SPR] [--thr THR]
               [--shotfive]
main.py: error: unrecognized arguments: --shottwo
main.py: error: unrecognized arguments: --shottwo
[2024-06-13 08:37:04,952] torch.distributed.elastic.multiprocessing.api: [WARNING] Sending process 1003658 closing signal SIGTERM
[2024-06-13 08:37:04,953] torch.distributed.elastic.multiprocessing.api: [WARNING] Sending process 1003659 closing signal SIGTERM
[2024-06-13 08:37:04,953] torch.distributed.elastic.multiprocessing.api: [WARNING] Sending process 1003660 closing signal SIGTERM
[2024-06-13 08:37:04,953] torch.distributed.elastic.multiprocessing.api: [WARNING] Sending process 1003661 closing signal SIGTERM
[2024-06-13 08:37:04,953] torch.distributed.elastic.multiprocessing.api: [WARNING] Sending process 1003662 closing signal SIGTERM
[2024-06-13 08:37:04,954] torch.distributed.elastic.multiprocessing.api: [WARNING] Sending process 1003663 closing signal SIGTERM
[2024-06-13 08:37:04,954] torch.distributed.elastic.multiprocessing.api: [WARNING] Sending process 1003664 closing signal SIGTERM
[2024-06-13 08:37:05,332] torch.distributed.elastic.multiprocessing.api: [ERROR] failed (exitcode: 2) local_rank: 0 (pid: 1003657) of binary: /fsx-storygen/beidic/anaconda3/envs/hanshi/bin/python3.9
Traceback (most recent call last):
  File "/fsx-storygen/beidic/anaconda3/envs/hanshi/bin/accelerate", line 8, in <module>
    sys.exit(main())
  File "/fsx-storygen/beidic/anaconda3/envs/hanshi/lib/python3.9/site-packages/accelerate/commands/accelerate_cli.py", line 47, in main
    args.func(args)
  File "/fsx-storygen/beidic/anaconda3/envs/hanshi/lib/python3.9/site-packages/accelerate/commands/launch.py", line 1014, in launch_command
    multi_gpu_launcher(args)
  File "/fsx-storygen/beidic/anaconda3/envs/hanshi/lib/python3.9/site-packages/accelerate/commands/launch.py", line 672, in multi_gpu_launcher
    distrib_run.run(args)
  File "/fsx-storygen/beidic/anaconda3/envs/hanshi/lib/python3.9/site-packages/torch/distributed/run.py", line 797, in run
    elastic_launch(
  File "/fsx-storygen/beidic/anaconda3/envs/hanshi/lib/python3.9/site-packages/torch/distributed/launcher/api.py", line 134, in __call__
    return launch_agent(self._config, self._entrypoint, list(args))
  File "/fsx-storygen/beidic/anaconda3/envs/hanshi/lib/python3.9/site-packages/torch/distributed/launcher/api.py", line 264, in launch_agent
    raise ChildFailedError(
torch.distributed.elastic.multiprocessing.errors.ChildFailedError: 
============================================================
main.py FAILED
------------------------------------------------------------
Failures:
  <NO_OTHER_FAILURES>
------------------------------------------------------------
Root Cause (first observed failure):
[0]:
  time      : 2024-06-13_08:37:04
  host      : a100-st-p4de24xlarge-69.fair-a100.hpcaas
  rank      : 0 (local_rank: 0)
  exitcode  : 2 (pid: 1003657)
  error_file: <N/A>
  traceback : To enable traceback see: https://pytorch.org/docs/stable/elastic/errors.html
============================================================
