Already on 'yangexp2two'
Error processing line 1 of /fsx-storygen/beidic/anaconda3/envs/hanshi/lib/python3.9/site-packages/distutils-precedence.pth:

  Traceback (most recent call last):
    File "/fsx-storygen/beidic/anaconda3/envs/hanshi/lib/python3.9/site.py", line 177, in addpackage
      exec(line)
    File "<string>", line 1, in <module>
  ModuleNotFoundError: No module named '_distutils_hack'

Remainder of file ignored
WARNING: Ignoring invalid distribution - (/opt/hpcaas/.mounts/fs-03efe25c053395d1f/beidic/anaconda3/envs/hanshi/lib/python3.9/site-packages)
WARNING: Ignoring invalid distribution -etworkx (/opt/hpcaas/.mounts/fs-03efe25c053395d1f/beidic/anaconda3/envs/hanshi/lib/python3.9/site-packages)
WARNING: Ignoring invalid distribution -ympy (/opt/hpcaas/.mounts/fs-03efe25c053395d1f/beidic/anaconda3/envs/hanshi/lib/python3.9/site-packages)
WARNING: Ignoring invalid distribution - (/opt/hpcaas/.mounts/fs-03efe25c053395d1f/beidic/anaconda3/envs/hanshi/lib/python3.9/site-packages)
WARNING: Ignoring invalid distribution -etworkx (/opt/hpcaas/.mounts/fs-03efe25c053395d1f/beidic/anaconda3/envs/hanshi/lib/python3.9/site-packages)
WARNING: Ignoring invalid distribution -ympy (/opt/hpcaas/.mounts/fs-03efe25c053395d1f/beidic/anaconda3/envs/hanshi/lib/python3.9/site-packages)
Error processing line 1 of /fsx-storygen/beidic/anaconda3/envs/hanshi/lib/python3.9/site-packages/distutils-precedence.pth:

  Traceback (most recent call last):
    File "/fsx-storygen/beidic/anaconda3/envs/hanshi/lib/python3.9/site.py", line 177, in addpackage
      exec(line)
    File "<string>", line 1, in <module>
  ModuleNotFoundError: No module named '_distutils_hack'

Remainder of file ignored
WARNING: Ignoring invalid distribution - (/opt/hpcaas/.mounts/fs-03efe25c053395d1f/beidic/anaconda3/envs/hanshi/lib/python3.9/site-packages)
WARNING: Ignoring invalid distribution -arkupsafe (/opt/hpcaas/.mounts/fs-03efe25c053395d1f/beidic/anaconda3/envs/hanshi/lib/python3.9/site-packages)
WARNING: Ignoring invalid distribution -ympy (/opt/hpcaas/.mounts/fs-03efe25c053395d1f/beidic/anaconda3/envs/hanshi/lib/python3.9/site-packages)
WARNING: Error parsing requirements for torch: [Errno 2] No such file or directory: '/opt/hpcaas/.mounts/fs-03efe25c053395d1f/beidic/anaconda3/envs/hanshi/lib/python3.9/site-packages/torch-2.1.2.dist-info/METADATA'
WARNING: Ignoring invalid distribution - (/opt/hpcaas/.mounts/fs-03efe25c053395d1f/beidic/anaconda3/envs/hanshi/lib/python3.9/site-packages)
WARNING: Ignoring invalid distribution -arkupsafe (/opt/hpcaas/.mounts/fs-03efe25c053395d1f/beidic/anaconda3/envs/hanshi/lib/python3.9/site-packages)
WARNING: Ignoring invalid distribution -ympy (/opt/hpcaas/.mounts/fs-03efe25c053395d1f/beidic/anaconda3/envs/hanshi/lib/python3.9/site-packages)
ERROR: Could not install packages due to an OSError: [Errno 2] No such file or directory: '/opt/hpcaas/.mounts/fs-03efe25c053395d1f/beidic/anaconda3/envs/hanshi/lib/python3.9/site-packages/nvidia/__pycache__/'

Error processing line 1 of /fsx-storygen/beidic/anaconda3/envs/hanshi/lib/python3.9/site-packages/distutils-precedence.pth:

  Traceback (most recent call last):
    File "/fsx-storygen/beidic/anaconda3/envs/hanshi/lib/python3.9/site.py", line 177, in addpackage
      exec(line)
    File "<string>", line 1, in <module>
  ModuleNotFoundError: No module named '_distutils_hack'

Remainder of file ignored
Error processing line 1 of /fsx-storygen/beidic/anaconda3/envs/hanshi/lib/python3.9/site-packages/distutils-precedence.pth:

  Traceback (most recent call last):
    File "/fsx-storygen/beidic/anaconda3/envs/hanshi/lib/python3.9/site.py", line 177, in addpackage
      exec(line)
    File "<string>", line 1, in <module>
  ModuleNotFoundError: No module named '_distutils_hack'

Remainder of file ignored
wandb: Currently logged in as: stevenzhou0816100. Use `wandb login --relogin` to force relogin
Error processing line 1 of /fsx-storygen/beidic/anaconda3/envs/hanshi/lib/python3.9/site-packages/distutils-precedence.pth:

  Traceback (most recent call last):
    File "/fsx-storygen/beidic/anaconda3/envs/hanshi/lib/python3.9/site.py", line 177, in addpackage
      exec(line)
    File "<string>", line 1, in <module>
  ModuleNotFoundError: No module named '_distutils_hack'

Remainder of file ignored
Traceback (most recent call last):
  File "/fsx-storygen/beidic/anaconda3/envs/hanshi/bin/huggingface-cli", line 8, in <module>
    sys.exit(main())
  File "/fsx-storygen/beidic/anaconda3/envs/hanshi/lib/python3.9/site-packages/huggingface_hub/commands/huggingface_cli.py", line 51, in main
    service.run()
  File "/fsx-storygen/beidic/anaconda3/envs/hanshi/lib/python3.9/site-packages/huggingface_hub/commands/user.py", line 98, in run
    login(token=self.args.token, add_to_git_credential=self.args.add_to_git_credential)
  File "/fsx-storygen/beidic/anaconda3/envs/hanshi/lib/python3.9/site-packages/huggingface_hub/_login.py", line 111, in login
    _login(token, add_to_git_credential=add_to_git_credential, write_permission=write_permission)
  File "/fsx-storygen/beidic/anaconda3/envs/hanshi/lib/python3.9/site-packages/huggingface_hub/_login.py", line 307, in _login
    raise ValueError("Invalid token passed!")
ValueError: Invalid token passed!
Error processing line 1 of /fsx-storygen/beidic/anaconda3/envs/hanshi/lib/python3.9/site-packages/distutils-precedence.pth:

  Traceback (most recent call last):
    File "/fsx-storygen/beidic/anaconda3/envs/hanshi/lib/python3.9/site.py", line 177, in addpackage
      exec(line)
    File "<string>", line 1, in <module>
  ModuleNotFoundError: No module named '_distutils_hack'

Remainder of file ignored
The following values were not passed to `accelerate launch` and had defaults used instead:
		More than one GPU was found, enabling multi-GPU training.
		If this was unintended please pass in `--num_processes=1`.
	`--mixed_precision` was set to a value of `'no'`
	`--dynamo_backend` was set to a value of `'no'`
To avoid this warning pass in values for each of the problematic parameters or run `accelerate config`.
Error processing line 1 of /fsx-storygen/beidic/anaconda3/envs/hanshi/lib/python3.9/site-packages/distutils-precedence.pth:

Error processing line 1 of /fsx-storygen/beidic/anaconda3/envs/hanshi/lib/python3.9/site-packages/distutils-precedence.pth:

Error processing line 1 of /fsx-storygen/beidic/anaconda3/envs/hanshi/lib/python3.9/site-packages/distutils-precedence.pth:

  Traceback (most recent call last):
    File "/fsx-storygen/beidic/anaconda3/envs/hanshi/lib/python3.9/site.py", line 177, in addpackage
      exec(line)
    File "<string>", line 1, in <module>
  ModuleNotFoundError: No module named '_distutils_hack'

Remainder of file ignored
Error processing line 1 of /fsx-storygen/beidic/anaconda3/envs/hanshi/lib/python3.9/site-packages/distutils-precedence.pth:

  Traceback (most recent call last):
    File "/fsx-storygen/beidic/anaconda3/envs/hanshi/lib/python3.9/site.py", line 177, in addpackage
      exec(line)
    File "<string>", line 1, in <module>
  ModuleNotFoundError: No module named '_distutils_hack'

Remainder of file ignored
Error processing line 1 of /fsx-storygen/beidic/anaconda3/envs/hanshi/lib/python3.9/site-packages/distutils-precedence.pth:

  Traceback (most recent call last):
    File "/fsx-storygen/beidic/anaconda3/envs/hanshi/lib/python3.9/site.py", line 177, in addpackage
      exec(line)
    File "<string>", line 1, in <module>
  ModuleNotFoundError: No module named '_distutils_hack'

Remainder of file ignored
Error processing line 1 of /fsx-storygen/beidic/anaconda3/envs/hanshi/lib/python3.9/site-packages/distutils-precedence.pth:
  Traceback (most recent call last):

    File "/fsx-storygen/beidic/anaconda3/envs/hanshi/lib/python3.9/site.py", line 177, in addpackage
      exec(line)
    File "<string>", line 1, in <module>
  ModuleNotFoundError: No module named '_distutils_hack'

Remainder of file ignored
Error processing line 1 of /fsx-storygen/beidic/anaconda3/envs/hanshi/lib/python3.9/site-packages/distutils-precedence.pth:

  Traceback (most recent call last):
    File "/fsx-storygen/beidic/anaconda3/envs/hanshi/lib/python3.9/site.py", line 177, in addpackage
      exec(line)
    File "<string>", line 1, in <module>
  ModuleNotFoundError: No module named '_distutils_hack'

Remainder of file ignored
Error processing line 1 of /fsx-storygen/beidic/anaconda3/envs/hanshi/lib/python3.9/site-packages/distutils-precedence.pth:

  Traceback (most recent call last):
    File "/fsx-storygen/beidic/anaconda3/envs/hanshi/lib/python3.9/site.py", line 177, in addpackage
      exec(line)
    File "<string>", line 1, in <module>
  ModuleNotFoundError: No module named '_distutils_hack'

Remainder of file ignored
  Traceback (most recent call last):
    File "/fsx-storygen/beidic/anaconda3/envs/hanshi/lib/python3.9/site.py", line 177, in addpackage
      exec(line)
    File "<string>", line 1, in <module>
  ModuleNotFoundError: No module named '_distutils_hack'

Remainder of file ignored
  Traceback (most recent call last):
    File "/fsx-storygen/beidic/anaconda3/envs/hanshi/lib/python3.9/site.py", line 177, in addpackage
      exec(line)
    File "<string>", line 1, in <module>
  ModuleNotFoundError: No module named '_distutils_hack'

Remainder of file ignored
Traceback (most recent call last):
  File "/fsx-storygen/beidic/anaconda3/envs/hanshi/lib/python3.9/site-packages/transformers/utils/import_utils.py", line 1560, in _get_module
Traceback (most recent call last):
Traceback (most recent call last):
Traceback (most recent call last):
  File "/fsx-storygen/beidic/anaconda3/envs/hanshi/lib/python3.9/site-packages/transformers/utils/import_utils.py", line 1560, in _get_module
Traceback (most recent call last):
  File "/fsx-storygen/beidic/anaconda3/envs/hanshi/lib/python3.9/site-packages/transformers/utils/import_utils.py", line 1560, in _get_module
Traceback (most recent call last):
  File "/fsx-storygen/beidic/anaconda3/envs/hanshi/lib/python3.9/site-packages/transformers/utils/import_utils.py", line 1560, in _get_module
  File "/fsx-storygen/beidic/anaconda3/envs/hanshi/lib/python3.9/site-packages/transformers/utils/import_utils.py", line 1560, in _get_module
  File "/fsx-storygen/beidic/anaconda3/envs/hanshi/lib/python3.9/site-packages/transformers/utils/import_utils.py", line 1560, in _get_module
Traceback (most recent call last):
  File "/fsx-storygen/beidic/anaconda3/envs/hanshi/lib/python3.9/site-packages/transformers/utils/import_utils.py", line 1560, in _get_module
Traceback (most recent call last):
  File "/fsx-storygen/beidic/anaconda3/envs/hanshi/lib/python3.9/site-packages/transformers/utils/import_utils.py", line 1560, in _get_module
                return importlib.import_module("." + module_name, self.__name__)        return importlib.import_module("." + module_name, self.__name__)return importlib.import_module("." + module_name, self.__name__)    return importlib.import_module("." + module_name, self.__name__)
return importlib.import_module("." + module_name, self.__name__)return importlib.import_module("." + module_name, self.__name__)

return importlib.import_module("." + module_name, self.__name__)
  File "/fsx-storygen/beidic/anaconda3/envs/hanshi/lib/python3.9/importlib/__init__.py", line 127, in import_module


  File "/fsx-storygen/beidic/anaconda3/envs/hanshi/lib/python3.9/importlib/__init__.py", line 127, in import_module
  File "/fsx-storygen/beidic/anaconda3/envs/hanshi/lib/python3.9/importlib/__init__.py", line 127, in import_module

  File "/fsx-storygen/beidic/anaconda3/envs/hanshi/lib/python3.9/importlib/__init__.py", line 127, in import_module
  File "/fsx-storygen/beidic/anaconda3/envs/hanshi/lib/python3.9/importlib/__init__.py", line 127, in import_module
  File "/fsx-storygen/beidic/anaconda3/envs/hanshi/lib/python3.9/importlib/__init__.py", line 127, in import_module
  File "/fsx-storygen/beidic/anaconda3/envs/hanshi/lib/python3.9/importlib/__init__.py", line 127, in import_module
    return importlib.import_module("." + module_name, self.__name__)
  File "/fsx-storygen/beidic/anaconda3/envs/hanshi/lib/python3.9/importlib/__init__.py", line 127, in import_module
            return _bootstrap._gcd_import(name[level:], package, level)        return _bootstrap._gcd_import(name[level:], package, level)        return _bootstrap._gcd_import(name[level:], package, level)
return _bootstrap._gcd_import(name[level:], package, level)return _bootstrap._gcd_import(name[level:], package, level)
return _bootstrap._gcd_import(name[level:], package, level)return _bootstrap._gcd_import(name[level:], package, level)
  File "<frozen importlib._bootstrap>", line 1030, in _gcd_import


  File "<frozen importlib._bootstrap>", line 1030, in _gcd_import


  File "<frozen importlib._bootstrap>", line 1030, in _gcd_import
  File "<frozen importlib._bootstrap>", line 1030, in _gcd_import
  File "<frozen importlib._bootstrap>", line 1030, in _gcd_import
  File "<frozen importlib._bootstrap>", line 1030, in _gcd_import
  File "<frozen importlib._bootstrap>", line 1030, in _gcd_import
    return _bootstrap._gcd_import(name[level:], package, level)
  File "<frozen importlib._bootstrap>", line 1030, in _gcd_import
  File "<frozen importlib._bootstrap>", line 1007, in _find_and_load
  File "<frozen importlib._bootstrap>", line 1007, in _find_and_load
  File "<frozen importlib._bootstrap>", line 1007, in _find_and_load
  File "<frozen importlib._bootstrap>", line 1007, in _find_and_load
  File "<frozen importlib._bootstrap>", line 986, in _find_and_load_unlocked
  File "<frozen importlib._bootstrap>", line 986, in _find_and_load_unlocked
  File "<frozen importlib._bootstrap>", line 1007, in _find_and_load
  File "<frozen importlib._bootstrap>", line 1007, in _find_and_load
  File "<frozen importlib._bootstrap>", line 1007, in _find_and_load
  File "<frozen importlib._bootstrap>", line 986, in _find_and_load_unlocked
  File "<frozen importlib._bootstrap>", line 986, in _find_and_load_unlocked
  File "<frozen importlib._bootstrap>", line 680, in _load_unlocked
  File "<frozen importlib._bootstrap>", line 680, in _load_unlocked
  File "<frozen importlib._bootstrap>", line 986, in _find_and_load_unlocked
  File "<frozen importlib._bootstrap>", line 986, in _find_and_load_unlocked
  File "<frozen importlib._bootstrap>", line 986, in _find_and_load_unlocked
  File "<frozen importlib._bootstrap>", line 680, in _load_unlocked
  File "<frozen importlib._bootstrap>", line 680, in _load_unlocked
  File "<frozen importlib._bootstrap_external>", line 850, in exec_module
  File "<frozen importlib._bootstrap_external>", line 850, in exec_module
  File "<frozen importlib._bootstrap>", line 680, in _load_unlocked
  File "<frozen importlib._bootstrap>", line 680, in _load_unlocked
  File "<frozen importlib._bootstrap_external>", line 850, in exec_module
  File "<frozen importlib._bootstrap>", line 1007, in _find_and_load
  File "<frozen importlib._bootstrap>", line 680, in _load_unlocked
  File "<frozen importlib._bootstrap_external>", line 850, in exec_module
  File "<frozen importlib._bootstrap_external>", line 850, in exec_module
  File "<frozen importlib._bootstrap_external>", line 850, in exec_module
  File "<frozen importlib._bootstrap>", line 986, in _find_and_load_unlocked
  File "<frozen importlib._bootstrap_external>", line 850, in exec_module
  File "<frozen importlib._bootstrap>", line 680, in _load_unlocked
  File "<frozen importlib._bootstrap_external>", line 850, in exec_module
  File "<frozen importlib._bootstrap>", line 228, in _call_with_frames_removed
  File "<frozen importlib._bootstrap>", line 228, in _call_with_frames_removed
  File "/fsx-storygen/beidic/anaconda3/envs/hanshi/lib/python3.9/site-packages/transformers/pipelines/__init__.py", line 47, in <module>
  File "/fsx-storygen/beidic/anaconda3/envs/hanshi/lib/python3.9/site-packages/transformers/pipelines/__init__.py", line 47, in <module>
  File "<frozen importlib._bootstrap>", line 228, in _call_with_frames_removed
  File "<frozen importlib._bootstrap>", line 228, in _call_with_frames_removed
  File "<frozen importlib._bootstrap>", line 228, in _call_with_frames_removed
  File "/fsx-storygen/beidic/anaconda3/envs/hanshi/lib/python3.9/site-packages/transformers/pipelines/__init__.py", line 47, in <module>
  File "<frozen importlib._bootstrap>", line 228, in _call_with_frames_removed
  File "/fsx-storygen/beidic/anaconda3/envs/hanshi/lib/python3.9/site-packages/transformers/pipelines/__init__.py", line 47, in <module>
  File "/fsx-storygen/beidic/anaconda3/envs/hanshi/lib/python3.9/site-packages/transformers/pipelines/__init__.py", line 47, in <module>
  File "<frozen importlib._bootstrap>", line 228, in _call_with_frames_removed
  File "<frozen importlib._bootstrap>", line 228, in _call_with_frames_removed
  File "/fsx-storygen/beidic/anaconda3/envs/hanshi/lib/python3.9/site-packages/transformers/pipelines/__init__.py", line 47, in <module>
  File "/fsx-storygen/beidic/anaconda3/envs/hanshi/lib/python3.9/site-packages/transformers/pipelines/__init__.py", line 47, in <module>
  File "/fsx-storygen/beidic/anaconda3/envs/hanshi/lib/python3.9/site-packages/transformers/pipelines/__init__.py", line 47, in <module>
                from .audio_classification import AudioClassificationPipeline            from .audio_classification import AudioClassificationPipelinefrom .audio_classification import AudioClassificationPipelinefrom .audio_classification import AudioClassificationPipeline
from .audio_classification import AudioClassificationPipelinefrom .audio_classification import AudioClassificationPipelinefrom .audio_classification import AudioClassificationPipeline


  File "/fsx-storygen/beidic/anaconda3/envs/hanshi/lib/python3.9/site-packages/transformers/pipelines/audio_classification.py", line 21, in <module>



  File "/fsx-storygen/beidic/anaconda3/envs/hanshi/lib/python3.9/site-packages/transformers/pipelines/audio_classification.py", line 21, in <module>
  File "/fsx-storygen/beidic/anaconda3/envs/hanshi/lib/python3.9/site-packages/transformers/pipelines/audio_classification.py", line 21, in <module>
  File "/fsx-storygen/beidic/anaconda3/envs/hanshi/lib/python3.9/site-packages/transformers/pipelines/audio_classification.py", line 21, in <module>
  File "/fsx-storygen/beidic/anaconda3/envs/hanshi/lib/python3.9/site-packages/transformers/pipelines/audio_classification.py", line 21, in <module>
  File "/fsx-storygen/beidic/anaconda3/envs/hanshi/lib/python3.9/site-packages/transformers/pipelines/audio_classification.py", line 21, in <module>
  File "/fsx-storygen/beidic/anaconda3/envs/hanshi/lib/python3.9/site-packages/transformers/pipelines/audio_classification.py", line 21, in <module>
    from .audio_classification import AudioClassificationPipeline
  File "/fsx-storygen/beidic/anaconda3/envs/hanshi/lib/python3.9/site-packages/transformers/pipelines/audio_classification.py", line 21, in <module>
                from .base import Pipeline, build_pipeline_init_args        from .base import Pipeline, build_pipeline_init_args    from .base import Pipeline, build_pipeline_init_argsfrom .base import Pipeline, build_pipeline_init_args
from .base import Pipeline, build_pipeline_init_argsfrom .base import Pipeline, build_pipeline_init_args
from .base import Pipeline, build_pipeline_init_args

  File "/fsx-storygen/beidic/anaconda3/envs/hanshi/lib/python3.9/site-packages/transformers/pipelines/base.py", line 34, in <module>


  File "/fsx-storygen/beidic/anaconda3/envs/hanshi/lib/python3.9/site-packages/transformers/pipelines/base.py", line 34, in <module>

  File "/fsx-storygen/beidic/anaconda3/envs/hanshi/lib/python3.9/site-packages/transformers/pipelines/base.py", line 34, in <module>
  File "/fsx-storygen/beidic/anaconda3/envs/hanshi/lib/python3.9/site-packages/transformers/pipelines/base.py", line 34, in <module>
  File "/fsx-storygen/beidic/anaconda3/envs/hanshi/lib/python3.9/site-packages/transformers/pipelines/base.py", line 34, in <module>
  File "/fsx-storygen/beidic/anaconda3/envs/hanshi/lib/python3.9/site-packages/transformers/pipelines/base.py", line 34, in <module>
  File "/fsx-storygen/beidic/anaconda3/envs/hanshi/lib/python3.9/site-packages/transformers/pipelines/base.py", line 34, in <module>
    from .base import Pipeline, build_pipeline_init_args
  File "/fsx-storygen/beidic/anaconda3/envs/hanshi/lib/python3.9/site-packages/transformers/pipelines/base.py", line 34, in <module>
            from ..modelcard import ModelCard                from ..modelcard import ModelCardfrom ..modelcard import ModelCard
from ..modelcard import ModelCardfrom ..modelcard import ModelCardfrom ..modelcard import ModelCardfrom ..modelcard import ModelCard

  File "/fsx-storygen/beidic/anaconda3/envs/hanshi/lib/python3.9/site-packages/transformers/modelcard.py", line 47, in <module>




  File "/fsx-storygen/beidic/anaconda3/envs/hanshi/lib/python3.9/site-packages/transformers/modelcard.py", line 47, in <module>
  File "/fsx-storygen/beidic/anaconda3/envs/hanshi/lib/python3.9/site-packages/transformers/modelcard.py", line 47, in <module>
  File "/fsx-storygen/beidic/anaconda3/envs/hanshi/lib/python3.9/site-packages/transformers/modelcard.py", line 47, in <module>
  File "/fsx-storygen/beidic/anaconda3/envs/hanshi/lib/python3.9/site-packages/transformers/modelcard.py", line 47, in <module>
  File "/fsx-storygen/beidic/anaconda3/envs/hanshi/lib/python3.9/site-packages/transformers/modelcard.py", line 47, in <module>
  File "/fsx-storygen/beidic/anaconda3/envs/hanshi/lib/python3.9/site-packages/transformers/modelcard.py", line 47, in <module>
    from ..modelcard import ModelCard
  File "/fsx-storygen/beidic/anaconda3/envs/hanshi/lib/python3.9/site-packages/transformers/modelcard.py", line 47, in <module>
                            from .training_args import ParallelModefrom .training_args import ParallelModefrom .training_args import ParallelModefrom .training_args import ParallelModefrom .training_args import ParallelModefrom .training_args import ParallelModefrom .training_args import ParallelMode






  File "/fsx-storygen/beidic/anaconda3/envs/hanshi/lib/python3.9/site-packages/transformers/training_args.py", line 75, in <module>
  File "/fsx-storygen/beidic/anaconda3/envs/hanshi/lib/python3.9/site-packages/transformers/training_args.py", line 75, in <module>
  File "/fsx-storygen/beidic/anaconda3/envs/hanshi/lib/python3.9/site-packages/transformers/training_args.py", line 75, in <module>
  File "/fsx-storygen/beidic/anaconda3/envs/hanshi/lib/python3.9/site-packages/transformers/training_args.py", line 75, in <module>
  File "/fsx-storygen/beidic/anaconda3/envs/hanshi/lib/python3.9/site-packages/transformers/training_args.py", line 75, in <module>
  File "/fsx-storygen/beidic/anaconda3/envs/hanshi/lib/python3.9/site-packages/transformers/training_args.py", line 75, in <module>
  File "/fsx-storygen/beidic/anaconda3/envs/hanshi/lib/python3.9/site-packages/transformers/training_args.py", line 75, in <module>
    from .training_args import ParallelMode
  File "/fsx-storygen/beidic/anaconda3/envs/hanshi/lib/python3.9/site-packages/transformers/training_args.py", line 75, in <module>
            from accelerate.utils import DistributedType                from accelerate.utils import DistributedTypefrom accelerate.utils import DistributedType
from accelerate.utils import DistributedTypefrom accelerate.utils import DistributedTypefrom accelerate.utils import DistributedTypefrom accelerate.utils import DistributedType

  File "/fsx-storygen/beidic/anaconda3/envs/hanshi/lib/python3.9/site-packages/accelerate/__init__.py", line 16, in <module>




  File "/fsx-storygen/beidic/anaconda3/envs/hanshi/lib/python3.9/site-packages/accelerate/__init__.py", line 16, in <module>
  File "/fsx-storygen/beidic/anaconda3/envs/hanshi/lib/python3.9/site-packages/accelerate/__init__.py", line 16, in <module>
  File "/fsx-storygen/beidic/anaconda3/envs/hanshi/lib/python3.9/site-packages/accelerate/__init__.py", line 16, in <module>
  File "/fsx-storygen/beidic/anaconda3/envs/hanshi/lib/python3.9/site-packages/accelerate/__init__.py", line 16, in <module>
  File "/fsx-storygen/beidic/anaconda3/envs/hanshi/lib/python3.9/site-packages/accelerate/__init__.py", line 16, in <module>
  File "/fsx-storygen/beidic/anaconda3/envs/hanshi/lib/python3.9/site-packages/accelerate/__init__.py", line 16, in <module>
    from accelerate.utils import DistributedType
  File "/fsx-storygen/beidic/anaconda3/envs/hanshi/lib/python3.9/site-packages/accelerate/__init__.py", line 16, in <module>
        from .accelerator import Accelerator        from .accelerator import Accelerator    
        from .accelerator import Acceleratorfrom .accelerator import Accelerator
from .accelerator import Accelerator  File "/fsx-storygen/beidic/anaconda3/envs/hanshi/lib/python3.9/site-packages/accelerate/accelerator.py", line 35, in <module>
from .accelerator import Acceleratorfrom .accelerator import Accelerator

  File "/fsx-storygen/beidic/anaconda3/envs/hanshi/lib/python3.9/site-packages/accelerate/accelerator.py", line 35, in <module>



  File "/fsx-storygen/beidic/anaconda3/envs/hanshi/lib/python3.9/site-packages/accelerate/accelerator.py", line 35, in <module>
  File "/fsx-storygen/beidic/anaconda3/envs/hanshi/lib/python3.9/site-packages/accelerate/accelerator.py", line 35, in <module>
  File "/fsx-storygen/beidic/anaconda3/envs/hanshi/lib/python3.9/site-packages/accelerate/accelerator.py", line 35, in <module>
  File "/fsx-storygen/beidic/anaconda3/envs/hanshi/lib/python3.9/site-packages/accelerate/accelerator.py", line 35, in <module>
  File "/fsx-storygen/beidic/anaconda3/envs/hanshi/lib/python3.9/site-packages/accelerate/accelerator.py", line 35, in <module>
    from .accelerator import Accelerator
  File "/fsx-storygen/beidic/anaconda3/envs/hanshi/lib/python3.9/site-packages/accelerate/accelerator.py", line 35, in <module>
            from .checkpointing import load_accelerator_state, load_custom_state, save_accelerator_state, save_custom_state                from .checkpointing import load_accelerator_state, load_custom_state, save_accelerator_state, save_custom_statefrom .checkpointing import load_accelerator_state, load_custom_state, save_accelerator_state, save_custom_state
from .checkpointing import load_accelerator_state, load_custom_state, save_accelerator_state, save_custom_statefrom .checkpointing import load_accelerator_state, load_custom_state, save_accelerator_state, save_custom_statefrom .checkpointing import load_accelerator_state, load_custom_state, save_accelerator_state, save_custom_statefrom .checkpointing import load_accelerator_state, load_custom_state, save_accelerator_state, save_custom_state

  File "/fsx-storygen/beidic/anaconda3/envs/hanshi/lib/python3.9/site-packages/accelerate/checkpointing.py", line 24, in <module>




  File "/fsx-storygen/beidic/anaconda3/envs/hanshi/lib/python3.9/site-packages/accelerate/checkpointing.py", line 24, in <module>
  File "/fsx-storygen/beidic/anaconda3/envs/hanshi/lib/python3.9/site-packages/accelerate/checkpointing.py", line 24, in <module>
  File "/fsx-storygen/beidic/anaconda3/envs/hanshi/lib/python3.9/site-packages/accelerate/checkpointing.py", line 24, in <module>
  File "/fsx-storygen/beidic/anaconda3/envs/hanshi/lib/python3.9/site-packages/accelerate/checkpointing.py", line 24, in <module>
  File "/fsx-storygen/beidic/anaconda3/envs/hanshi/lib/python3.9/site-packages/accelerate/checkpointing.py", line 24, in <module>
  File "/fsx-storygen/beidic/anaconda3/envs/hanshi/lib/python3.9/site-packages/accelerate/checkpointing.py", line 24, in <module>
    from .checkpointing import load_accelerator_state, load_custom_state, save_accelerator_state, save_custom_state
  File "/fsx-storygen/beidic/anaconda3/envs/hanshi/lib/python3.9/site-packages/accelerate/checkpointing.py", line 24, in <module>
                            from .utils import (from .utils import (from .utils import (from .utils import (from .utils import (from .utils import (from .utils import (






  File "/fsx-storygen/beidic/anaconda3/envs/hanshi/lib/python3.9/site-packages/accelerate/utils/__init__.py", line 29, in <module>
  File "/fsx-storygen/beidic/anaconda3/envs/hanshi/lib/python3.9/site-packages/accelerate/utils/__init__.py", line 29, in <module>
  File "/fsx-storygen/beidic/anaconda3/envs/hanshi/lib/python3.9/site-packages/accelerate/utils/__init__.py", line 29, in <module>
  File "/fsx-storygen/beidic/anaconda3/envs/hanshi/lib/python3.9/site-packages/accelerate/utils/__init__.py", line 29, in <module>
  File "/fsx-storygen/beidic/anaconda3/envs/hanshi/lib/python3.9/site-packages/accelerate/utils/__init__.py", line 29, in <module>
  File "/fsx-storygen/beidic/anaconda3/envs/hanshi/lib/python3.9/site-packages/accelerate/utils/__init__.py", line 29, in <module>
  File "/fsx-storygen/beidic/anaconda3/envs/hanshi/lib/python3.9/site-packages/accelerate/utils/__init__.py", line 29, in <module>
    from .utils import (
  File "/fsx-storygen/beidic/anaconda3/envs/hanshi/lib/python3.9/site-packages/accelerate/utils/__init__.py", line 29, in <module>
        from .dataclasses import (from .dataclasses import (

    ImportErrorImportError    from .dataclasses import (            : : from .dataclasses import (
from .dataclasses import (from .dataclasses import (from .dataclasses import (cannot import name 'DataLoaderConfiguration' from 'accelerate.utils.dataclasses' (/fsx-storygen/beidic/anaconda3/envs/hanshi/lib/python3.9/site-packages/accelerate/utils/dataclasses.py)cannot import name 'DataLoaderConfiguration' from 'accelerate.utils.dataclasses' (/fsx-storygen/beidic/anaconda3/envs/hanshi/lib/python3.9/site-packages/accelerate/utils/dataclasses.py)
ImportError




ImportError: ImportErrorImportErrorImportError
The above exception was the direct cause of the following exception:


The above exception was the direct cause of the following exception:

: cannot import name 'DataLoaderConfiguration' from 'accelerate.utils.dataclasses' (/fsx-storygen/beidic/anaconda3/envs/hanshi/lib/python3.9/site-packages/accelerate/utils/dataclasses.py): : : Traceback (most recent call last):
Traceback (most recent call last):
cannot import name 'DataLoaderConfiguration' from 'accelerate.utils.dataclasses' (/fsx-storygen/beidic/anaconda3/envs/hanshi/lib/python3.9/site-packages/accelerate/utils/dataclasses.py)
cannot import name 'DataLoaderConfiguration' from 'accelerate.utils.dataclasses' (/fsx-storygen/beidic/anaconda3/envs/hanshi/lib/python3.9/site-packages/accelerate/utils/dataclasses.py)cannot import name 'DataLoaderConfiguration' from 'accelerate.utils.dataclasses' (/fsx-storygen/beidic/anaconda3/envs/hanshi/lib/python3.9/site-packages/accelerate/utils/dataclasses.py)cannot import name 'DataLoaderConfiguration' from 'accelerate.utils.dataclasses' (/fsx-storygen/beidic/anaconda3/envs/hanshi/lib/python3.9/site-packages/accelerate/utils/dataclasses.py)  File "/opt/hpcaas/.mounts/fs-03efe25c053395d1f/beidic/yang/GRIFFIN2/main.py", line 13, in <module>
      File "/opt/hpcaas/.mounts/fs-03efe25c053395d1f/beidic/yang/GRIFFIN2/main.py", line 13, in <module>


The above exception was the direct cause of the following exception:




from .dataclasses import (
The above exception was the direct cause of the following exception:

Traceback (most recent call last):

The above exception was the direct cause of the following exception:


The above exception was the direct cause of the following exception:


The above exception was the direct cause of the following exception:


Traceback (most recent call last):
  File "/opt/hpcaas/.mounts/fs-03efe25c053395d1f/beidic/yang/GRIFFIN2/main.py", line 13, in <module>
Traceback (most recent call last):
Traceback (most recent call last):
Traceback (most recent call last):
ImportError  File "/opt/hpcaas/.mounts/fs-03efe25c053395d1f/beidic/yang/GRIFFIN2/main.py", line 13, in <module>
  File "/opt/hpcaas/.mounts/fs-03efe25c053395d1f/beidic/yang/GRIFFIN2/main.py", line 13, in <module>
  File "/opt/hpcaas/.mounts/fs-03efe25c053395d1f/beidic/yang/GRIFFIN2/main.py", line 13, in <module>
  File "/opt/hpcaas/.mounts/fs-03efe25c053395d1f/beidic/yang/GRIFFIN2/main.py", line 13, in <module>
: cannot import name 'DataLoaderConfiguration' from 'accelerate.utils.dataclasses' (/fsx-storygen/beidic/anaconda3/envs/hanshi/lib/python3.9/site-packages/accelerate/utils/dataclasses.py)

The above exception was the direct cause of the following exception:

Traceback (most recent call last):
  File "/opt/hpcaas/.mounts/fs-03efe25c053395d1f/beidic/yang/GRIFFIN2/main.py", line 13, in <module>
    from lm_eval import utils
  File "/fsx-storygen/beidic/anaconda3/envs/hanshi/lib/python3.9/site-packages/lm_eval/__init__.py", line 1, in <module>
    from .evaluator import evaluate, simple_evaluate
  File "/fsx-storygen/beidic/anaconda3/envs/hanshi/lib/python3.9/site-packages/lm_eval/evaluator.py", line 11, in <module>
                import lm_eval.api.metrics            from lm_eval import utilsfrom lm_eval import utilsfrom lm_eval import utils
from lm_eval import utilsfrom lm_eval import utilsfrom lm_eval import utils


  File "/fsx-storygen/beidic/anaconda3/envs/hanshi/lib/python3.9/site-packages/lm_eval/api/metrics.py", line 7, in <module>



  File "/fsx-storygen/beidic/anaconda3/envs/hanshi/lib/python3.9/site-packages/lm_eval/__init__.py", line 1, in <module>
  File "/fsx-storygen/beidic/anaconda3/envs/hanshi/lib/python3.9/site-packages/lm_eval/__init__.py", line 1, in <module>
  File "/fsx-storygen/beidic/anaconda3/envs/hanshi/lib/python3.9/site-packages/lm_eval/__init__.py", line 1, in <module>
  File "/fsx-storygen/beidic/anaconda3/envs/hanshi/lib/python3.9/site-packages/lm_eval/__init__.py", line 1, in <module>
  File "/fsx-storygen/beidic/anaconda3/envs/hanshi/lib/python3.9/site-packages/lm_eval/__init__.py", line 1, in <module>
  File "/fsx-storygen/beidic/anaconda3/envs/hanshi/lib/python3.9/site-packages/lm_eval/__init__.py", line 1, in <module>
    from lm_eval import utils
  File "/fsx-storygen/beidic/anaconda3/envs/hanshi/lib/python3.9/site-packages/lm_eval/__init__.py", line 1, in <module>
    from .evaluator import evaluate, simple_evaluate
  File "/fsx-storygen/beidic/anaconda3/envs/hanshi/lib/python3.9/site-packages/lm_eval/evaluator.py", line 11, in <module>
    import evaluate as hf_evaluate
  File "/fsx-storygen/beidic/anaconda3/envs/hanshi/lib/python3.9/site-packages/evaluate/__init__.py", line 29, in <module>
                    from .evaluator import evaluate, simple_evaluatefrom .evaluator import evaluate, simple_evaluatefrom .evaluator import evaluate, simple_evaluatefrom .evaluator import evaluate, simple_evaluatefrom .evaluator import evaluate, simple_evaluate




  File "/fsx-storygen/beidic/anaconda3/envs/hanshi/lib/python3.9/site-packages/lm_eval/evaluator.py", line 11, in <module>
  File "/fsx-storygen/beidic/anaconda3/envs/hanshi/lib/python3.9/site-packages/lm_eval/evaluator.py", line 11, in <module>
  File "/fsx-storygen/beidic/anaconda3/envs/hanshi/lib/python3.9/site-packages/lm_eval/evaluator.py", line 11, in <module>
  File "/fsx-storygen/beidic/anaconda3/envs/hanshi/lib/python3.9/site-packages/lm_eval/evaluator.py", line 11, in <module>
  File "/fsx-storygen/beidic/anaconda3/envs/hanshi/lib/python3.9/site-packages/lm_eval/evaluator.py", line 11, in <module>
    from .evaluator import evaluate, simple_evaluate
  File "/fsx-storygen/beidic/anaconda3/envs/hanshi/lib/python3.9/site-packages/lm_eval/evaluator.py", line 11, in <module>
    import lm_eval.api.metrics
  File "/fsx-storygen/beidic/anaconda3/envs/hanshi/lib/python3.9/site-packages/lm_eval/api/metrics.py", line 7, in <module>
    import lm_eval.api.metrics
  File "/fsx-storygen/beidic/anaconda3/envs/hanshi/lib/python3.9/site-packages/lm_eval/api/metrics.py", line 7, in <module>
        import evaluate as hf_evaluateimport lm_eval.api.metrics

  File "/fsx-storygen/beidic/anaconda3/envs/hanshi/lib/python3.9/site-packages/evaluate/__init__.py", line 29, in <module>
  File "/fsx-storygen/beidic/anaconda3/envs/hanshi/lib/python3.9/site-packages/lm_eval/api/metrics.py", line 7, in <module>
    from .evaluation_suite import EvaluationSuite
  File "/fsx-storygen/beidic/anaconda3/envs/hanshi/lib/python3.9/site-packages/evaluate/evaluation_suite/__init__.py", line 10, in <module>
    from .evaluation_suite import EvaluationSuite    
import evaluate as hf_evaluate  File "/fsx-storygen/beidic/anaconda3/envs/hanshi/lib/python3.9/site-packages/evaluate/evaluation_suite/__init__.py", line 10, in <module>

  File "/fsx-storygen/beidic/anaconda3/envs/hanshi/lib/python3.9/site-packages/evaluate/__init__.py", line 29, in <module>
            import lm_eval.api.metricsimport lm_eval.api.metrics    import lm_eval.api.metrics

import evaluate as hf_evaluate
  File "/fsx-storygen/beidic/anaconda3/envs/hanshi/lib/python3.9/site-packages/lm_eval/api/metrics.py", line 7, in <module>
  File "/fsx-storygen/beidic/anaconda3/envs/hanshi/lib/python3.9/site-packages/lm_eval/api/metrics.py", line 7, in <module>

  File "/fsx-storygen/beidic/anaconda3/envs/hanshi/lib/python3.9/site-packages/lm_eval/api/metrics.py", line 7, in <module>
  File "/fsx-storygen/beidic/anaconda3/envs/hanshi/lib/python3.9/site-packages/evaluate/__init__.py", line 29, in <module>
    import lm_eval.api.metrics
  File "/fsx-storygen/beidic/anaconda3/envs/hanshi/lib/python3.9/site-packages/lm_eval/api/metrics.py", line 7, in <module>
    from .evaluation_suite import EvaluationSuite
  File "/fsx-storygen/beidic/anaconda3/envs/hanshi/lib/python3.9/site-packages/evaluate/evaluation_suite/__init__.py", line 10, in <module>
    from .evaluation_suite import EvaluationSuite
  File "/fsx-storygen/beidic/anaconda3/envs/hanshi/lib/python3.9/site-packages/evaluate/evaluation_suite/__init__.py", line 10, in <module>
            from ..evaluator import evaluatorfrom ..evaluator import evaluatorfrom ..evaluator import evaluator


  File "/fsx-storygen/beidic/anaconda3/envs/hanshi/lib/python3.9/site-packages/evaluate/evaluator/__init__.py", line 27, in <module>
  File "/fsx-storygen/beidic/anaconda3/envs/hanshi/lib/python3.9/site-packages/evaluate/evaluator/__init__.py", line 27, in <module>
  File "/fsx-storygen/beidic/anaconda3/envs/hanshi/lib/python3.9/site-packages/evaluate/evaluator/__init__.py", line 27, in <module>
    import evaluate as hf_evaluate
  File "/fsx-storygen/beidic/anaconda3/envs/hanshi/lib/python3.9/site-packages/evaluate/__init__.py", line 29, in <module>
    from ..evaluator import evaluator        
import evaluate as hf_evaluateimport evaluate as hf_evaluate  File "/fsx-storygen/beidic/anaconda3/envs/hanshi/lib/python3.9/site-packages/evaluate/evaluator/__init__.py", line 27, in <module>


  File "/fsx-storygen/beidic/anaconda3/envs/hanshi/lib/python3.9/site-packages/evaluate/__init__.py", line 29, in <module>
  File "/fsx-storygen/beidic/anaconda3/envs/hanshi/lib/python3.9/site-packages/evaluate/__init__.py", line 29, in <module>
    import evaluate as hf_evaluate
  File "/fsx-storygen/beidic/anaconda3/envs/hanshi/lib/python3.9/site-packages/evaluate/__init__.py", line 29, in <module>
    from .evaluation_suite import EvaluationSuite
  File "/fsx-storygen/beidic/anaconda3/envs/hanshi/lib/python3.9/site-packages/evaluate/evaluation_suite/__init__.py", line 10, in <module>
    from .audio_classification import AudioClassificationEvaluator
      File "/fsx-storygen/beidic/anaconda3/envs/hanshi/lib/python3.9/site-packages/evaluate/evaluator/audio_classification.py", line 23, in <module>
from .audio_classification import AudioClassificationEvaluator    
from .audio_classification import AudioClassificationEvaluator  File "/fsx-storygen/beidic/anaconda3/envs/hanshi/lib/python3.9/site-packages/evaluate/evaluator/audio_classification.py", line 23, in <module>

      File "/fsx-storygen/beidic/anaconda3/envs/hanshi/lib/python3.9/site-packages/evaluate/evaluator/audio_classification.py", line 23, in <module>
from .evaluation_suite import EvaluationSuite
  File "/fsx-storygen/beidic/anaconda3/envs/hanshi/lib/python3.9/site-packages/evaluate/evaluation_suite/__init__.py", line 10, in <module>
    from .audio_classification import AudioClassificationEvaluator
  File "/fsx-storygen/beidic/anaconda3/envs/hanshi/lib/python3.9/site-packages/evaluate/evaluator/audio_classification.py", line 23, in <module>
    from .evaluation_suite import EvaluationSuite
      File "/fsx-storygen/beidic/anaconda3/envs/hanshi/lib/python3.9/site-packages/evaluate/evaluation_suite/__init__.py", line 10, in <module>
from ..evaluator import evaluator
  File "/fsx-storygen/beidic/anaconda3/envs/hanshi/lib/python3.9/site-packages/evaluate/evaluator/__init__.py", line 27, in <module>
    from ..evaluator import evaluator
  File "/fsx-storygen/beidic/anaconda3/envs/hanshi/lib/python3.9/site-packages/evaluate/evaluator/__init__.py", line 27, in <module>
    from .evaluation_suite import EvaluationSuite
  File "/fsx-storygen/beidic/anaconda3/envs/hanshi/lib/python3.9/site-packages/evaluate/evaluation_suite/__init__.py", line 10, in <module>
    from ..evaluator import evaluator
  File "/fsx-storygen/beidic/anaconda3/envs/hanshi/lib/python3.9/site-packages/evaluate/evaluator/__init__.py", line 27, in <module>
        from .base import EVALUATOR_COMPUTE_RETURN_DOCSTRING, EVALUTOR_COMPUTE_START_DOCSTRING, Evaluator    from .base import EVALUATOR_COMPUTE_RETURN_DOCSTRING, EVALUTOR_COMPUTE_START_DOCSTRING, Evaluator
from .base import EVALUATOR_COMPUTE_RETURN_DOCSTRING, EVALUTOR_COMPUTE_START_DOCSTRING, Evaluator
  File "/fsx-storygen/beidic/anaconda3/envs/hanshi/lib/python3.9/site-packages/evaluate/evaluator/base.py", line 34, in <module>

  File "/fsx-storygen/beidic/anaconda3/envs/hanshi/lib/python3.9/site-packages/evaluate/evaluator/base.py", line 34, in <module>
  File "/fsx-storygen/beidic/anaconda3/envs/hanshi/lib/python3.9/site-packages/evaluate/evaluator/base.py", line 34, in <module>
    from .audio_classification import AudioClassificationEvaluator
  File "/fsx-storygen/beidic/anaconda3/envs/hanshi/lib/python3.9/site-packages/evaluate/evaluator/audio_classification.py", line 23, in <module>
    from .base import EVALUATOR_COMPUTE_RETURN_DOCSTRING, EVALUTOR_COMPUTE_START_DOCSTRING, Evaluator    
from .audio_classification import AudioClassificationEvaluator  File "/fsx-storygen/beidic/anaconda3/envs/hanshi/lib/python3.9/site-packages/evaluate/evaluator/base.py", line 34, in <module>

  File "/fsx-storygen/beidic/anaconda3/envs/hanshi/lib/python3.9/site-packages/evaluate/evaluator/audio_classification.py", line 23, in <module>
    from ..evaluator import evaluator
  File "/fsx-storygen/beidic/anaconda3/envs/hanshi/lib/python3.9/site-packages/evaluate/evaluator/__init__.py", line 27, in <module>
    from .audio_classification import AudioClassificationEvaluator
  File "/fsx-storygen/beidic/anaconda3/envs/hanshi/lib/python3.9/site-packages/evaluate/evaluator/audio_classification.py", line 23, in <module>
    from .base import EVALUATOR_COMPUTE_RETURN_DOCSTRING, EVALUTOR_COMPUTE_START_DOCSTRING, Evaluator
  File "/fsx-storygen/beidic/anaconda3/envs/hanshi/lib/python3.9/site-packages/evaluate/evaluator/base.py", line 34, in <module>
        from .audio_classification import AudioClassificationEvaluatorfrom .base import EVALUATOR_COMPUTE_RETURN_DOCSTRING, EVALUTOR_COMPUTE_START_DOCSTRING, Evaluator

  File "/fsx-storygen/beidic/anaconda3/envs/hanshi/lib/python3.9/site-packages/evaluate/evaluator/audio_classification.py", line 23, in <module>
  File "/fsx-storygen/beidic/anaconda3/envs/hanshi/lib/python3.9/site-packages/evaluate/evaluator/base.py", line 34, in <module>
            from transformers import Pipeline, pipelinefrom transformers import Pipeline, pipelinefrom transformers import Pipeline, pipeline        


from transformers import Pipeline, pipelinefrom transformers import Pipeline, pipeline  File "<frozen importlib._bootstrap>", line 1055, in _handle_fromlist
  File "<frozen importlib._bootstrap>", line 1055, in _handle_fromlist
  File "<frozen importlib._bootstrap>", line 1055, in _handle_fromlist


  File "<frozen importlib._bootstrap>", line 1055, in _handle_fromlist
  File "<frozen importlib._bootstrap>", line 1055, in _handle_fromlist
    from .base import EVALUATOR_COMPUTE_RETURN_DOCSTRING, EVALUTOR_COMPUTE_START_DOCSTRING, Evaluator
  File "/fsx-storygen/beidic/anaconda3/envs/hanshi/lib/python3.9/site-packages/transformers/utils/import_utils.py", line 1550, in __getattr__
  File "/fsx-storygen/beidic/anaconda3/envs/hanshi/lib/python3.9/site-packages/evaluate/evaluator/base.py", line 34, in <module>
  File "/fsx-storygen/beidic/anaconda3/envs/hanshi/lib/python3.9/site-packages/transformers/utils/import_utils.py", line 1550, in __getattr__
  File "/fsx-storygen/beidic/anaconda3/envs/hanshi/lib/python3.9/site-packages/transformers/utils/import_utils.py", line 1550, in __getattr__
  File "/fsx-storygen/beidic/anaconda3/envs/hanshi/lib/python3.9/site-packages/transformers/utils/import_utils.py", line 1550, in __getattr__
  File "/fsx-storygen/beidic/anaconda3/envs/hanshi/lib/python3.9/site-packages/transformers/utils/import_utils.py", line 1550, in __getattr__
    from transformers import Pipeline, pipeline
  File "<frozen importlib._bootstrap>", line 1055, in _handle_fromlist
  File "/fsx-storygen/beidic/anaconda3/envs/hanshi/lib/python3.9/site-packages/transformers/utils/import_utils.py", line 1550, in __getattr__
    from .base import EVALUATOR_COMPUTE_RETURN_DOCSTRING, EVALUTOR_COMPUTE_START_DOCSTRING, Evaluator
  File "/fsx-storygen/beidic/anaconda3/envs/hanshi/lib/python3.9/site-packages/evaluate/evaluator/base.py", line 34, in <module>
    from transformers import Pipeline, pipeline
  File "<frozen importlib._bootstrap>", line 1055, in _handle_fromlist
  File "/fsx-storygen/beidic/anaconda3/envs/hanshi/lib/python3.9/site-packages/transformers/utils/import_utils.py", line 1550, in __getattr__
    from transformers import Pipeline, pipeline
  File "<frozen importlib._bootstrap>", line 1055, in _handle_fromlist
  File "/fsx-storygen/beidic/anaconda3/envs/hanshi/lib/python3.9/site-packages/transformers/utils/import_utils.py", line 1550, in __getattr__
    module = self._get_module(self._class_to_module[name])
  File "/fsx-storygen/beidic/anaconda3/envs/hanshi/lib/python3.9/site-packages/transformers/utils/import_utils.py", line 1562, in _get_module
        module = self._get_module(self._class_to_module[name])    module = self._get_module(self._class_to_module[name])
    module = self._get_module(self._class_to_module[name])
  File "/fsx-storygen/beidic/anaconda3/envs/hanshi/lib/python3.9/site-packages/transformers/utils/import_utils.py", line 1562, in _get_module
module = self._get_module(self._class_to_module[name])
  File "/fsx-storygen/beidic/anaconda3/envs/hanshi/lib/python3.9/site-packages/transformers/utils/import_utils.py", line 1562, in _get_module

  File "/fsx-storygen/beidic/anaconda3/envs/hanshi/lib/python3.9/site-packages/transformers/utils/import_utils.py", line 1562, in _get_module
  File "/fsx-storygen/beidic/anaconda3/envs/hanshi/lib/python3.9/site-packages/transformers/utils/import_utils.py", line 1562, in _get_module
            raise RuntimeError(module = self._get_module(self._class_to_module[name])module = self._get_module(self._class_to_module[name])    


module = self._get_module(self._class_to_module[name])RuntimeError      File "/fsx-storygen/beidic/anaconda3/envs/hanshi/lib/python3.9/site-packages/transformers/utils/import_utils.py", line 1562, in _get_module
  File "/fsx-storygen/beidic/anaconda3/envs/hanshi/lib/python3.9/site-packages/transformers/utils/import_utils.py", line 1562, in _get_module
    
:     raise RuntimeError(raise RuntimeError(  File "/fsx-storygen/beidic/anaconda3/envs/hanshi/lib/python3.9/site-packages/transformers/utils/import_utils.py", line 1562, in _get_module
Failed to import transformers.pipelines because of the following error (look up to see its traceback):
cannot import name 'DataLoaderConfiguration' from 'accelerate.utils.dataclasses' (/fsx-storygen/beidic/anaconda3/envs/hanshi/lib/python3.9/site-packages/accelerate/utils/dataclasses.py)raise RuntimeError(



RuntimeErrorRuntimeErrorRuntimeError: : : Failed to import transformers.pipelines because of the following error (look up to see its traceback):
cannot import name 'DataLoaderConfiguration' from 'accelerate.utils.dataclasses' (/fsx-storygen/beidic/anaconda3/envs/hanshi/lib/python3.9/site-packages/accelerate/utils/dataclasses.py)Failed to import transformers.pipelines because of the following error (look up to see its traceback):
cannot import name 'DataLoaderConfiguration' from 'accelerate.utils.dataclasses' (/fsx-storygen/beidic/anaconda3/envs/hanshi/lib/python3.9/site-packages/accelerate/utils/dataclasses.py)Failed to import transformers.pipelines because of the following error (look up to see its traceback):
cannot import name 'DataLoaderConfiguration' from 'accelerate.utils.dataclasses' (/fsx-storygen/beidic/anaconda3/envs/hanshi/lib/python3.9/site-packages/accelerate/utils/dataclasses.py)


    raise RuntimeError(
RuntimeError: Failed to import transformers.pipelines because of the following error (look up to see its traceback):
cannot import name 'DataLoaderConfiguration' from 'accelerate.utils.dataclasses' (/fsx-storygen/beidic/anaconda3/envs/hanshi/lib/python3.9/site-packages/accelerate/utils/dataclasses.py)
        raise RuntimeError(raise RuntimeError(

RuntimeErrorRuntimeError: : Failed to import transformers.pipelines because of the following error (look up to see its traceback):
cannot import name 'DataLoaderConfiguration' from 'accelerate.utils.dataclasses' (/fsx-storygen/beidic/anaconda3/envs/hanshi/lib/python3.9/site-packages/accelerate/utils/dataclasses.py)Failed to import transformers.pipelines because of the following error (look up to see its traceback):
cannot import name 'DataLoaderConfiguration' from 'accelerate.utils.dataclasses' (/fsx-storygen/beidic/anaconda3/envs/hanshi/lib/python3.9/site-packages/accelerate/utils/dataclasses.py)

    raise RuntimeError(
RuntimeError: Failed to import transformers.pipelines because of the following error (look up to see its traceback):
cannot import name 'DataLoaderConfiguration' from 'accelerate.utils.dataclasses' (/fsx-storygen/beidic/anaconda3/envs/hanshi/lib/python3.9/site-packages/accelerate/utils/dataclasses.py)
E0701 22:24:55.709594 140309736937280 torch/distributed/elastic/multiprocessing/api.py:826] failed (exitcode: 1) local_rank: 0 (pid: 1308517) of binary: /fsx-storygen/beidic/anaconda3/envs/hanshi/bin/python3.9
Traceback (most recent call last):
  File "/fsx-storygen/beidic/anaconda3/envs/hanshi/bin/accelerate", line 8, in <module>
    sys.exit(main())
  File "/fsx-storygen/beidic/anaconda3/envs/hanshi/lib/python3.9/site-packages/accelerate/commands/accelerate_cli.py", line 47, in main
    # Run
  File "/fsx-storygen/beidic/anaconda3/envs/hanshi/lib/python3.9/site-packages/accelerate/commands/launch.py", line 1014, in launch_command
    elif is_mlu_available():
  File "/fsx-storygen/beidic/anaconda3/envs/hanshi/lib/python3.9/site-packages/accelerate/commands/launch.py", line 672, in multi_gpu_launcher
    # MPI arguments
  File "/fsx-storygen/beidic/anaconda3/envs/hanshi/lib/python3.9/site-packages/torch/distributed/run.py", line 870, in run
    elastic_launch(
  File "/fsx-storygen/beidic/anaconda3/envs/hanshi/lib/python3.9/site-packages/torch/distributed/launcher/api.py", line 132, in __call__
    return launch_agent(self._config, self._entrypoint, list(args))
  File "/fsx-storygen/beidic/anaconda3/envs/hanshi/lib/python3.9/site-packages/torch/distributed/launcher/api.py", line 263, in launch_agent
    raise ChildFailedError(
torch.distributed.elastic.multiprocessing.errors.ChildFailedError: 
============================================================
main.py FAILED
------------------------------------------------------------
Failures:
[1]:
  time      : 2024-07-01_22:24:55
  host      : a100-st-p4de24xlarge-304.fair-a100.hpcaas
  rank      : 1 (local_rank: 1)
  exitcode  : 1 (pid: 1308518)
  error_file: <N/A>
  traceback : To enable traceback see: https://pytorch.org/docs/stable/elastic/errors.html
[2]:
  time      : 2024-07-01_22:24:55
  host      : a100-st-p4de24xlarge-304.fair-a100.hpcaas
  rank      : 2 (local_rank: 2)
  exitcode  : 1 (pid: 1308519)
  error_file: <N/A>
  traceback : To enable traceback see: https://pytorch.org/docs/stable/elastic/errors.html
[3]:
  time      : 2024-07-01_22:24:55
  host      : a100-st-p4de24xlarge-304.fair-a100.hpcaas
  rank      : 3 (local_rank: 3)
  exitcode  : 1 (pid: 1308520)
  error_file: <N/A>
  traceback : To enable traceback see: https://pytorch.org/docs/stable/elastic/errors.html
[4]:
  time      : 2024-07-01_22:24:55
  host      : a100-st-p4de24xlarge-304.fair-a100.hpcaas
  rank      : 4 (local_rank: 4)
  exitcode  : 1 (pid: 1308521)
  error_file: <N/A>
  traceback : To enable traceback see: https://pytorch.org/docs/stable/elastic/errors.html
[5]:
  time      : 2024-07-01_22:24:55
  host      : a100-st-p4de24xlarge-304.fair-a100.hpcaas
  rank      : 5 (local_rank: 5)
  exitcode  : 1 (pid: 1308522)
  error_file: <N/A>
  traceback : To enable traceback see: https://pytorch.org/docs/stable/elastic/errors.html
[6]:
  time      : 2024-07-01_22:24:55
  host      : a100-st-p4de24xlarge-304.fair-a100.hpcaas
  rank      : 6 (local_rank: 6)
  exitcode  : 1 (pid: 1308523)
  error_file: <N/A>
  traceback : To enable traceback see: https://pytorch.org/docs/stable/elastic/errors.html
[7]:
  time      : 2024-07-01_22:24:55
  host      : a100-st-p4de24xlarge-304.fair-a100.hpcaas
  rank      : 7 (local_rank: 7)
  exitcode  : 1 (pid: 1308524)
  error_file: <N/A>
  traceback : To enable traceback see: https://pytorch.org/docs/stable/elastic/errors.html
------------------------------------------------------------
Root Cause (first observed failure):
[0]:
  time      : 2024-07-01_22:24:55
  host      : a100-st-p4de24xlarge-304.fair-a100.hpcaas
  rank      : 0 (local_rank: 0)
  exitcode  : 1 (pid: 1308517)
  error_file: <N/A>
  traceback : To enable traceback see: https://pytorch.org/docs/stable/elastic/errors.html
============================================================
