M	.DS_Store
D	strategyqa_cot_prompts_5shot.txt
A	strategyqa_cot_prompts_5shots.txt
Your branch is behind 'origin/addinggriffin' by 7 commits, and can be fast-forwarded.
  (use "git pull" to update your local branch)
Updating a10f6c8..06f4811
Updating a10f6c8..06f4811
/fsx-storygen/beidic/anaconda3/envs/hanshi/bin/python
/fsx-storygen/beidic/anaconda3/envs/hanshi/bin/python
The token has not been saved to the git credentials helper. Pass `add_to_git_credential=True` in this function directly or `--add-to-git-credential` if using via `huggingface-cli` if you want to set the git credential as well.
Token is valid (permission: fineGrained).
Your token has been saved to /data/home/beidic/.cache/huggingface/token
Login successful
is_distributed True
is_distributed True
is_distributed True
is_distributed True
is_distributed True
is_distributed True
is_distributed True
is_distributed True
