Already up to date.
Already up to date.
Requirement already satisfied: setuptools in /opt/hpcaas/.mounts/fs-03efe25c053395d1f/beidic/anaconda3/envs/hanshi/lib/python3.9/site-packages (70.1.1)
Collecting setuptools
  Using cached setuptools-70.2.0-py3-none-any.whl.metadata (5.8 kB)
Requirement already satisfied: packaging in /opt/hpcaas/.mounts/fs-03efe25c053395d1f/beidic/anaconda3/envs/hanshi/lib/python3.9/site-packages (24.1)
Using cached setuptools-70.2.0-py3-none-any.whl (930 kB)
Installing collected packages: setuptools
  Attempting uninstall: setuptools
    Found existing installation: setuptools 70.1.1
    Uninstalling setuptools-70.1.1:
      Successfully uninstalled setuptools-70.1.1
Successfully installed setuptools-70.2.0
Collecting peft
  Using cached peft-0.11.1-py3-none-any.whl.metadata (13 kB)
Collecting numpy>=1.17 (from peft)
  Using cached numpy-2.0.0-cp39-cp39-manylinux_2_17_x86_64.manylinux2014_x86_64.whl.metadata (60 kB)
Collecting packaging>=20.0 (from peft)
  Using cached packaging-24.1-py3-none-any.whl.metadata (3.2 kB)
Collecting psutil (from peft)
  Using cached psutil-6.0.0-cp36-abi3-manylinux_2_12_x86_64.manylinux2010_x86_64.manylinux_2_17_x86_64.manylinux2014_x86_64.whl.metadata (21 kB)
Collecting pyyaml (from peft)
  Using cached PyYAML-6.0.1-cp39-cp39-manylinux_2_17_x86_64.manylinux2014_x86_64.whl.metadata (2.1 kB)
Collecting torch>=1.13.0 (from peft)
  Using cached torch-2.3.1-cp39-cp39-manylinux1_x86_64.whl.metadata (26 kB)
Collecting transformers (from peft)
  Using cached transformers-4.42.3-py3-none-any.whl.metadata (43 kB)
Collecting tqdm (from peft)
  Using cached tqdm-4.66.4-py3-none-any.whl.metadata (57 kB)
Collecting accelerate>=0.21.0 (from peft)
  Using cached accelerate-0.31.0-py3-none-any.whl.metadata (19 kB)
Collecting safetensors (from peft)
  Using cached safetensors-0.4.3-cp39-cp39-manylinux_2_17_x86_64.manylinux2014_x86_64.whl.metadata (3.8 kB)
Collecting huggingface-hub>=0.17.0 (from peft)
  Using cached huggingface_hub-0.23.4-py3-none-any.whl.metadata (12 kB)
Collecting filelock (from huggingface-hub>=0.17.0->peft)
  Using cached filelock-3.15.4-py3-none-any.whl.metadata (2.9 kB)
Collecting fsspec>=2023.5.0 (from huggingface-hub>=0.17.0->peft)
  Using cached fsspec-2024.6.1-py3-none-any.whl.metadata (11 kB)
Collecting requests (from huggingface-hub>=0.17.0->peft)
  Using cached requests-2.32.3-py3-none-any.whl.metadata (4.6 kB)
Collecting typing-extensions>=3.7.4.3 (from huggingface-hub>=0.17.0->peft)
  Using cached typing_extensions-4.12.2-py3-none-any.whl.metadata (3.0 kB)
Collecting sympy (from torch>=1.13.0->peft)
  Using cached sympy-1.12.1-py3-none-any.whl.metadata (12 kB)
Collecting networkx (from torch>=1.13.0->peft)
  Using cached networkx-3.2.1-py3-none-any.whl.metadata (5.2 kB)
Collecting jinja2 (from torch>=1.13.0->peft)
  Using cached jinja2-3.1.4-py3-none-any.whl.metadata (2.6 kB)
Collecting nvidia-cuda-nvrtc-cu12==12.1.105 (from torch>=1.13.0->peft)
  Using cached nvidia_cuda_nvrtc_cu12-12.1.105-py3-none-manylinux1_x86_64.whl.metadata (1.5 kB)
Collecting nvidia-cuda-runtime-cu12==12.1.105 (from torch>=1.13.0->peft)
  Using cached nvidia_cuda_runtime_cu12-12.1.105-py3-none-manylinux1_x86_64.whl.metadata (1.5 kB)
Collecting nvidia-cuda-cupti-cu12==12.1.105 (from torch>=1.13.0->peft)
  Using cached nvidia_cuda_cupti_cu12-12.1.105-py3-none-manylinux1_x86_64.whl.metadata (1.6 kB)
Collecting nvidia-cudnn-cu12==8.9.2.26 (from torch>=1.13.0->peft)
  Using cached nvidia_cudnn_cu12-8.9.2.26-py3-none-manylinux1_x86_64.whl.metadata (1.6 kB)
Collecting nvidia-cublas-cu12==12.1.3.1 (from torch>=1.13.0->peft)
  Using cached nvidia_cublas_cu12-12.1.3.1-py3-none-manylinux1_x86_64.whl.metadata (1.5 kB)
Collecting nvidia-cufft-cu12==11.0.2.54 (from torch>=1.13.0->peft)
  Using cached nvidia_cufft_cu12-11.0.2.54-py3-none-manylinux1_x86_64.whl.metadata (1.5 kB)
Collecting nvidia-curand-cu12==10.3.2.106 (from torch>=1.13.0->peft)
  Using cached nvidia_curand_cu12-10.3.2.106-py3-none-manylinux1_x86_64.whl.metadata (1.5 kB)
Collecting nvidia-cusolver-cu12==11.4.5.107 (from torch>=1.13.0->peft)
  Using cached nvidia_cusolver_cu12-11.4.5.107-py3-none-manylinux1_x86_64.whl.metadata (1.6 kB)
Collecting nvidia-cusparse-cu12==12.1.0.106 (from torch>=1.13.0->peft)
  Using cached nvidia_cusparse_cu12-12.1.0.106-py3-none-manylinux1_x86_64.whl.metadata (1.6 kB)
Collecting nvidia-nccl-cu12==2.20.5 (from torch>=1.13.0->peft)
  Using cached nvidia_nccl_cu12-2.20.5-py3-none-manylinux2014_x86_64.whl.metadata (1.8 kB)
Collecting nvidia-nvtx-cu12==12.1.105 (from torch>=1.13.0->peft)
  Using cached nvidia_nvtx_cu12-12.1.105-py3-none-manylinux1_x86_64.whl.metadata (1.7 kB)
Collecting triton==2.3.1 (from torch>=1.13.0->peft)
  Using cached triton-2.3.1-cp39-cp39-manylinux_2_17_x86_64.manylinux2014_x86_64.whl.metadata (1.4 kB)
Collecting nvidia-nvjitlink-cu12 (from nvidia-cusolver-cu12==11.4.5.107->torch>=1.13.0->peft)
  Using cached nvidia_nvjitlink_cu12-12.5.82-py3-none-manylinux2014_x86_64.whl.metadata (1.5 kB)
Collecting numpy>=1.17 (from peft)
  Using cached numpy-1.26.4-cp39-cp39-manylinux_2_17_x86_64.manylinux2014_x86_64.whl.metadata (61 kB)
Collecting regex!=2019.12.17 (from transformers->peft)
  Using cached regex-2024.5.15-cp39-cp39-manylinux_2_17_x86_64.manylinux2014_x86_64.whl.metadata (40 kB)
Collecting tokenizers<0.20,>=0.19 (from transformers->peft)
  Using cached tokenizers-0.19.1-cp39-cp39-manylinux_2_17_x86_64.manylinux2014_x86_64.whl.metadata (6.7 kB)
Collecting MarkupSafe>=2.0 (from jinja2->torch>=1.13.0->peft)
  Using cached MarkupSafe-2.1.5-cp39-cp39-manylinux_2_17_x86_64.manylinux2014_x86_64.whl.metadata (3.0 kB)
Collecting charset-normalizer<4,>=2 (from requests->huggingface-hub>=0.17.0->peft)
  Using cached charset_normalizer-3.3.2-cp39-cp39-manylinux_2_17_x86_64.manylinux2014_x86_64.whl.metadata (33 kB)
Collecting idna<4,>=2.5 (from requests->huggingface-hub>=0.17.0->peft)
  Using cached idna-3.7-py3-none-any.whl.metadata (9.9 kB)
Collecting urllib3<3,>=1.21.1 (from requests->huggingface-hub>=0.17.0->peft)
  Using cached urllib3-2.2.2-py3-none-any.whl.metadata (6.4 kB)
Collecting certifi>=2017.4.17 (from requests->huggingface-hub>=0.17.0->peft)
  Using cached certifi-2024.6.2-py3-none-any.whl.metadata (2.2 kB)
Collecting mpmath<1.4.0,>=1.1.0 (from sympy->torch>=1.13.0->peft)
  Using cached mpmath-1.3.0-py3-none-any.whl.metadata (8.6 kB)
Using cached peft-0.11.1-py3-none-any.whl (251 kB)
Using cached accelerate-0.31.0-py3-none-any.whl (309 kB)
Using cached huggingface_hub-0.23.4-py3-none-any.whl (402 kB)
Using cached packaging-24.1-py3-none-any.whl (53 kB)
Using cached PyYAML-6.0.1-cp39-cp39-manylinux_2_17_x86_64.manylinux2014_x86_64.whl (738 kB)
Using cached safetensors-0.4.3-cp39-cp39-manylinux_2_17_x86_64.manylinux2014_x86_64.whl (1.2 MB)
Using cached torch-2.3.1-cp39-cp39-manylinux1_x86_64.whl (779.1 MB)
Using cached nvidia_cublas_cu12-12.1.3.1-py3-none-manylinux1_x86_64.whl (410.6 MB)
Using cached nvidia_cuda_cupti_cu12-12.1.105-py3-none-manylinux1_x86_64.whl (14.1 MB)
Using cached nvidia_cuda_nvrtc_cu12-12.1.105-py3-none-manylinux1_x86_64.whl (23.7 MB)
Using cached nvidia_cuda_runtime_cu12-12.1.105-py3-none-manylinux1_x86_64.whl (823 kB)
Using cached nvidia_cudnn_cu12-8.9.2.26-py3-none-manylinux1_x86_64.whl (731.7 MB)
Using cached nvidia_cufft_cu12-11.0.2.54-py3-none-manylinux1_x86_64.whl (121.6 MB)
Using cached nvidia_curand_cu12-10.3.2.106-py3-none-manylinux1_x86_64.whl (56.5 MB)
Using cached nvidia_cusolver_cu12-11.4.5.107-py3-none-manylinux1_x86_64.whl (124.2 MB)
Using cached nvidia_cusparse_cu12-12.1.0.106-py3-none-manylinux1_x86_64.whl (196.0 MB)
Using cached nvidia_nccl_cu12-2.20.5-py3-none-manylinux2014_x86_64.whl (176.2 MB)
Using cached nvidia_nvtx_cu12-12.1.105-py3-none-manylinux1_x86_64.whl (99 kB)
Using cached triton-2.3.1-cp39-cp39-manylinux_2_17_x86_64.manylinux2014_x86_64.whl (168.1 MB)
Using cached tqdm-4.66.4-py3-none-any.whl (78 kB)
Using cached psutil-6.0.0-cp36-abi3-manylinux_2_12_x86_64.manylinux2010_x86_64.manylinux_2_17_x86_64.manylinux2014_x86_64.whl (290 kB)
Using cached transformers-4.42.3-py3-none-any.whl (9.3 MB)
Using cached numpy-1.26.4-cp39-cp39-manylinux_2_17_x86_64.manylinux2014_x86_64.whl (18.2 MB)
Using cached fsspec-2024.6.1-py3-none-any.whl (177 kB)
Using cached regex-2024.5.15-cp39-cp39-manylinux_2_17_x86_64.manylinux2014_x86_64.whl (774 kB)
Using cached tokenizers-0.19.1-cp39-cp39-manylinux_2_17_x86_64.manylinux2014_x86_64.whl (3.6 MB)
Using cached typing_extensions-4.12.2-py3-none-any.whl (37 kB)
Using cached filelock-3.15.4-py3-none-any.whl (16 kB)
Using cached jinja2-3.1.4-py3-none-any.whl (133 kB)
Using cached networkx-3.2.1-py3-none-any.whl (1.6 MB)
Using cached requests-2.32.3-py3-none-any.whl (64 kB)
Using cached sympy-1.12.1-py3-none-any.whl (5.7 MB)
Using cached certifi-2024.6.2-py3-none-any.whl (164 kB)
Using cached charset_normalizer-3.3.2-cp39-cp39-manylinux_2_17_x86_64.manylinux2014_x86_64.whl (142 kB)
Using cached idna-3.7-py3-none-any.whl (66 kB)
Using cached MarkupSafe-2.1.5-cp39-cp39-manylinux_2_17_x86_64.manylinux2014_x86_64.whl (25 kB)
Using cached mpmath-1.3.0-py3-none-any.whl (536 kB)
Using cached urllib3-2.2.2-py3-none-any.whl (121 kB)
Using cached nvidia_nvjitlink_cu12-12.5.82-py3-none-manylinux2014_x86_64.whl (21.3 MB)
Installing collected packages: mpmath, urllib3, typing-extensions, tqdm, sympy, safetensors, regex, pyyaml, psutil, packaging, nvidia-nvtx-cu12, nvidia-nvjitlink-cu12, nvidia-nccl-cu12, nvidia-curand-cu12, nvidia-cufft-cu12, nvidia-cuda-runtime-cu12, nvidia-cuda-nvrtc-cu12, nvidia-cuda-cupti-cu12, nvidia-cublas-cu12, numpy, networkx, MarkupSafe, idna, fsspec, filelock, charset-normalizer, certifi, triton, requests, nvidia-cusparse-cu12, nvidia-cudnn-cu12, jinja2, nvidia-cusolver-cu12, huggingface-hub, torch, tokenizers, transformers, accelerate, peft
  Attempting uninstall: mpmath
    Found existing installation: mpmath 1.3.0
    Uninstalling mpmath-1.3.0:
      Successfully uninstalled mpmath-1.3.0
  Attempting uninstall: urllib3
    Found existing installation: urllib3 2.2.2
    Uninstalling urllib3-2.2.2:
      Successfully uninstalled urllib3-2.2.2
  Attempting uninstall: typing-extensions
    Found existing installation: typing_extensions 4.12.2
    Uninstalling typing_extensions-4.12.2:
      Successfully uninstalled typing_extensions-4.12.2
  Attempting uninstall: tqdm
    Found existing installation: tqdm 4.66.4
    Uninstalling tqdm-4.66.4:
      Successfully uninstalled tqdm-4.66.4
  Attempting uninstall: sympy
    Found existing installation: sympy 1.12
    Can't uninstall 'sympy'. No files were found to uninstall.
  Attempting uninstall: safetensors
    Found existing installation: safetensors 0.4.3
    Uninstalling safetensors-0.4.3:
      Successfully uninstalled safetensors-0.4.3
  Attempting uninstall: regex
    Found existing installation: regex 2024.5.15
    Uninstalling regex-2024.5.15:
      Successfully uninstalled regex-2024.5.15
  Attempting uninstall: pyyaml
    Found existing installation: PyYAML 6.0.1
    Uninstalling PyYAML-6.0.1:
      Successfully uninstalled PyYAML-6.0.1
  Attempting uninstall: psutil
    Found existing installation: psutil 5.9.8
    Can't uninstall 'psutil'. No files were found to uninstall.
  Attempting uninstall: packaging
    Found existing installation: packaging 24.1
    Uninstalling packaging-24.1:
      Successfully uninstalled packaging-24.1
  Attempting uninstall: nvidia-nvtx-cu12
    Found existing installation: nvidia-nvtx-cu12 12.1.105
    Uninstalling nvidia-nvtx-cu12-12.1.105:
      Successfully uninstalled nvidia-nvtx-cu12-12.1.105
  Attempting uninstall: nvidia-nvjitlink-cu12
    Found existing installation: nvidia-nvjitlink-cu12 12.5.40
    Can't uninstall 'nvidia-nvjitlink-cu12'. No files were found to uninstall.
  Attempting uninstall: nvidia-nccl-cu12
    Found existing installation: nvidia-nccl-cu12 2.18.1
    Can't uninstall 'nvidia-nccl-cu12'. No files were found to uninstall.
  Attempting uninstall: nvidia-curand-cu12
    Found existing installation: nvidia-curand-cu12 10.3.2.106
    Uninstalling nvidia-curand-cu12-10.3.2.106:
      Successfully uninstalled nvidia-curand-cu12-10.3.2.106
  Attempting uninstall: nvidia-cufft-cu12
    Found existing installation: nvidia-cufft-cu12 11.0.2.54
    Uninstalling nvidia-cufft-cu12-11.0.2.54:
/fsx-storygen/beidic/anaconda3/envs/hanshi/bin/python
/fsx-storygen/beidic/anaconda3/envs/hanshi/bin/python
The token has not been saved to the git credentials helper. Pass `add_to_git_credential=True` in this function directly or `--add-to-git-credential` if using via `huggingface-cli` if you want to set the git credential as well.
