wandb: Currently logged in as: stevenzhou0816100. Use `wandb login --relogin` to force relogin
The following values were not passed to `accelerate launch` and had defaults used instead:
		More than one GPU was found, enabling multi-GPU training.
		If this was unintended please pass in `--num_processes=1`.
	`--mixed_precision` was set to a value of `'no'`
	`--dynamo_backend` was set to a value of `'no'`
To avoid this warning pass in values for each of the problematic parameters or run `accelerate config`.
Traceback (most recent call last):
  File "/opt/hpcaas/.mounts/fs-03efe25c053395d1f/beidic/yang/transformersprofiling/enlargingcontextlength.py", line 250, in <module>
Traceback (most recent call last):
Traceback (most recent call last):
Traceback (most recent call last):
Traceback (most recent call last):
Traceback (most recent call last):
  File "/opt/hpcaas/.mounts/fs-03efe25c053395d1f/beidic/yang/transformersprofiling/enlargingcontextlength.py", line 250, in <module>
  File "/opt/hpcaas/.mounts/fs-03efe25c053395d1f/beidic/yang/transformersprofiling/enlargingcontextlength.py", line 250, in <module>
  File "/opt/hpcaas/.mounts/fs-03efe25c053395d1f/beidic/yang/transformersprofiling/enlargingcontextlength.py", line 250, in <module>
  File "/opt/hpcaas/.mounts/fs-03efe25c053395d1f/beidic/yang/transformersprofiling/enlargingcontextlength.py", line 250, in <module>
  File "/opt/hpcaas/.mounts/fs-03efe25c053395d1f/beidic/yang/transformersprofiling/enlargingcontextlength.py", line 250, in <module>
Traceback (most recent call last):
  File "/opt/hpcaas/.mounts/fs-03efe25c053395d1f/beidic/yang/transformersprofiling/enlargingcontextlength.py", line 250, in <module>
Traceback (most recent call last):
  File "/opt/hpcaas/.mounts/fs-03efe25c053395d1f/beidic/yang/transformersprofiling/enlargingcontextlength.py", line 250, in <module>
    main(args.parse_args())
  File "/opt/hpcaas/.mounts/fs-03efe25c053395d1f/beidic/yang/transformersprofiling/enlargingcontextlength.py", line 83, in main
    main(args.parse_args())
  File "/opt/hpcaas/.mounts/fs-03efe25c053395d1f/beidic/yang/transformersprofiling/enlargingcontextlength.py", line 83, in main
    main(args.parse_args())
  File "/opt/hpcaas/.mounts/fs-03efe25c053395d1f/beidic/yang/transformersprofiling/enlargingcontextlength.py", line 83, in main
                main(args.parse_args())    main(args.parse_args())os.makedirs(output_dir, exist_ok=True)main(args.parse_args())        
main(args.parse_args())


os.makedirs(output_dir, exist_ok=True)os.makedirs(output_dir, exist_ok=True)  File "/opt/hpcaas/.mounts/fs-03efe25c053395d1f/beidic/yang/transformersprofiling/enlargingcontextlength.py", line 83, in main

  File "/opt/hpcaas/.mounts/fs-03efe25c053395d1f/beidic/yang/transformersprofiling/enlargingcontextlength.py", line 83, in main
  File "/data/home/beidic/anaconda3/envs/yangllm2/lib/python3.9/os.py", line 215, in makedirs
  File "/opt/hpcaas/.mounts/fs-03efe25c053395d1f/beidic/yang/transformersprofiling/enlargingcontextlength.py", line 83, in main


  File "/opt/hpcaas/.mounts/fs-03efe25c053395d1f/beidic/yang/transformersprofiling/enlargingcontextlength.py", line 83, in main
  File "/data/home/beidic/anaconda3/envs/yangllm2/lib/python3.9/os.py", line 215, in makedirs
  File "/data/home/beidic/anaconda3/envs/yangllm2/lib/python3.9/os.py", line 215, in makedirs
    main(args.parse_args())
  File "/opt/hpcaas/.mounts/fs-03efe25c053395d1f/beidic/yang/transformersprofiling/enlargingcontextlength.py", line 83, in main
    os.makedirs(output_dir, exist_ok=True)
  File "/data/home/beidic/anaconda3/envs/yangllm2/lib/python3.9/os.py", line 215, in makedirs
    os.makedirs(output_dir, exist_ok=True)
  File "/data/home/beidic/anaconda3/envs/yangllm2/lib/python3.9/os.py", line 215, in makedirs
        os.makedirs(output_dir, exist_ok=True)os.makedirs(output_dir, exist_ok=True)

  File "/data/home/beidic/anaconda3/envs/yangllm2/lib/python3.9/os.py", line 215, in makedirs
  File "/data/home/beidic/anaconda3/envs/yangllm2/lib/python3.9/os.py", line 215, in makedirs
    os.makedirs(output_dir, exist_ok=True)
  File "/data/home/beidic/anaconda3/envs/yangllm2/lib/python3.9/os.py", line 215, in makedirs
                    makedirs(head, exist_ok=exist_ok)makedirs(head, exist_ok=exist_ok)        makedirs(head, exist_ok=exist_ok)makedirs(head, exist_ok=exist_ok)makedirs(head, exist_ok=exist_ok)

makedirs(head, exist_ok=exist_ok)makedirs(head, exist_ok=exist_ok)


  File "/data/home/beidic/anaconda3/envs/yangllm2/lib/python3.9/os.py", line 215, in makedirs
  File "/data/home/beidic/anaconda3/envs/yangllm2/lib/python3.9/os.py", line 215, in makedirs


  File "/data/home/beidic/anaconda3/envs/yangllm2/lib/python3.9/os.py", line 215, in makedirs
  File "/data/home/beidic/anaconda3/envs/yangllm2/lib/python3.9/os.py", line 215, in makedirs
  File "/data/home/beidic/anaconda3/envs/yangllm2/lib/python3.9/os.py", line 215, in makedirs
  File "/data/home/beidic/anaconda3/envs/yangllm2/lib/python3.9/os.py", line 215, in makedirs
  File "/data/home/beidic/anaconda3/envs/yangllm2/lib/python3.9/os.py", line 215, in makedirs
    makedirs(head, exist_ok=exist_ok)
  File "/data/home/beidic/anaconda3/envs/yangllm2/lib/python3.9/os.py", line 215, in makedirs
    makedirs(head, exist_ok=exist_ok)
  File "/data/home/beidic/anaconda3/envs/yangllm2/lib/python3.9/os.py", line 215, in makedirs
        makedirs(head, exist_ok=exist_ok)            makedirs(head, exist_ok=exist_ok)    
makedirs(head, exist_ok=exist_ok)makedirs(head, exist_ok=exist_ok)    makedirs(head, exist_ok=exist_ok)
makedirs(head, exist_ok=exist_ok)  File "/data/home/beidic/anaconda3/envs/yangllm2/lib/python3.9/os.py", line 215, in makedirs


makedirs(head, exist_ok=exist_ok)
  File "/data/home/beidic/anaconda3/envs/yangllm2/lib/python3.9/os.py", line 215, in makedirs

  File "/data/home/beidic/anaconda3/envs/yangllm2/lib/python3.9/os.py", line 215, in makedirs
  File "/data/home/beidic/anaconda3/envs/yangllm2/lib/python3.9/os.py", line 215, in makedirs

  File "/data/home/beidic/anaconda3/envs/yangllm2/lib/python3.9/os.py", line 215, in makedirs
  File "/data/home/beidic/anaconda3/envs/yangllm2/lib/python3.9/os.py", line 215, in makedirs
  [Previous line repeated 1 more time]
  File "/data/home/beidic/anaconda3/envs/yangllm2/lib/python3.9/os.py", line 225, in makedirs
    makedirs(head, exist_ok=exist_ok)
  File "/data/home/beidic/anaconda3/envs/yangllm2/lib/python3.9/os.py", line 215, in makedirs
                makedirs(head, exist_ok=exist_ok)            makedirs(head, exist_ok=exist_ok)mkdir(name, mode)makedirs(head, exist_ok=exist_ok)
makedirs(head, exist_ok=exist_ok)makedirs(head, exist_ok=exist_ok)makedirs(head, exist_ok=exist_ok)



  [Previous line repeated 1 more time]


  [Previous line repeated 1 more time]
PermissionError  [Previous line repeated 1 more time]
  File "/data/home/beidic/anaconda3/envs/yangllm2/lib/python3.9/os.py", line 225, in makedirs
  [Previous line repeated 1 more time]
  [Previous line repeated 1 more time]
  File "/data/home/beidic/anaconda3/envs/yangllm2/lib/python3.9/os.py", line 225, in makedirs
  [Previous line repeated 1 more time]
:   File "/data/home/beidic/anaconda3/envs/yangllm2/lib/python3.9/os.py", line 225, in makedirs
  File "/data/home/beidic/anaconda3/envs/yangllm2/lib/python3.9/os.py", line 225, in makedirs
  File "/data/home/beidic/anaconda3/envs/yangllm2/lib/python3.9/os.py", line 225, in makedirs
  File "/data/home/beidic/anaconda3/envs/yangllm2/lib/python3.9/os.py", line 225, in makedirs
[Errno 13] Permission denied: '/checkpoint'
    makedirs(head, exist_ok=exist_ok)
  [Previous line repeated 1 more time]
  File "/data/home/beidic/anaconda3/envs/yangllm2/lib/python3.9/os.py", line 225, in makedirs
    mkdir(name, mode)
PermissionError: [Errno 13] Permission denied: '/checkpoint'
                mkdir(name, mode)    mkdir(name, mode)mkdir(name, mode)mkdir(name, mode)
mkdir(name, mode)


PermissionError
PermissionErrorPermissionErrorPermissionError: PermissionError: : : [Errno 13] Permission denied: '/checkpoint': [Errno 13] Permission denied: '/checkpoint'[Errno 13] Permission denied: '/checkpoint'[Errno 13] Permission denied: '/checkpoint'
[Errno 13] Permission denied: '/checkpoint'



    mkdir(name, mode)
PermissionError: [Errno 13] Permission denied: '/checkpoint'
[2024-05-01 10:12:10,565] torch.distributed.elastic.multiprocessing.api: [ERROR] failed (exitcode: 1) local_rank: 0 (pid: 3082680) of binary: /data/home/beidic/anaconda3/envs/yangllm2/bin/python3.9
Traceback (most recent call last):
  File "/data/home/beidic/anaconda3/envs/yangllm2/bin/accelerate", line 8, in <module>
    sys.exit(main())
  File "/data/home/beidic/anaconda3/envs/yangllm2/lib/python3.9/site-packages/accelerate/commands/accelerate_cli.py", line 47, in main
    args.func(args)
  File "/data/home/beidic/anaconda3/envs/yangllm2/lib/python3.9/site-packages/accelerate/commands/launch.py", line 1014, in launch_command
    multi_gpu_launcher(args)
  File "/data/home/beidic/anaconda3/envs/yangllm2/lib/python3.9/site-packages/accelerate/commands/launch.py", line 672, in multi_gpu_launcher
    distrib_run.run(args)
  File "/data/home/beidic/anaconda3/envs/yangllm2/lib/python3.9/site-packages/torch/distributed/run.py", line 797, in run
    elastic_launch(
  File "/data/home/beidic/anaconda3/envs/yangllm2/lib/python3.9/site-packages/torch/distributed/launcher/api.py", line 134, in __call__
    return launch_agent(self._config, self._entrypoint, list(args))
  File "/data/home/beidic/anaconda3/envs/yangllm2/lib/python3.9/site-packages/torch/distributed/launcher/api.py", line 264, in launch_agent
    raise ChildFailedError(
torch.distributed.elastic.multiprocessing.errors.ChildFailedError: 
============================================================
enlargingcontextlength.py FAILED
------------------------------------------------------------
Failures:
[1]:
  time      : 2024-05-01_10:12:10
  host      : a100-st-p4de24xlarge-1034.fair-a100.hpcaas
  rank      : 1 (local_rank: 1)
  exitcode  : 1 (pid: 3082681)
  error_file: <N/A>
  traceback : To enable traceback see: https://pytorch.org/docs/stable/elastic/errors.html
[2]:
  time      : 2024-05-01_10:12:10
  host      : a100-st-p4de24xlarge-1034.fair-a100.hpcaas
  rank      : 2 (local_rank: 2)
  exitcode  : 1 (pid: 3082682)
  error_file: <N/A>
  traceback : To enable traceback see: https://pytorch.org/docs/stable/elastic/errors.html
[3]:
  time      : 2024-05-01_10:12:10
  host      : a100-st-p4de24xlarge-1034.fair-a100.hpcaas
  rank      : 3 (local_rank: 3)
  exitcode  : 1 (pid: 3082683)
  error_file: <N/A>
  traceback : To enable traceback see: https://pytorch.org/docs/stable/elastic/errors.html
[4]:
  time      : 2024-05-01_10:12:10
  host      : a100-st-p4de24xlarge-1034.fair-a100.hpcaas
  rank      : 4 (local_rank: 4)
  exitcode  : 1 (pid: 3082684)
  error_file: <N/A>
  traceback : To enable traceback see: https://pytorch.org/docs/stable/elastic/errors.html
[5]:
  time      : 2024-05-01_10:12:10
  host      : a100-st-p4de24xlarge-1034.fair-a100.hpcaas
  rank      : 5 (local_rank: 5)
  exitcode  : 1 (pid: 3082685)
  error_file: <N/A>
  traceback : To enable traceback see: https://pytorch.org/docs/stable/elastic/errors.html
[6]:
  time      : 2024-05-01_10:12:10
  host      : a100-st-p4de24xlarge-1034.fair-a100.hpcaas
  rank      : 6 (local_rank: 6)
  exitcode  : 1 (pid: 3082686)
  error_file: <N/A>
  traceback : To enable traceback see: https://pytorch.org/docs/stable/elastic/errors.html
[7]:
  time      : 2024-05-01_10:12:10
  host      : a100-st-p4de24xlarge-1034.fair-a100.hpcaas
  rank      : 7 (local_rank: 7)
  exitcode  : 1 (pid: 3082687)
  error_file: <N/A>
  traceback : To enable traceback see: https://pytorch.org/docs/stable/elastic/errors.html
------------------------------------------------------------
Root Cause (first observed failure):
[0]:
  time      : 2024-05-01_10:12:10
  host      : a100-st-p4de24xlarge-1034.fair-a100.hpcaas
  rank      : 0 (local_rank: 0)
  exitcode  : 1 (pid: 3082680)
  error_file: <N/A>
  traceback : To enable traceback see: https://pytorch.org/docs/stable/elastic/errors.html
============================================================
