Already on 'yangexppp'
wandb: Currently logged in as: stevenzhou0816100. Use `wandb login --relogin` to force relogin
/fsx-storygen/beidic/anaconda3/envs/griffinn/lib/python3.9/site-packages/huggingface_hub/file_download.py:1132: FutureWarning: `resume_download` is deprecated and will be removed in version 1.0.0. Downloads always resume when possible. If you want to force a new download, use `force_download=True`.
  warnings.warn(
Special tokens have been added in the vocabulary, make sure the associated word embeddings are fine-tuned or trained.
Special tokens have been added in the vocabulary, make sure the associated word embeddings are fine-tuned or trained.
Loading checkpoint shards:   0%|          | 0/4 [00:00<?, ?it/s]Loading checkpoint shards:  25%|██▌       | 1/4 [00:06<00:18,  6.00s/it]Loading checkpoint shards:  50%|█████     | 2/4 [00:11<00:11,  5.95s/it]Loading checkpoint shards:  75%|███████▌  | 3/4 [00:17<00:05,  5.93s/it]Loading checkpoint shards: 100%|██████████| 4/4 [00:19<00:00,  4.19s/it]Loading checkpoint shards: 100%|██████████| 4/4 [00:19<00:00,  4.83s/it]
  0%|          | 0/300 [00:00<?, ?it/s]/fsx-storygen/beidic/anaconda3/envs/griffinn/lib/python3.9/site-packages/transformers/generation/configuration_utils.py:410: UserWarning: `do_sample` is set to `False`. However, `temperature` is set to `0.6` -- this flag is only used in sample-based generation modes. You should set `do_sample=True` or unset `temperature`.
  warnings.warn(
/fsx-storygen/beidic/anaconda3/envs/griffinn/lib/python3.9/site-packages/transformers/generation/configuration_utils.py:427: UserWarning: `do_sample` is set to `False`. However, `top_k` is set to `1` -- this flag is only used in sample-based generation modes. You should set `do_sample=True` or unset `top_k`.
  warnings.warn(
The attention mask and the pad token id were not set. As a consequence, you may observe unexpected behavior. Please pass your input's `attention_mask` to obtain reliable results.
Setting `pad_token_id` to `eos_token_id`:128001 for open-end generation.
  0%|          | 1/300 [00:21<1:46:03, 21.28s/it]The attention mask and the pad token id were not set. As a consequence, you may observe unexpected behavior. Please pass your input's `attention_mask` to obtain reliable results.
Setting `pad_token_id` to `eos_token_id`:128001 for open-end generation.
  1%|          | 2/300 [00:36<1:28:17, 17.78s/it]The attention mask and the pad token id were not set. As a consequence, you may observe unexpected behavior. Please pass your input's `attention_mask` to obtain reliable results.
Setting `pad_token_id` to `eos_token_id`:128001 for open-end generation.
  1%|          | 3/300 [00:55<1:30:39, 18.32s/it]The attention mask and the pad token id were not set. As a consequence, you may observe unexpected behavior. Please pass your input's `attention_mask` to obtain reliable results.
Setting `pad_token_id` to `eos_token_id`:128001 for open-end generation.
  1%|▏         | 4/300 [01:11<1:26:41, 17.57s/it]The attention mask and the pad token id were not set. As a consequence, you may observe unexpected behavior. Please pass your input's `attention_mask` to obtain reliable results.
Setting `pad_token_id` to `eos_token_id`:128001 for open-end generation.
  2%|▏         | 5/300 [01:24<1:18:17, 15.92s/it]The attention mask and the pad token id were not set. As a consequence, you may observe unexpected behavior. Please pass your input's `attention_mask` to obtain reliable results.
Setting `pad_token_id` to `eos_token_id`:128001 for open-end generation.
  2%|▏         | 6/300 [01:42<1:20:49, 16.49s/it]The attention mask and the pad token id were not set. As a consequence, you may observe unexpected behavior. Please pass your input's `attention_mask` to obtain reliable results.
Setting `pad_token_id` to `eos_token_id`:128001 for open-end generation.
  2%|▏         | 7/300 [02:04<1:29:36, 18.35s/it]The attention mask and the pad token id were not set. As a consequence, you may observe unexpected behavior. Please pass your input's `attention_mask` to obtain reliable results.
Setting `pad_token_id` to `eos_token_id`:128001 for open-end generation.
  3%|▎         | 8/300 [02:18<1:21:40, 16.78s/it]The attention mask and the pad token id were not set. As a consequence, you may observe unexpected behavior. Please pass your input's `attention_mask` to obtain reliable results.
Setting `pad_token_id` to `eos_token_id`:128001 for open-end generation.
  3%|▎         | 9/300 [02:30<1:14:36, 15.38s/it]The attention mask and the pad token id were not set. As a consequence, you may observe unexpected behavior. Please pass your input's `attention_mask` to obtain reliable results.
Setting `pad_token_id` to `eos_token_id`:128001 for open-end generation.
