wandb: Currently logged in as: stevenzhou0816100. Use `wandb login --relogin` to force relogin
The following values were not passed to `accelerate launch` and had defaults used instead:
		More than one GPU was found, enabling multi-GPU training.
		If this was unintended please pass in `--num_processes=1`.
	`--mixed_precision` was set to a value of `'no'`
	`--dynamo_backend` was set to a value of `'no'`
To avoid this warning pass in values for each of the problematic parameters or run `accelerate config`.
usage: enlargingcontextlength.py [-h] [--batch-size BATCH_SIZE]
                                 [--epochs EPOCHS]
                                 [--gradient-accumulate-every GRADIENT_ACCUMULATE_EVERY]
                                 [--wandb WANDB] [--outputdir OUTPUTDIR]
                                 [--datadir DATADIR] [--datalen DATALEN]
                                 [--seed SEED] [--learning-rate LEARNING_RATE]
                                 [--model MODEL]
enlargingcontextlength.py: error: unrecognized arguments: --batch_size 96 --output_dir llama_160m_2k
usage: enlargingcontextlength.py [-h] [--batch-size BATCH_SIZE]
                                 [--epochs EPOCHS]
                                 [--gradient-accumulate-every GRADIENT_ACCUMULATE_EVERY]
                                 [--wandb WANDB] [--outputdir OUTPUTDIR]
                                 [--datadir DATADIR] [--datalen DATALEN]
                                 [--seed SEED] [--learning-rate LEARNING_RATE]
                                 [--model MODEL]
enlargingcontextlength.py: error: unrecognized arguments: --batch_size 96 --output_dir llama_160m_2k
usage: enlargingcontextlength.py [-h] [--batch-size BATCH_SIZE]
                                 [--epochs EPOCHS]
                                 [--gradient-accumulate-every GRADIENT_ACCUMULATE_EVERY]
                                 [--wandb WANDB] [--outputdir OUTPUTDIR]
                                 [--datadir DATADIR] [--datalen DATALEN]
                                 [--seed SEED] [--learning-rate LEARNING_RATE]
                                 [--model MODEL]
usage: enlargingcontextlength.py [-h] [--batch-size BATCH_SIZE]
                                 [--epochs EPOCHS]
                                 [--gradient-accumulate-every GRADIENT_ACCUMULATE_EVERY]
                                 [--wandb WANDB] [--outputdir OUTPUTDIR]
                                 [--datadir DATADIR] [--datalen DATALEN]
                                 [--seed SEED] [--learning-rate LEARNING_RATE]
                                 [--model MODEL]
usage: enlargingcontextlength.py [-h] [--batch-size BATCH_SIZE]
                                 [--epochs EPOCHS]
                                 [--gradient-accumulate-every GRADIENT_ACCUMULATE_EVERY]
                                 [--wandb WANDB] [--outputdir OUTPUTDIR]
                                 [--datadir DATADIR] [--datalen DATALEN]
                                 [--seed SEED] [--learning-rate LEARNING_RATE]
                                 [--model MODEL]
enlargingcontextlength.py: error: unrecognized arguments: --batch_size 96 --output_dir llama_160m_2k
enlargingcontextlength.py: error: unrecognized arguments: --batch_size 96 --output_dir llama_160m_2k
enlargingcontextlength.py: error: unrecognized arguments: --batch_size 96 --output_dir llama_160m_2k
usage: enlargingcontextlength.py [-h] [--batch-size BATCH_SIZE]
                                 [--epochs EPOCHS]
                                 [--gradient-accumulate-every GRADIENT_ACCUMULATE_EVERY]
                                 [--wandb WANDB] [--outputdir OUTPUTDIR]
                                 [--datadir DATADIR] [--datalen DATALEN]
                                 [--seed SEED] [--learning-rate LEARNING_RATE]
                                 [--model MODEL]
usage: enlargingcontextlength.py [-h] [--batch-size BATCH_SIZE]
                                 [--epochs EPOCHS]
                                 [--gradient-accumulate-every GRADIENT_ACCUMULATE_EVERY]
                                 [--wandb WANDB] [--outputdir OUTPUTDIR]
                                 [--datadir DATADIR] [--datalen DATALEN]
                                 [--seed SEED] [--learning-rate LEARNING_RATE]
                                 [--model MODEL]
enlargingcontextlength.py: error: unrecognized arguments: --batch_size 96 --output_dir llama_160m_2k
enlargingcontextlength.py: error: unrecognized arguments: --batch_size 96 --output_dir llama_160m_2k
usage: enlargingcontextlength.py [-h] [--batch-size BATCH_SIZE]
                                 [--epochs EPOCHS]
                                 [--gradient-accumulate-every GRADIENT_ACCUMULATE_EVERY]
                                 [--wandb WANDB] [--outputdir OUTPUTDIR]
                                 [--datadir DATADIR] [--datalen DATALEN]
                                 [--seed SEED] [--learning-rate LEARNING_RATE]
                                 [--model MODEL]
enlargingcontextlength.py: error: unrecognized arguments: --batch_size 96 --output_dir llama_160m_2k
[2024-05-01 05:59:59,628] torch.distributed.elastic.multiprocessing.api: [ERROR] failed (exitcode: 2) local_rank: 0 (pid: 395923) of binary: /data/home/beidic/anaconda3/envs/yangllm2/bin/python3.9
Traceback (most recent call last):
  File "/data/home/beidic/anaconda3/envs/yangllm2/bin/accelerate", line 8, in <module>
    sys.exit(main())
  File "/data/home/beidic/anaconda3/envs/yangllm2/lib/python3.9/site-packages/accelerate/commands/accelerate_cli.py", line 47, in main
    args.func(args)
  File "/data/home/beidic/anaconda3/envs/yangllm2/lib/python3.9/site-packages/accelerate/commands/launch.py", line 1014, in launch_command
    multi_gpu_launcher(args)
  File "/data/home/beidic/anaconda3/envs/yangllm2/lib/python3.9/site-packages/accelerate/commands/launch.py", line 672, in multi_gpu_launcher
    distrib_run.run(args)
  File "/data/home/beidic/anaconda3/envs/yangllm2/lib/python3.9/site-packages/torch/distributed/run.py", line 797, in run
    elastic_launch(
  File "/data/home/beidic/anaconda3/envs/yangllm2/lib/python3.9/site-packages/torch/distributed/launcher/api.py", line 134, in __call__
    return launch_agent(self._config, self._entrypoint, list(args))
  File "/data/home/beidic/anaconda3/envs/yangllm2/lib/python3.9/site-packages/torch/distributed/launcher/api.py", line 264, in launch_agent
    raise ChildFailedError(
torch.distributed.elastic.multiprocessing.errors.ChildFailedError: 
============================================================
enlargingcontextlength.py FAILED
------------------------------------------------------------
Failures:
[1]:
  time      : 2024-05-01_05:59:59
  host      : a100-st-p4de24xlarge-1037.fair-a100.hpcaas
  rank      : 1 (local_rank: 1)
  exitcode  : 2 (pid: 395924)
  error_file: <N/A>
  traceback : To enable traceback see: https://pytorch.org/docs/stable/elastic/errors.html
[2]:
  time      : 2024-05-01_05:59:59
  host      : a100-st-p4de24xlarge-1037.fair-a100.hpcaas
  rank      : 2 (local_rank: 2)
  exitcode  : 2 (pid: 395925)
  error_file: <N/A>
  traceback : To enable traceback see: https://pytorch.org/docs/stable/elastic/errors.html
[3]:
  time      : 2024-05-01_05:59:59
  host      : a100-st-p4de24xlarge-1037.fair-a100.hpcaas
  rank      : 3 (local_rank: 3)
  exitcode  : 2 (pid: 395926)
  error_file: <N/A>
  traceback : To enable traceback see: https://pytorch.org/docs/stable/elastic/errors.html
[4]:
  time      : 2024-05-01_05:59:59
  host      : a100-st-p4de24xlarge-1037.fair-a100.hpcaas
  rank      : 4 (local_rank: 4)
  exitcode  : 2 (pid: 395927)
  error_file: <N/A>
  traceback : To enable traceback see: https://pytorch.org/docs/stable/elastic/errors.html
[5]:
  time      : 2024-05-01_05:59:59
  host      : a100-st-p4de24xlarge-1037.fair-a100.hpcaas
  rank      : 5 (local_rank: 5)
  exitcode  : 2 (pid: 395928)
  error_file: <N/A>
  traceback : To enable traceback see: https://pytorch.org/docs/stable/elastic/errors.html
[6]:
  time      : 2024-05-01_05:59:59
  host      : a100-st-p4de24xlarge-1037.fair-a100.hpcaas
  rank      : 6 (local_rank: 6)
  exitcode  : 2 (pid: 395929)
  error_file: <N/A>
  traceback : To enable traceback see: https://pytorch.org/docs/stable/elastic/errors.html
[7]:
  time      : 2024-05-01_05:59:59
  host      : a100-st-p4de24xlarge-1037.fair-a100.hpcaas
  rank      : 7 (local_rank: 7)
  exitcode  : 2 (pid: 395930)
  error_file: <N/A>
  traceback : To enable traceback see: https://pytorch.org/docs/stable/elastic/errors.html
------------------------------------------------------------
Root Cause (first observed failure):
[0]:
  time      : 2024-05-01_05:59:59
  host      : a100-st-p4de24xlarge-1037.fair-a100.hpcaas
  rank      : 0 (local_rank: 0)
  exitcode  : 2 (pid: 395923)
  error_file: <N/A>
  traceback : To enable traceback see: https://pytorch.org/docs/stable/elastic/errors.html
============================================================
