Already up to date.
Obtaining file:///opt/hpcaas/.mounts/fs-03efe25c053395d1f/beidic/yang/transformersprofiling
  Installing build dependencies: started
  Installing build dependencies: finished with status 'done'
  Checking if build backend supports build_editable: started
  Checking if build backend supports build_editable: finished with status 'done'
  Getting requirements to build editable: started
  Getting requirements to build editable: finished with status 'done'
  Installing backend dependencies: started
  Installing backend dependencies: finished with status 'done'
  Preparing editable metadata (pyproject.toml): started
  Preparing editable metadata (pyproject.toml): finished with status 'done'
Requirement already satisfied: filelock in /opt/hpcaas/.mounts/fs-0565f60d669b6a2d3/home/beidic/anaconda3/envs/yangllm2/lib/python3.9/site-packages (from transformers==4.36.0.dev0) (3.13.1)
Requirement already satisfied: huggingface-hub<1.0,>=0.19.3 in /opt/hpcaas/.mounts/fs-0565f60d669b6a2d3/home/beidic/anaconda3/envs/yangllm2/lib/python3.9/site-packages (from transformers==4.36.0.dev0) (0.21.4)
Requirement already satisfied: numpy>=1.17 in /opt/hpcaas/.mounts/fs-0565f60d669b6a2d3/home/beidic/anaconda3/envs/yangllm2/lib/python3.9/site-packages (from transformers==4.36.0.dev0) (1.26.4)
Requirement already satisfied: packaging>=20.0 in /opt/hpcaas/.mounts/fs-0565f60d669b6a2d3/home/beidic/anaconda3/envs/yangllm2/lib/python3.9/site-packages (from transformers==4.36.0.dev0) (23.2)
Requirement already satisfied: pyyaml>=5.1 in /opt/hpcaas/.mounts/fs-0565f60d669b6a2d3/home/beidic/anaconda3/envs/yangllm2/lib/python3.9/site-packages (from transformers==4.36.0.dev0) (6.0.1)
Requirement already satisfied: regex!=2019.12.17 in /opt/hpcaas/.mounts/fs-0565f60d669b6a2d3/home/beidic/anaconda3/envs/yangllm2/lib/python3.9/site-packages (from transformers==4.36.0.dev0) (2023.12.25)
Requirement already satisfied: requests in /opt/hpcaas/.mounts/fs-0565f60d669b6a2d3/home/beidic/anaconda3/envs/yangllm2/lib/python3.9/site-packages (from transformers==4.36.0.dev0) (2.31.0)
Requirement already satisfied: tokenizers<0.19,>=0.14 in /opt/hpcaas/.mounts/fs-0565f60d669b6a2d3/home/beidic/anaconda3/envs/yangllm2/lib/python3.9/site-packages (from transformers==4.36.0.dev0) (0.15.2)
Requirement already satisfied: safetensors>=0.3.1 in /opt/hpcaas/.mounts/fs-0565f60d669b6a2d3/home/beidic/anaconda3/envs/yangllm2/lib/python3.9/site-packages (from transformers==4.36.0.dev0) (0.4.2)
Requirement already satisfied: tqdm>=4.27 in /opt/hpcaas/.mounts/fs-0565f60d669b6a2d3/home/beidic/anaconda3/envs/yangllm2/lib/python3.9/site-packages (from transformers==4.36.0.dev0) (4.66.2)
Requirement already satisfied: fsspec>=2023.5.0 in /opt/hpcaas/.mounts/fs-0565f60d669b6a2d3/home/beidic/anaconda3/envs/yangllm2/lib/python3.9/site-packages (from huggingface-hub<1.0,>=0.19.3->transformers==4.36.0.dev0) (2023.10.0)
Requirement already satisfied: typing-extensions>=3.7.4.3 in /opt/hpcaas/.mounts/fs-0565f60d669b6a2d3/home/beidic/anaconda3/envs/yangllm2/lib/python3.9/site-packages (from huggingface-hub<1.0,>=0.19.3->transformers==4.36.0.dev0) (4.9.0)
Requirement already satisfied: charset-normalizer<4,>=2 in /opt/hpcaas/.mounts/fs-0565f60d669b6a2d3/home/beidic/anaconda3/envs/yangllm2/lib/python3.9/site-packages (from requests->transformers==4.36.0.dev0) (3.3.2)
Requirement already satisfied: idna<4,>=2.5 in /opt/hpcaas/.mounts/fs-0565f60d669b6a2d3/home/beidic/anaconda3/envs/yangllm2/lib/python3.9/site-packages (from requests->transformers==4.36.0.dev0) (3.6)
Requirement already satisfied: urllib3<3,>=1.21.1 in /opt/hpcaas/.mounts/fs-0565f60d669b6a2d3/home/beidic/anaconda3/envs/yangllm2/lib/python3.9/site-packages (from requests->transformers==4.36.0.dev0) (1.26.18)
Requirement already satisfied: certifi>=2017.4.17 in /opt/hpcaas/.mounts/fs-0565f60d669b6a2d3/home/beidic/anaconda3/envs/yangllm2/lib/python3.9/site-packages (from requests->transformers==4.36.0.dev0) (2024.2.2)
Building wheels for collected packages: transformers
  Building editable for transformers (pyproject.toml): started
  Building editable for transformers (pyproject.toml): finished with status 'done'
  Created wheel for transformers: filename=transformers-4.36.0.dev0-0.editable-py3-none-any.whl size=40510 sha256=61659cf671f94367daf6030595a4cffe45c37992688d6b72cd827fd7c198d1de
  Stored in directory: /tmp/pip-ephem-wheel-cache-yvanmfke/wheels/b7/36/f7/419f9185aae64b34b34c9ec7bc0c4910b3433f825ab8b94ec7
Successfully built transformers
Installing collected packages: transformers
  Attempting uninstall: transformers
    Found existing installation: transformers 4.36.0.dev0
    Uninstalling transformers-4.36.0.dev0:
      Successfully uninstalled transformers-4.36.0.dev0
Successfully installed transformers-4.36.0.dev0
Requirement already satisfied: termcolor in /opt/hpcaas/.mounts/fs-0565f60d669b6a2d3/home/beidic/anaconda3/envs/yangllm2/lib/python3.9/site-packages (2.4.0)
Requirement already satisfied: wandb in /opt/hpcaas/.mounts/fs-0565f60d669b6a2d3/home/beidic/anaconda3/envs/yangllm2/lib/python3.9/site-packages (0.16.3)
Requirement already satisfied: Click!=8.0.0,>=7.1 in /opt/hpcaas/.mounts/fs-0565f60d669b6a2d3/home/beidic/anaconda3/envs/yangllm2/lib/python3.9/site-packages (from wandb) (8.1.7)
Requirement already satisfied: GitPython!=3.1.29,>=1.0.0 in /opt/hpcaas/.mounts/fs-0565f60d669b6a2d3/home/beidic/anaconda3/envs/yangllm2/lib/python3.9/site-packages (from wandb) (3.1.41)
Requirement already satisfied: requests<3,>=2.0.0 in /opt/hpcaas/.mounts/fs-0565f60d669b6a2d3/home/beidic/anaconda3/envs/yangllm2/lib/python3.9/site-packages (from wandb) (2.31.0)
Requirement already satisfied: psutil>=5.0.0 in /opt/hpcaas/.mounts/fs-0565f60d669b6a2d3/home/beidic/anaconda3/envs/yangllm2/lib/python3.9/site-packages (from wandb) (5.9.8)
Requirement already satisfied: sentry-sdk>=1.0.0 in /opt/hpcaas/.mounts/fs-0565f60d669b6a2d3/home/beidic/anaconda3/envs/yangllm2/lib/python3.9/site-packages (from wandb) (1.40.4)
Requirement already satisfied: docker-pycreds>=0.4.0 in /opt/hpcaas/.mounts/fs-0565f60d669b6a2d3/home/beidic/anaconda3/envs/yangllm2/lib/python3.9/site-packages (from wandb) (0.4.0)
Requirement already satisfied: PyYAML in /opt/hpcaas/.mounts/fs-0565f60d669b6a2d3/home/beidic/anaconda3/envs/yangllm2/lib/python3.9/site-packages (from wandb) (6.0.1)
Requirement already satisfied: setproctitle in /opt/hpcaas/.mounts/fs-0565f60d669b6a2d3/home/beidic/anaconda3/envs/yangllm2/lib/python3.9/site-packages (from wandb) (1.3.3)
Requirement already satisfied: setuptools in /opt/hpcaas/.mounts/fs-0565f60d669b6a2d3/home/beidic/anaconda3/envs/yangllm2/lib/python3.9/site-packages (from wandb) (69.0.3)
Requirement already satisfied: appdirs>=1.4.3 in /opt/hpcaas/.mounts/fs-0565f60d669b6a2d3/home/beidic/anaconda3/envs/yangllm2/lib/python3.9/site-packages (from wandb) (1.4.4)
Requirement already satisfied: typing-extensions in /opt/hpcaas/.mounts/fs-0565f60d669b6a2d3/home/beidic/anaconda3/envs/yangllm2/lib/python3.9/site-packages (from wandb) (4.9.0)
Requirement already satisfied: protobuf!=4.21.0,<5,>=3.15.0 in /opt/hpcaas/.mounts/fs-0565f60d669b6a2d3/home/beidic/anaconda3/envs/yangllm2/lib/python3.9/site-packages (from wandb) (4.25.2)
Requirement already satisfied: six>=1.4.0 in /opt/hpcaas/.mounts/fs-0565f60d669b6a2d3/home/beidic/anaconda3/envs/yangllm2/lib/python3.9/site-packages (from docker-pycreds>=0.4.0->wandb) (1.16.0)
Requirement already satisfied: gitdb<5,>=4.0.1 in /opt/hpcaas/.mounts/fs-0565f60d669b6a2d3/home/beidic/anaconda3/envs/yangllm2/lib/python3.9/site-packages (from GitPython!=3.1.29,>=1.0.0->wandb) (4.0.11)
Requirement already satisfied: charset-normalizer<4,>=2 in /opt/hpcaas/.mounts/fs-0565f60d669b6a2d3/home/beidic/anaconda3/envs/yangllm2/lib/python3.9/site-packages (from requests<3,>=2.0.0->wandb) (3.3.2)
Requirement already satisfied: idna<4,>=2.5 in /opt/hpcaas/.mounts/fs-0565f60d669b6a2d3/home/beidic/anaconda3/envs/yangllm2/lib/python3.9/site-packages (from requests<3,>=2.0.0->wandb) (3.6)
Requirement already satisfied: urllib3<3,>=1.21.1 in /opt/hpcaas/.mounts/fs-0565f60d669b6a2d3/home/beidic/anaconda3/envs/yangllm2/lib/python3.9/site-packages (from requests<3,>=2.0.0->wandb) (1.26.18)
Requirement already satisfied: certifi>=2017.4.17 in /opt/hpcaas/.mounts/fs-0565f60d669b6a2d3/home/beidic/anaconda3/envs/yangllm2/lib/python3.9/site-packages (from requests<3,>=2.0.0->wandb) (2024.2.2)
Requirement already satisfied: smmap<6,>=3.0.1 in /opt/hpcaas/.mounts/fs-0565f60d669b6a2d3/home/beidic/anaconda3/envs/yangllm2/lib/python3.9/site-packages (from gitdb<5,>=4.0.1->GitPython!=3.1.29,>=1.0.0->wandb) (5.0.1)
Requirement already satisfied: datasets in /opt/hpcaas/.mounts/fs-0565f60d669b6a2d3/home/beidic/anaconda3/envs/yangllm2/lib/python3.9/site-packages (2.17.0)
Requirement already satisfied: filelock in /opt/hpcaas/.mounts/fs-0565f60d669b6a2d3/home/beidic/anaconda3/envs/yangllm2/lib/python3.9/site-packages (from datasets) (3.13.1)
Requirement already satisfied: numpy>=1.17 in /opt/hpcaas/.mounts/fs-0565f60d669b6a2d3/home/beidic/anaconda3/envs/yangllm2/lib/python3.9/site-packages (from datasets) (1.26.4)
Requirement already satisfied: pyarrow>=12.0.0 in /opt/hpcaas/.mounts/fs-0565f60d669b6a2d3/home/beidic/anaconda3/envs/yangllm2/lib/python3.9/site-packages (from datasets) (15.0.0)
Requirement already satisfied: pyarrow-hotfix in /opt/hpcaas/.mounts/fs-0565f60d669b6a2d3/home/beidic/anaconda3/envs/yangllm2/lib/python3.9/site-packages (from datasets) (0.6)
Requirement already satisfied: dill<0.3.9,>=0.3.0 in /opt/hpcaas/.mounts/fs-0565f60d669b6a2d3/home/beidic/anaconda3/envs/yangllm2/lib/python3.9/site-packages (from datasets) (0.3.8)
Requirement already satisfied: pandas in /opt/hpcaas/.mounts/fs-0565f60d669b6a2d3/home/beidic/anaconda3/envs/yangllm2/lib/python3.9/site-packages (from datasets) (2.2.0)
Requirement already satisfied: requests>=2.19.0 in /opt/hpcaas/.mounts/fs-0565f60d669b6a2d3/home/beidic/anaconda3/envs/yangllm2/lib/python3.9/site-packages (from datasets) (2.31.0)
Requirement already satisfied: tqdm>=4.62.1 in /opt/hpcaas/.mounts/fs-0565f60d669b6a2d3/home/beidic/anaconda3/envs/yangllm2/lib/python3.9/site-packages (from datasets) (4.66.2)
Requirement already satisfied: xxhash in /opt/hpcaas/.mounts/fs-0565f60d669b6a2d3/home/beidic/anaconda3/envs/yangllm2/lib/python3.9/site-packages (from datasets) (3.4.1)
Requirement already satisfied: multiprocess in /opt/hpcaas/.mounts/fs-0565f60d669b6a2d3/home/beidic/anaconda3/envs/yangllm2/lib/python3.9/site-packages (from datasets) (0.70.16)
Requirement already satisfied: fsspec<=2023.10.0,>=2023.1.0 in /opt/hpcaas/.mounts/fs-0565f60d669b6a2d3/home/beidic/anaconda3/envs/yangllm2/lib/python3.9/site-packages (from fsspec[http]<=2023.10.0,>=2023.1.0->datasets) (2023.10.0)
Requirement already satisfied: aiohttp in /opt/hpcaas/.mounts/fs-0565f60d669b6a2d3/home/beidic/anaconda3/envs/yangllm2/lib/python3.9/site-packages (from datasets) (3.9.3)
Requirement already satisfied: huggingface-hub>=0.19.4 in /opt/hpcaas/.mounts/fs-0565f60d669b6a2d3/home/beidic/anaconda3/envs/yangllm2/lib/python3.9/site-packages (from datasets) (0.21.4)
Requirement already satisfied: packaging in /opt/hpcaas/.mounts/fs-0565f60d669b6a2d3/home/beidic/anaconda3/envs/yangllm2/lib/python3.9/site-packages (from datasets) (23.2)
Requirement already satisfied: pyyaml>=5.1 in /opt/hpcaas/.mounts/fs-0565f60d669b6a2d3/home/beidic/anaconda3/envs/yangllm2/lib/python3.9/site-packages (from datasets) (6.0.1)
Requirement already satisfied: aiosignal>=1.1.2 in /opt/hpcaas/.mounts/fs-0565f60d669b6a2d3/home/beidic/anaconda3/envs/yangllm2/lib/python3.9/site-packages (from aiohttp->datasets) (1.3.1)
Requirement already satisfied: attrs>=17.3.0 in /opt/hpcaas/.mounts/fs-0565f60d669b6a2d3/home/beidic/anaconda3/envs/yangllm2/lib/python3.9/site-packages (from aiohttp->datasets) (23.2.0)
Requirement already satisfied: frozenlist>=1.1.1 in /opt/hpcaas/.mounts/fs-0565f60d669b6a2d3/home/beidic/anaconda3/envs/yangllm2/lib/python3.9/site-packages (from aiohttp->datasets) (1.4.1)
Requirement already satisfied: multidict<7.0,>=4.5 in /opt/hpcaas/.mounts/fs-0565f60d669b6a2d3/home/beidic/anaconda3/envs/yangllm2/lib/python3.9/site-packages (from aiohttp->datasets) (6.0.5)
Requirement already satisfied: yarl<2.0,>=1.0 in /opt/hpcaas/.mounts/fs-0565f60d669b6a2d3/home/beidic/anaconda3/envs/yangllm2/lib/python3.9/site-packages (from aiohttp->datasets) (1.9.4)
Requirement already satisfied: async-timeout<5.0,>=4.0 in /opt/hpcaas/.mounts/fs-0565f60d669b6a2d3/home/beidic/anaconda3/envs/yangllm2/lib/python3.9/site-packages (from aiohttp->datasets) (4.0.3)
Requirement already satisfied: typing-extensions>=3.7.4.3 in /opt/hpcaas/.mounts/fs-0565f60d669b6a2d3/home/beidic/anaconda3/envs/yangllm2/lib/python3.9/site-packages (from huggingface-hub>=0.19.4->datasets) (4.9.0)
Requirement already satisfied: charset-normalizer<4,>=2 in /opt/hpcaas/.mounts/fs-0565f60d669b6a2d3/home/beidic/anaconda3/envs/yangllm2/lib/python3.9/site-packages (from requests>=2.19.0->datasets) (3.3.2)
Requirement already satisfied: idna<4,>=2.5 in /opt/hpcaas/.mounts/fs-0565f60d669b6a2d3/home/beidic/anaconda3/envs/yangllm2/lib/python3.9/site-packages (from requests>=2.19.0->datasets) (3.6)
Requirement already satisfied: urllib3<3,>=1.21.1 in /opt/hpcaas/.mounts/fs-0565f60d669b6a2d3/home/beidic/anaconda3/envs/yangllm2/lib/python3.9/site-packages (from requests>=2.19.0->datasets) (1.26.18)
Requirement already satisfied: certifi>=2017.4.17 in /opt/hpcaas/.mounts/fs-0565f60d669b6a2d3/home/beidic/anaconda3/envs/yangllm2/lib/python3.9/site-packages (from requests>=2.19.0->datasets) (2024.2.2)
Requirement already satisfied: python-dateutil>=2.8.2 in /opt/hpcaas/.mounts/fs-0565f60d669b6a2d3/home/beidic/anaconda3/envs/yangllm2/lib/python3.9/site-packages (from pandas->datasets) (2.8.2)
Requirement already satisfied: pytz>=2020.1 in /opt/hpcaas/.mounts/fs-0565f60d669b6a2d3/home/beidic/anaconda3/envs/yangllm2/lib/python3.9/site-packages (from pandas->datasets) (2024.1)
Requirement already satisfied: tzdata>=2022.7 in /opt/hpcaas/.mounts/fs-0565f60d669b6a2d3/home/beidic/anaconda3/envs/yangllm2/lib/python3.9/site-packages (from pandas->datasets) (2024.1)
Requirement already satisfied: six>=1.5 in /opt/hpcaas/.mounts/fs-0565f60d669b6a2d3/home/beidic/anaconda3/envs/yangllm2/lib/python3.9/site-packages (from python-dateutil>=2.8.2->pandas->datasets) (1.16.0)
Requirement already satisfied: accelerate in /opt/hpcaas/.mounts/fs-0565f60d669b6a2d3/home/beidic/anaconda3/envs/yangllm2/lib/python3.9/site-packages (0.27.0)
Requirement already satisfied: numpy>=1.17 in /opt/hpcaas/.mounts/fs-0565f60d669b6a2d3/home/beidic/anaconda3/envs/yangllm2/lib/python3.9/site-packages (from accelerate) (1.26.4)
Requirement already satisfied: packaging>=20.0 in /opt/hpcaas/.mounts/fs-0565f60d669b6a2d3/home/beidic/anaconda3/envs/yangllm2/lib/python3.9/site-packages (from accelerate) (23.2)
Requirement already satisfied: psutil in /opt/hpcaas/.mounts/fs-0565f60d669b6a2d3/home/beidic/anaconda3/envs/yangllm2/lib/python3.9/site-packages (from accelerate) (5.9.8)
Requirement already satisfied: pyyaml in /opt/hpcaas/.mounts/fs-0565f60d669b6a2d3/home/beidic/anaconda3/envs/yangllm2/lib/python3.9/site-packages (from accelerate) (6.0.1)
Requirement already satisfied: torch>=1.10.0 in /opt/hpcaas/.mounts/fs-0565f60d669b6a2d3/home/beidic/anaconda3/envs/yangllm2/lib/python3.9/site-packages (from accelerate) (2.1.0)
Requirement already satisfied: huggingface-hub in /opt/hpcaas/.mounts/fs-0565f60d669b6a2d3/home/beidic/anaconda3/envs/yangllm2/lib/python3.9/site-packages (from accelerate) (0.21.4)
Requirement already satisfied: safetensors>=0.3.1 in /opt/hpcaas/.mounts/fs-0565f60d669b6a2d3/home/beidic/anaconda3/envs/yangllm2/lib/python3.9/site-packages (from accelerate) (0.4.2)
Requirement already satisfied: filelock in /opt/hpcaas/.mounts/fs-0565f60d669b6a2d3/home/beidic/anaconda3/envs/yangllm2/lib/python3.9/site-packages (from torch>=1.10.0->accelerate) (3.13.1)
Requirement already satisfied: typing-extensions in /opt/hpcaas/.mounts/fs-0565f60d669b6a2d3/home/beidic/anaconda3/envs/yangllm2/lib/python3.9/site-packages (from torch>=1.10.0->accelerate) (4.9.0)
Requirement already satisfied: sympy in /opt/hpcaas/.mounts/fs-0565f60d669b6a2d3/home/beidic/anaconda3/envs/yangllm2/lib/python3.9/site-packages (from torch>=1.10.0->accelerate) (1.12)
Requirement already satisfied: networkx in /opt/hpcaas/.mounts/fs-0565f60d669b6a2d3/home/beidic/anaconda3/envs/yangllm2/lib/python3.9/site-packages (from torch>=1.10.0->accelerate) (3.2.1)
Requirement already satisfied: jinja2 in /opt/hpcaas/.mounts/fs-0565f60d669b6a2d3/home/beidic/anaconda3/envs/yangllm2/lib/python3.9/site-packages (from torch>=1.10.0->accelerate) (3.1.3)
Requirement already satisfied: fsspec in /opt/hpcaas/.mounts/fs-0565f60d669b6a2d3/home/beidic/anaconda3/envs/yangllm2/lib/python3.9/site-packages (from torch>=1.10.0->accelerate) (2023.10.0)
Requirement already satisfied: nvidia-cuda-nvrtc-cu12==12.1.105 in /opt/hpcaas/.mounts/fs-0565f60d669b6a2d3/home/beidic/anaconda3/envs/yangllm2/lib/python3.9/site-packages (from torch>=1.10.0->accelerate) (12.1.105)
Requirement already satisfied: nvidia-cuda-runtime-cu12==12.1.105 in /opt/hpcaas/.mounts/fs-0565f60d669b6a2d3/home/beidic/anaconda3/envs/yangllm2/lib/python3.9/site-packages (from torch>=1.10.0->accelerate) (12.1.105)
Requirement already satisfied: nvidia-cuda-cupti-cu12==12.1.105 in /opt/hpcaas/.mounts/fs-0565f60d669b6a2d3/home/beidic/anaconda3/envs/yangllm2/lib/python3.9/site-packages (from torch>=1.10.0->accelerate) (12.1.105)
Requirement already satisfied: nvidia-cudnn-cu12==8.9.2.26 in /opt/hpcaas/.mounts/fs-0565f60d669b6a2d3/home/beidic/anaconda3/envs/yangllm2/lib/python3.9/site-packages (from torch>=1.10.0->accelerate) (8.9.2.26)
Requirement already satisfied: nvidia-cublas-cu12==12.1.3.1 in /opt/hpcaas/.mounts/fs-0565f60d669b6a2d3/home/beidic/anaconda3/envs/yangllm2/lib/python3.9/site-packages (from torch>=1.10.0->accelerate) (12.1.3.1)
Requirement already satisfied: nvidia-cufft-cu12==11.0.2.54 in /opt/hpcaas/.mounts/fs-0565f60d669b6a2d3/home/beidic/anaconda3/envs/yangllm2/lib/python3.9/site-packages (from torch>=1.10.0->accelerate) (11.0.2.54)
Requirement already satisfied: nvidia-curand-cu12==10.3.2.106 in /opt/hpcaas/.mounts/fs-0565f60d669b6a2d3/home/beidic/anaconda3/envs/yangllm2/lib/python3.9/site-packages (from torch>=1.10.0->accelerate) (10.3.2.106)
Requirement already satisfied: nvidia-cusolver-cu12==11.4.5.107 in /opt/hpcaas/.mounts/fs-0565f60d669b6a2d3/home/beidic/anaconda3/envs/yangllm2/lib/python3.9/site-packages (from torch>=1.10.0->accelerate) (11.4.5.107)
Requirement already satisfied: nvidia-cusparse-cu12==12.1.0.106 in /opt/hpcaas/.mounts/fs-0565f60d669b6a2d3/home/beidic/anaconda3/envs/yangllm2/lib/python3.9/site-packages (from torch>=1.10.0->accelerate) (12.1.0.106)
Requirement already satisfied: nvidia-nccl-cu12==2.18.1 in /opt/hpcaas/.mounts/fs-0565f60d669b6a2d3/home/beidic/anaconda3/envs/yangllm2/lib/python3.9/site-packages (from torch>=1.10.0->accelerate) (2.18.1)
Requirement already satisfied: nvidia-nvtx-cu12==12.1.105 in /opt/hpcaas/.mounts/fs-0565f60d669b6a2d3/home/beidic/anaconda3/envs/yangllm2/lib/python3.9/site-packages (from torch>=1.10.0->accelerate) (12.1.105)
Requirement already satisfied: triton==2.1.0 in /opt/hpcaas/.mounts/fs-0565f60d669b6a2d3/home/beidic/anaconda3/envs/yangllm2/lib/python3.9/site-packages (from torch>=1.10.0->accelerate) (2.1.0)
Requirement already satisfied: nvidia-nvjitlink-cu12 in /opt/hpcaas/.mounts/fs-0565f60d669b6a2d3/home/beidic/anaconda3/envs/yangllm2/lib/python3.9/site-packages (from nvidia-cusolver-cu12==11.4.5.107->torch>=1.10.0->accelerate) (12.3.101)
Requirement already satisfied: requests in /opt/hpcaas/.mounts/fs-0565f60d669b6a2d3/home/beidic/anaconda3/envs/yangllm2/lib/python3.9/site-packages (from huggingface-hub->accelerate) (2.31.0)
Requirement already satisfied: tqdm>=4.42.1 in /opt/hpcaas/.mounts/fs-0565f60d669b6a2d3/home/beidic/anaconda3/envs/yangllm2/lib/python3.9/site-packages (from huggingface-hub->accelerate) (4.66.2)
Requirement already satisfied: MarkupSafe>=2.0 in /opt/hpcaas/.mounts/fs-0565f60d669b6a2d3/home/beidic/anaconda3/envs/yangllm2/lib/python3.9/site-packages (from jinja2->torch>=1.10.0->accelerate) (2.1.5)
Requirement already satisfied: charset-normalizer<4,>=2 in /opt/hpcaas/.mounts/fs-0565f60d669b6a2d3/home/beidic/anaconda3/envs/yangllm2/lib/python3.9/site-packages (from requests->huggingface-hub->accelerate) (3.3.2)
Requirement already satisfied: idna<4,>=2.5 in /opt/hpcaas/.mounts/fs-0565f60d669b6a2d3/home/beidic/anaconda3/envs/yangllm2/lib/python3.9/site-packages (from requests->huggingface-hub->accelerate) (3.6)
Requirement already satisfied: urllib3<3,>=1.21.1 in /opt/hpcaas/.mounts/fs-0565f60d669b6a2d3/home/beidic/anaconda3/envs/yangllm2/lib/python3.9/site-packages (from requests->huggingface-hub->accelerate) (1.26.18)
Requirement already satisfied: certifi>=2017.4.17 in /opt/hpcaas/.mounts/fs-0565f60d669b6a2d3/home/beidic/anaconda3/envs/yangllm2/lib/python3.9/site-packages (from requests->huggingface-hub->accelerate) (2024.2.2)
Requirement already satisfied: mpmath>=0.19 in /opt/hpcaas/.mounts/fs-0565f60d669b6a2d3/home/beidic/anaconda3/envs/yangllm2/lib/python3.9/site-packages (from sympy->torch>=1.10.0->accelerate) (1.3.0)
Requirement already satisfied: huggingface_hub[cli] in /opt/hpcaas/.mounts/fs-0565f60d669b6a2d3/home/beidic/anaconda3/envs/yangllm2/lib/python3.9/site-packages (0.21.4)
Requirement already satisfied: filelock in /opt/hpcaas/.mounts/fs-0565f60d669b6a2d3/home/beidic/anaconda3/envs/yangllm2/lib/python3.9/site-packages (from huggingface_hub[cli]) (3.13.1)
Requirement already satisfied: fsspec>=2023.5.0 in /opt/hpcaas/.mounts/fs-0565f60d669b6a2d3/home/beidic/anaconda3/envs/yangllm2/lib/python3.9/site-packages (from huggingface_hub[cli]) (2023.10.0)
Requirement already satisfied: requests in /opt/hpcaas/.mounts/fs-0565f60d669b6a2d3/home/beidic/anaconda3/envs/yangllm2/lib/python3.9/site-packages (from huggingface_hub[cli]) (2.31.0)
Requirement already satisfied: tqdm>=4.42.1 in /opt/hpcaas/.mounts/fs-0565f60d669b6a2d3/home/beidic/anaconda3/envs/yangllm2/lib/python3.9/site-packages (from huggingface_hub[cli]) (4.66.2)
Requirement already satisfied: pyyaml>=5.1 in /opt/hpcaas/.mounts/fs-0565f60d669b6a2d3/home/beidic/anaconda3/envs/yangllm2/lib/python3.9/site-packages (from huggingface_hub[cli]) (6.0.1)
Requirement already satisfied: typing-extensions>=3.7.4.3 in /opt/hpcaas/.mounts/fs-0565f60d669b6a2d3/home/beidic/anaconda3/envs/yangllm2/lib/python3.9/site-packages (from huggingface_hub[cli]) (4.9.0)
Requirement already satisfied: packaging>=20.9 in /opt/hpcaas/.mounts/fs-0565f60d669b6a2d3/home/beidic/anaconda3/envs/yangllm2/lib/python3.9/site-packages (from huggingface_hub[cli]) (23.2)
Requirement already satisfied: InquirerPy==0.3.4 in /opt/hpcaas/.mounts/fs-0565f60d669b6a2d3/home/beidic/anaconda3/envs/yangllm2/lib/python3.9/site-packages (from huggingface_hub[cli]) (0.3.4)
Requirement already satisfied: pfzy<0.4.0,>=0.3.1 in /opt/hpcaas/.mounts/fs-0565f60d669b6a2d3/home/beidic/anaconda3/envs/yangllm2/lib/python3.9/site-packages (from InquirerPy==0.3.4->huggingface_hub[cli]) (0.3.4)
Requirement already satisfied: prompt-toolkit<4.0.0,>=3.0.1 in /opt/hpcaas/.mounts/fs-0565f60d669b6a2d3/home/beidic/anaconda3/envs/yangllm2/lib/python3.9/site-packages (from InquirerPy==0.3.4->huggingface_hub[cli]) (3.0.43)
Requirement already satisfied: charset-normalizer<4,>=2 in /opt/hpcaas/.mounts/fs-0565f60d669b6a2d3/home/beidic/anaconda3/envs/yangllm2/lib/python3.9/site-packages (from requests->huggingface_hub[cli]) (3.3.2)
Requirement already satisfied: idna<4,>=2.5 in /opt/hpcaas/.mounts/fs-0565f60d669b6a2d3/home/beidic/anaconda3/envs/yangllm2/lib/python3.9/site-packages (from requests->huggingface_hub[cli]) (3.6)
Requirement already satisfied: urllib3<3,>=1.21.1 in /opt/hpcaas/.mounts/fs-0565f60d669b6a2d3/home/beidic/anaconda3/envs/yangllm2/lib/python3.9/site-packages (from requests->huggingface_hub[cli]) (1.26.18)
Requirement already satisfied: certifi>=2017.4.17 in /opt/hpcaas/.mounts/fs-0565f60d669b6a2d3/home/beidic/anaconda3/envs/yangllm2/lib/python3.9/site-packages (from requests->huggingface_hub[cli]) (2024.2.2)
Requirement already satisfied: wcwidth in /opt/hpcaas/.mounts/fs-0565f60d669b6a2d3/home/beidic/anaconda3/envs/yangllm2/lib/python3.9/site-packages (from prompt-toolkit<4.0.0,>=3.0.1->InquirerPy==0.3.4->huggingface_hub[cli]) (0.2.13)
Requirement already satisfied: matplotlib in /opt/hpcaas/.mounts/fs-0565f60d669b6a2d3/home/beidic/anaconda3/envs/yangllm2/lib/python3.9/site-packages (3.8.3)
Requirement already satisfied: contourpy>=1.0.1 in /opt/hpcaas/.mounts/fs-0565f60d669b6a2d3/home/beidic/anaconda3/envs/yangllm2/lib/python3.9/site-packages (from matplotlib) (1.2.0)
Requirement already satisfied: cycler>=0.10 in /opt/hpcaas/.mounts/fs-0565f60d669b6a2d3/home/beidic/anaconda3/envs/yangllm2/lib/python3.9/site-packages (from matplotlib) (0.12.1)
Requirement already satisfied: fonttools>=4.22.0 in /opt/hpcaas/.mounts/fs-0565f60d669b6a2d3/home/beidic/anaconda3/envs/yangllm2/lib/python3.9/site-packages (from matplotlib) (4.49.0)
Requirement already satisfied: kiwisolver>=1.3.1 in /opt/hpcaas/.mounts/fs-0565f60d669b6a2d3/home/beidic/anaconda3/envs/yangllm2/lib/python3.9/site-packages (from matplotlib) (1.4.5)
Requirement already satisfied: numpy<2,>=1.21 in /opt/hpcaas/.mounts/fs-0565f60d669b6a2d3/home/beidic/anaconda3/envs/yangllm2/lib/python3.9/site-packages (from matplotlib) (1.26.4)
Requirement already satisfied: packaging>=20.0 in /opt/hpcaas/.mounts/fs-0565f60d669b6a2d3/home/beidic/anaconda3/envs/yangllm2/lib/python3.9/site-packages (from matplotlib) (23.2)
Requirement already satisfied: pillow>=8 in /opt/hpcaas/.mounts/fs-0565f60d669b6a2d3/home/beidic/anaconda3/envs/yangllm2/lib/python3.9/site-packages (from matplotlib) (9.4.0)
Requirement already satisfied: pyparsing>=2.3.1 in /opt/hpcaas/.mounts/fs-0565f60d669b6a2d3/home/beidic/anaconda3/envs/yangllm2/lib/python3.9/site-packages (from matplotlib) (3.1.1)
Requirement already satisfied: python-dateutil>=2.7 in /opt/hpcaas/.mounts/fs-0565f60d669b6a2d3/home/beidic/anaconda3/envs/yangllm2/lib/python3.9/site-packages (from matplotlib) (2.8.2)
Requirement already satisfied: importlib-resources>=3.2.0 in /opt/hpcaas/.mounts/fs-0565f60d669b6a2d3/home/beidic/anaconda3/envs/yangllm2/lib/python3.9/site-packages (from matplotlib) (6.1.2)
Requirement already satisfied: zipp>=3.1.0 in /opt/hpcaas/.mounts/fs-0565f60d669b6a2d3/home/beidic/anaconda3/envs/yangllm2/lib/python3.9/site-packages (from importlib-resources>=3.2.0->matplotlib) (3.17.0)
Requirement already satisfied: six>=1.5 in /opt/hpcaas/.mounts/fs-0565f60d669b6a2d3/home/beidic/anaconda3/envs/yangllm2/lib/python3.9/site-packages (from python-dateutil>=2.7->matplotlib) (1.16.0)
Requirement already satisfied: sentencepiece in /opt/hpcaas/.mounts/fs-0565f60d669b6a2d3/home/beidic/anaconda3/envs/yangllm2/lib/python3.9/site-packages (0.1.99)
/data/home/beidic/anaconda3/envs/yangllm2/bin/python
/data/home/beidic/anaconda3/envs/yangllm2/bin/python
[1m[31mERROR! `huggingface-cli login` uses an outdated login mechanism that is not compatible with the Hugging Face Hub backend anymore. Please use `huggingface-cli login instead.[0m
Token has not been saved to git credential helper. Pass `add_to_git_credential=True` if you want to set the git credential as well.
Token is valid (permission: read).
Your token has been saved to /data/home/beidic/.cache/huggingface/token
Login successful
the commit hash is 06fca47
the hash of time is 547180
Hostname: a100-st-p4de24xlarge-1073
We now use eos_token as pad token
hostname is a100-st-p4de24xlarge-1073

tensor([    1,  1235, 29899,  1623,   363,   502, 29889,  9705,  4637,   393,
          505,  2360,  1754,   372,   964,   278, 17394,  3262,  8857,   322,
          892,  2360,  6839,   304,   367,  8126,   526,  1286,   901,   263,
        16832, 29889,    13, 11284, 29892,   591,  1818,   367,   373,  1749,
         8372,  7148,   746,   372,  5304,   304,  1906,  1058,  6963, 15331,
          304,  1749,  2834,   448,   278,  2305,   591,  5360, 29889,  7311,
          896,   674,   884,  6963,   502, 21682, 29892, 23164, 29892,  4892,
          322,  6410,   565,   591,   526,   451,  6364,   411,  4177, 29915,
        29879, 17659, 29889,  1105,  1235,   502,  1827, 29892,   411,   278,
        14176,   310, 10847, 29892,   525,   386,   804,   366, 29915, 17852,
         4177,   297, 13825, 29915,  1024, 29889,    13,  3112,   338, 21863,
          292,   278,  4328,   263,  2022,   508,  1207,   297,   278, 12080,
          310,  4045, 29889,    13,  6132,   366,  1073,   263,  4123,  2022,
         1058,   338, 11223,  1623,   470,  4482,   363,   263,  2769, 29892,
          763,   896,   526,  1641,  8227,  2957, 29973,  7198,  1554,   338,
         2675,  2743,   472,  3271, 29892,   896,   526,   451,  2805,  3307,
         8709, 29892,   896,  1122,  4459, 23123,   873, 29889,  5674,   727,
          338,  2337,  4966, 29889,   739,  1122,   367,   408,  2319,   408,
          263, 17819, 29892,   777,  3838,   310, 13016,   322, 18443,   882,
        29892,   470,  1584,   263,  2560,  6493,   304,  7845,   411,   963,
         1550,   896,   526,   443])
length of every example: torch.Size([204])


tensor([    1, 29899,  2230,  6089, 29889,    13, 13555,   278,  3236, 29892,
          366,  5142,  4866,  3236, 10701,   322, 17279, 29889,    13,  3492,
         1122,  5142, 17279,   472,   738,   931, 29889,   887,  1122,   451,
          871,  5142,  3236, 17279,   541,   884,   599, 17279, 12520,   491,
          502,   297,   607,   278,  3236,   338,  4934, 29892,  3704,  5735,
        14881,   411, 18690,   943,   322, 27138, 29889,    13,  1762,  6036,
          470,   427,  1548,  1048,   738,   310,  1749,  6694, 21888, 29892,
         3113,  6958, 10783, 29889,     2,     0,     0,     0,     0,     0,
            0,     0,     0,     0,     0,     0,     0,     0,     0,     0,
            0,     0,     0,     0,     0,     0,     0,     0,     0,     0,
            0,     0,     0,     0,     0,     0,     0,     0,     0,     0,
            0,     0,     0,     0,     0,     0,     0,     0,     0,     0,
            0,     0,     0,     0,     0,     0,     0,     0,     0,     0,
            0,     0,     0,     0,     0,     0,     0,     0,     0,     0,
            0,     0,     0,     0,     0,     0,     0,     0,     0,     0,
            0,     0,     0,     0,     0,     0,     0,     0,     0,     0,
            0,     0,     0,     0,     0,     0,     0,     0,     0,     0,
            0,     0,     0,     0,     0,     0,     0,     0,     0,     0,
            0,     0,     0,     0,     0,     0,     0,     0,     0,     0,
            0,     0,     0,     0,     0,     0,     0,     0,     0,     0,
            0,     0,     0,     0])
length of every example: torch.Size([204])


tensor([    1,  2337,  1950,   304, 12611,   596,  8820, 29889,    13, 29899,
         2178,   278, 11955,   297,   278,   282, 26456,   297,   278, 19309,
         6920,   526,   297, 15090,  1943, 29883,  3039,  4464, 29889,    13,
        29899,   739,   338,  2337,  1950,   304,  1735,   278, 11955,   310,
          278, 19309, 29889,    13, 29899,   450, 19309,   471,  2825,   411,
          278,  1900,  8492,   363,   278,   664,   310,   278,  1404, 29889,
           13, 29899,   450,  2159,   310,   278,  1967,  1304,   363,   278,
        19309,   338, 29871, 29941, 29900, 29900,   921, 29871, 29896, 29945,
        29906, 17036,   322,   338,  7160,   297,   432,  4061,  3402, 29889,
           13, 29899, 29871, 29896, 29900, 29900, 29916, 29896, 29900, 29900,
        29892, 29871, 29906, 29953, 29916, 29906, 29953,   322, 29871, 29945,
        29896, 29916, 29945, 29896,   526,   278,  1556,  1304,   363,   278,
         1426,  1973, 29892,   541, 29871, 29941, 29916, 29941,   338,   884,
         4922, 29889,    13, 29899,   450, 19309,   471,  1754,   411,   278,
         1900,  8492,  3625,   322,  1736,  2107, 29889,    13,  4013,  5780,
         6511,   502,   304,  3863,  1749,  1914,  4971,   583,   297, 26833,
        17293,  3355, 29991,  6204,   596,  1914, 14744,   322,  2761,   278,
        18786, 29892,   278,  6575, 29892, 27091, 29892,  4094, 29892, 11982,
          322, 14744,  2927, 29991,    13, 29899,   887,   508,   884,   788,
         3974,   304,   278, 14744,   411,   278,  1371,   310,  1422,   528,
         3076,   310,   330,   677])
length of every example: torch.Size([204])


tensor([    1,   804,   287,   975,   278, 17905, 29872, 29991, 29973,  2567,
          366,  1073, 29889,     2,     0,     0,     0,     0,     0,     0,
            0,     0,     0,     0,     0,     0,     0,     0,     0,     0,
            0,     0,     0,     0,     0,     0,     0,     0,     0,     0,
            0,     0,     0,     0,     0,     0,     0,     0,     0,     0,
            0,     0,     0,     0,     0,     0,     0,     0,     0,     0,
            0,     0,     0,     0,     0,     0,     0,     0,     0,     0,
            0,     0,     0,     0,     0,     0,     0,     0,     0,     0,
            0,     0,     0,     0,     0,     0,     0,     0,     0,     0,
            0,     0,     0,     0,     0,     0,     0,     0,     0,     0,
            0,     0,     0,     0,     0,     0,     0,     0,     0,     0,
            0,     0,     0,     0,     0,     0,     0,     0,     0,     0,
            0,     0,     0,     0,     0,     0,     0,     0,     0,     0,
            0,     0,     0,     0,     0,     0,     0,     0,     0,     0,
            0,     0,     0,     0,     0,     0,     0,     0,     0,     0,
            0,     0,     0,     0,     0,     0,     0,     0,     0,     0,
            0,     0,     0,     0,     0,     0,     0,     0,     0,     0,
            0,     0,     0,     0,     0,     0,     0,     0,     0,     0,
            0,     0,     0,     0,     0,     0,     0,     0,     0,     0,
            0,     0,     0,     0,     0,     0,     0,     0,     0,     0,
            0,     0,     0,     0])
length of every example: torch.Size([204])


tensor([    1, 29889,  1932,   366,   736,   304,  4866,   278,  6354,   366,
        29915,   345,  4687, 29892,  3763,  1804,   297,   472,   445,  1544,
          322,  2828,   278, 16913,   590,  6728,   322,   620,  2017,  2678,
         2826,  1449, 29889,    13,  5618,   508,   306,   437,   411,   590,
          379, 29925,  7413,   261,  4026, 29871, 29896, 29900, 29896, 29906,
        29973,    13,  3954,  7413,   261,  4026, 29871, 29896, 29900, 29896,
        29906, 29879,   526,  2998,   363,  1009, 11029, 29892, 29703,   322,
         6993, 29889,   887,   508,   671,   278, 23028,  4359, 12214, 29892,
          297,   278,  8034,   470,   472,  3271, 29892,   322,   596,   848,
          322, 10701,   526,  6364,   491,   385, 21210,   573,   379, 29925,
        23028,  1370, 21867, 29891, 29889,   739,   471,  8688,   411,   263,
         4482, 29899,   355, 29892,  1880, 29899, 19322,  2323, 29899,  9465,
         2874,   304,  9801, 10597, 14010, 27482,   363,  1556,  5381,  4160,
        29892,  3704,   263,  2919,  3402, 29892,   868, 10709, 14010, 13284,
          322,   379, 29925,  4116,   442,  5680, 29889,   450,   379, 29925,
        29871, 29896, 29900, 29896, 29906,  3913, 26677, 28127, 15483,   304,
         7910, 19201,   297,   278,  8034,  5177,   322, 16688, 26677,  1596,
        29899,   517, 29899, 21596, 14010,   304,  1596, 10701,   322, 13436,
        20612,  1083,   327,   873,   773,   278,  4240, 29899,   262, 14570,
        18800, 29899,  9615,   379, 29925, 23028, 26677,  3564,  7047, 29889,
           13,  5328,   437,   306])
length of every example: torch.Size([204])


tensor([    1, 19573,   338,  4129, 11131,   756,  3926,  5131, 29901,  5051,
        29892, 15040, 29892,  5972,   322,  8261,  3307,   304, 15649,  4359,
         3099,   540, 10753, 29889,  1205,  4720,   670,   704,  7924,   411,
          902,  6483,   575,  4940,   670,   553,   546,   362,   304,   367,
          411,   902,   408,   694,   697,  9906,   278,  2769,  1183,   756,
         1063,   577, 29207,   515,   902,  3271, 29889, 10949,  1472, 19573,
          756, 23580,   304,  7271,   777, 12111, 21435, 25828,  4835,   310,
          263, 19119,  4486,  2264,  2000,   438,  6530, 30003, 26290,   404,
          573,   752,  7273,   573,   766,  2098, 30003,   392, 11131,  4477,
          902,   964,   393,  3186, 29889,  1205,   925,   408,   896,  1284,
         3619,  5962, 29892,  2712,  3380,   304,   443,   336,   955, 29889,
         1724, 29915, 29879,   278,  8760, 29973,  6804,  1258,   445, 12220,
         1537,  7826,  2041,   515, 29973,   319,  8456,  2692,  6093, 26996,
        29059, 29901,  1152, 24909,   310,  8168,   309,   523,   322,   365,
          348,   279, 13370, 11147, 29892,   278,   937,  3143,   297,   263,
          716,   534,   309,  6933, 30003, 29907,   359, 29885,    13, 13720,
          491, 21671,   435,  3685,  3270,    13, 13720,   491,   317, 29889,
          315, 29889, 29384,    13, 19729,  4712, 29871, 29906, 29900, 29896,
        29945, 29899, 29896, 29896, 29899, 29900, 29945,    13, 15462,   276,
          321, 10967, 10443, 16157, 24159,    13, 15462,   276,   321, 10967,
         9511, 29886,  1947, 29914])
length of every example: torch.Size([204])


tensor([    1, 21248, 29897,   813,   322,   263,  2846,  6893,  2305,   526,
         1286, 19912,  8677,   714,   385,  2411,   456,   415, 29884, 14837,
         8497,   373,   278, 19756,   310,  3681, 29889,    13, 29924,  1279,
        29871, 29953, 29892, 29871, 29906, 29900, 29896, 29945, 29892, 29871,
        29906, 29901, 29896, 29896,   282, 29889, 29885, 29889,     2,     0,
            0,     0,     0,     0,     0,     0,     0,     0,     0,     0,
            0,     0,     0,     0,     0,     0,     0,     0,     0,     0,
            0,     0,     0,     0,     0,     0,     0,     0,     0,     0,
            0,     0,     0,     0,     0,     0,     0,     0,     0,     0,
            0,     0,     0,     0,     0,     0,     0,     0,     0,     0,
            0,     0,     0,     0,     0,     0,     0,     0,     0,     0,
            0,     0,     0,     0,     0,     0,     0,     0,     0,     0,
            0,     0,     0,     0,     0,     0,     0,     0,     0,     0,
            0,     0,     0,     0,     0,     0,     0,     0,     0,     0,
            0,     0,     0,     0,     0,     0,     0,     0,     0,     0,
            0,     0,     0,     0,     0,     0,     0,     0,     0,     0,
            0,     0,     0,     0,     0,     0,     0,     0,     0,     0,
            0,     0,     0,     0,     0,     0,     0,     0,     0,     0,
            0,     0,     0,     0,     0,     0,     0,     0,     0,     0,
            0,     0,     0,     0,     0,     0,     0,     0,     0,     0,
            0,     0,     0,     0])
length of every example: torch.Size([204])


tensor([    1,  4249,   278,  1375,   414,   310,  6780,   262,   339,   264,
        29892,   540,  1476,  3654,   373,   278,  4565,  9012,  4249,   278,
        19042, 23035, 29889,   529, 29874,  2822,   543,   991,   597, 29883,
        12896, 29889, 29876,   558, 29889,   990, 29914, 29906, 29900, 29896,
        29953, 29914, 29900, 29929, 29914, 29896, 29941, 29914, 29946, 29947,
        29929, 29896, 29945, 29955, 29941, 29906, 29929, 29914, 29895,   860,
        29899,   449, 29899,  1552, 29899,  1195,   267, 29899,  3525, 29899,
        11487, 29899,  4183, 16708, 29899, 16757,   839, 29899,  1552, 29899,
        29887,  1025, 29899, 29878,  1878,  1013,  3868, 20050,   263,  3287,
          310,  9703,   322,  1584,  2355,   385, 16578,   304,   278,  2343,
          297,   697,   310,   278,  1556, 18215,  1375,   292,  6931,  3926,
        21106, 29874,  2565,  9653, 29958,   529,  9653, 29958, 29933,  5658,
          310,   825,   540,  1258, 29892,   540, 17515,   278,  9311,   322,
        22832,   310,   278, 19042, 23035, 21106,  9653,  2565,  4563, 29958,
           13, 29966,  4563,   770,   543,  1396, 29899,  1493,  1649,  4187,
         7453,  1013,    13, 29966, 29874,   770,   543,  7290,  3440, 29899,
         3092, 29908,  2822, 13802, 24098, 12733, 29899, 29879,  2438, 29874,
        18961, 29914,   303,  3842, 29914,   264, 29914, 29900, 29906, 29900,
        29945,  1013,  2528,  3440,   829, 29874, 29958,    13,   829,  4563,
        29958,     2,     0,     0,     0,     0,     0,     0,     0,     0,
            0,     0,     0,     0])
length of every example: torch.Size([204])


tensor([    1,  5520,   674,  3928,   411,   502, 29889,  1334,   925,  4520,
          902,  2186,  5497,   515,   278,  9883,  1058,  5131,   304,  1871,
          502,   393,   278,  1833, 19179,   471,  1754,   304,   278, 19989,
        29889,    13, 29902,   505,  3447,   304,  7726,   304,   278,  9883,
          304,  1284,   714,  2020,   896,   526,   694,  5520,   297,  6958,
          411,   502, 29889,   960,   591,   526,   278,  2279,  3406,   310,
          278, 19989, 29892,   920,   881,   591,  5146,  1749,  1518, 11259,
          746,   896,   505,   451,  6958,   287,   502,   363,  2440,  1156,
         3907,   278, 19179,   304,   278, 19989, 29973,   450, 19989,   338,
          297, 10319, 29889,    13, 29908,  4806,   925,  4520,   902,  2186,
         5497,   515,   278,  9883,  1058,  5131,   304,  1871,   502,   393,
          278,  1833, 19179,   471,  1754,   304,   278, 19989, 29889,   376,
           13, 13468,  1754,   263, 10171, 29973,    13, 13468,  6958,   287,
          366,  2012,   310,   278, 10503,  4357,   805,  1709,   470,  2446,
          310, 19015,   310,   278, 23332,  1463, 29892,  1951,  1183, 12023,
          278,  6297,   310,   805,  1709,   470,  2446,   310, 19015,   322,
         3282, 29915, 29873,  1073,   393,   366,   892,   278,  2279,  3406,
        29889,  2296,   471,   451,  2164,   393,   278,  1833, 19179,   304,
          278, 19989,   750,  1063,  1754,   491,  4856,   916,  1135,  1183,
          471,  3806,   304,   367,   451,  2164, 29889,   376,    13,  4806,
          505,   263,  6434,  1286])
length of every example: torch.Size([204])


tensor([    1,   322,  2431,   340,   484,  4947,   304,   748,   937, 29889,
           13, 12984,  2829,  1085,   677, 29872,   322,  6123,   438, 29893,
          575,   297,  6093,   319,  5454,  2287, 17870, 29871, 29896, 29929,
        29953, 29955, 29899, 29953, 29947, 29889,    13,  1576,  1023,  3380,
        22049,  1623,   278,  6501, 11952, 29889,   319,  6819,  1109, 21985,
          964,   278,  2625,   310,  1009,  1559,   322,   784, 14128,   267,
        29889,   450,  7156,  4947,   701,   322, 11308, 29889,    13, 29909,
         1327,   583, 29915,  4783, 29892,   399,   635, 29892,  5771,   714,
          304,  5870,   278, 25957, 29889,    13, 29956,   284,  1265, 29892,
        13896,   347, 29915, 29879,   360,   328, 29892, 10534,   363, 25957,
          297,   399, 25752,  1254,  1001, 29871, 29896, 29929, 29953, 29929,
        29899, 29955, 29900, 29889,    13, 29956,   635,  5717, 29871, 29929,
        29896, 29896, 29889,   450, 25957, 29892,  1156,   263,  2586,   310,
         9963, 29892,  8661,   304,  1371,   399,   635,   313, 26492,   599,
          540,  4076,   338,  2089,  2472,   467, 13896,   347,   322,   902,
          270,   328,   679,   297,   278,  1559,   322,   896,   731,  1283,
         1623,   304,   278, 25957, 29915,  2058, 29889,    13,  1576, 10974,
         1101, 29889, 13896, 29891, 10603,   278,  6958,   393,  1183,   338,
          902,  4783, 29915, 29879,  8750,   322,  1183,  1818,   367, 11084,
          472,   599, 21544, 29889,   450,  6958,  8571,   267, 29889,    13,
        12984,  2829,  1085,   677])
length of every example: torch.Size([204])

key is text
key is condensed_token_path
key is large_input_ids
key is input_ids
key is attention_mask
key is condensed_embeds
<class 'list'>
<class 'dict'>
inside the data collator
large_input_ids
input_ids
attention_mask
condensed_embeds
inside the labels
<class 'list'>
<class 'dict'>
inside the data collator
large_input_ids
input_ids
attention_mask
condensed_embeds
inside the labels
key: large_input_ids and values have shape torch.Size([64, 204])
key: input_ids and values have shape torch.Size([64, 204])
key: attention_mask and values have shape torch.Size([64, 204])
key: condensed_embeds and values have shape torch.Size([64, 28, 2048])
key: labels and values have shape torch.Size([64, 204])
iteration_count 0
shape of large_input_ids torch.Size([64, 204]) shape of small_input_ids torch.Size([64, 204])
