fatal: Unable to create '/fsx-storygen/beidic/yang/GRIFFIN2/.git/index.lock': File exists.

Another git process seems to be running in this repository, e.g.
an editor opened by 'git commit'. Please make sure all processes
are terminated then try again. If it still fails, a git process
may have crashed in this repository earlier:
remove the file manually to continue.
wandb: Currently logged in as: stevenzhou0816100. Use `wandb login --relogin` to force relogin
Traceback (most recent call last):
  File "/fsx-storygen/beidic/anaconda3/envs/hanshi/bin/huggingface-cli", line 8, in <module>
    sys.exit(main())
  File "/fsx-storygen/beidic/anaconda3/envs/hanshi/lib/python3.9/site-packages/huggingface_hub/commands/huggingface_cli.py", line 51, in main
    service.run()
  File "/fsx-storygen/beidic/anaconda3/envs/hanshi/lib/python3.9/site-packages/huggingface_hub/commands/user.py", line 98, in run
    login(token=self.args.token, add_to_git_credential=self.args.add_to_git_credential)
  File "/fsx-storygen/beidic/anaconda3/envs/hanshi/lib/python3.9/site-packages/huggingface_hub/_login.py", line 111, in login
    _login(token, add_to_git_credential=add_to_git_credential, write_permission=write_permission)
  File "/fsx-storygen/beidic/anaconda3/envs/hanshi/lib/python3.9/site-packages/huggingface_hub/_login.py", line 307, in _login
    raise ValueError("Invalid token passed!")
ValueError: Invalid token passed!
The following values were not passed to `accelerate launch` and had defaults used instead:
		More than one GPU was found, enabling multi-GPU training.
		If this was unintended please pass in `--num_processes=1`.
	`--mixed_precision` was set to a value of `'no'`
	`--dynamo_backend` was set to a value of `'no'`
To avoid this warning pass in values for each of the problematic parameters or run `accelerate config`.
usage: main.py [-h] [--model MODEL] [--tasks task1,task2]
               [--model_args MODEL_ARGS] [--num_fewshot N]
               [--batch_size auto|auto:N|N] [--max_batch_size N]
               [--device DEVICE] [--output_path DIR|DIR/file.json]
               [--limit N|0<N<1] [--topp TOPP] [--topk TOPK] [--spr SPR]
               [--sink SINK] [--local LOCAL] [--use_cache DIR]
               [--cache_requests {true,refresh,delete}] [--check_integrity]
               [--write_out] [--log_samples] [--show_config]
               [--include_path DIR] [--gen_kwargs GEN_KWARGS]
               [--verbosity CRITICAL|ERROR|WARNING|INFO|DEBUG]
               [--wandb_args WANDB_ARGS] [--predict_only] [--seed SEED]
               [--trust_remote_code]
usage: main.py [-h] [--model MODEL] [--tasks task1,task2]
               [--model_args MODEL_ARGS] [--num_fewshot N]
               [--batch_size auto|auto:N|N] [--max_batch_size N]
               [--device DEVICE] [--output_path DIR|DIR/file.json]
               [--limit N|0<N<1] [--topp TOPP] [--topk TOPK] [--spr SPR]
               [--sink SINK] [--local LOCAL] [--use_cache DIR]
               [--cache_requests {true,refresh,delete}] [--check_integrity]
               [--write_out] [--log_samples] [--show_config]
               [--include_path DIR] [--gen_kwargs GEN_KWARGS]
               [--verbosity CRITICAL|ERROR|WARNING|INFO|DEBUG]
               [--wandb_args WANDB_ARGS] [--predict_only] [--seed SEED]
               [--trust_remote_code]
usage: main.py [-h] [--model MODEL] [--tasks task1,task2]
               [--model_args MODEL_ARGS] [--num_fewshot N]
               [--batch_size auto|auto:N|N] [--max_batch_size N]
               [--device DEVICE] [--output_path DIR|DIR/file.json]
               [--limit N|0<N<1] [--topp TOPP] [--topk TOPK] [--spr SPR]
               [--sink SINK] [--local LOCAL] [--use_cache DIR]
               [--cache_requests {true,refresh,delete}] [--check_integrity]
               [--write_out] [--log_samples] [--show_config]
               [--include_path DIR] [--gen_kwargs GEN_KWARGS]
               [--verbosity CRITICAL|ERROR|WARNING|INFO|DEBUG]
               [--wandb_args WANDB_ARGS] [--predict_only] [--seed SEED]
               [--trust_remote_code]
usage: main.py [-h] [--model MODEL] [--tasks task1,task2]
               [--model_args MODEL_ARGS] [--num_fewshot N]
               [--batch_size auto|auto:N|N] [--max_batch_size N]
               [--device DEVICE] [--output_path DIR|DIR/file.json]
               [--limit N|0<N<1] [--topp TOPP] [--topk TOPK] [--spr SPR]
               [--sink SINK] [--local LOCAL] [--use_cache DIR]
               [--cache_requests {true,refresh,delete}] [--check_integrity]
               [--write_out] [--log_samples] [--show_config]
               [--include_path DIR] [--gen_kwargs GEN_KWARGS]
               [--verbosity CRITICAL|ERROR|WARNING|INFO|DEBUG]
               [--wandb_args WANDB_ARGS] [--predict_only] [--seed SEED]
               [--trust_remote_code]
main.py: error: unrecognized arguments: gsm8k
main.py: error: unrecognized arguments: gsm8k
main.py: error: unrecognized arguments: gsm8k
main.py: error: unrecognized arguments: gsm8k
usage: main.py [-h] [--model MODEL] [--tasks task1,task2]
               [--model_args MODEL_ARGS] [--num_fewshot N]
               [--batch_size auto|auto:N|N] [--max_batch_size N]
               [--device DEVICE] [--output_path DIR|DIR/file.json]
               [--limit N|0<N<1] [--topp TOPP] [--topk TOPK] [--spr SPR]
               [--sink SINK] [--local LOCAL] [--use_cache DIR]
               [--cache_requests {true,refresh,delete}] [--check_integrity]
               [--write_out] [--log_samples] [--show_config]
               [--include_path DIR] [--gen_kwargs GEN_KWARGS]
               [--verbosity CRITICAL|ERROR|WARNING|INFO|DEBUG]
               [--wandb_args WANDB_ARGS] [--predict_only] [--seed SEED]
               [--trust_remote_code]
main.py: error: unrecognized arguments: gsm8k
usage: main.py [-h] [--model MODEL] [--tasks task1,task2]
               [--model_args MODEL_ARGS] [--num_fewshot N]
               [--batch_size auto|auto:N|N] [--max_batch_size N]
               [--device DEVICE] [--output_path DIR|DIR/file.json]
               [--limit N|0<N<1] [--topp TOPP] [--topk TOPK] [--spr SPR]
               [--sink SINK] [--local LOCAL] [--use_cache DIR]
               [--cache_requests {true,refresh,delete}] [--check_integrity]
               [--write_out] [--log_samples] [--show_config]
               [--include_path DIR] [--gen_kwargs GEN_KWARGS]
               [--verbosity CRITICAL|ERROR|WARNING|INFO|DEBUG]
               [--wandb_args WANDB_ARGS] [--predict_only] [--seed SEED]
               [--trust_remote_code]
main.py: error: unrecognized arguments: gsm8k
usage: main.py [-h] [--model MODEL] [--tasks task1,task2]
               [--model_args MODEL_ARGS] [--num_fewshot N]
               [--batch_size auto|auto:N|N] [--max_batch_size N]
               [--device DEVICE] [--output_path DIR|DIR/file.json]
               [--limit N|0<N<1] [--topp TOPP] [--topk TOPK] [--spr SPR]
               [--sink SINK] [--local LOCAL] [--use_cache DIR]
               [--cache_requests {true,refresh,delete}] [--check_integrity]
               [--write_out] [--log_samples] [--show_config]
               [--include_path DIR] [--gen_kwargs GEN_KWARGS]
               [--verbosity CRITICAL|ERROR|WARNING|INFO|DEBUG]
               [--wandb_args WANDB_ARGS] [--predict_only] [--seed SEED]
               [--trust_remote_code]
usage: main.py [-h] [--model MODEL] [--tasks task1,task2]
               [--model_args MODEL_ARGS] [--num_fewshot N]
               [--batch_size auto|auto:N|N] [--max_batch_size N]
               [--device DEVICE] [--output_path DIR|DIR/file.json]
               [--limit N|0<N<1] [--topp TOPP] [--topk TOPK] [--spr SPR]
               [--sink SINK] [--local LOCAL] [--use_cache DIR]
               [--cache_requests {true,refresh,delete}] [--check_integrity]
               [--write_out] [--log_samples] [--show_config]
               [--include_path DIR] [--gen_kwargs GEN_KWARGS]
               [--verbosity CRITICAL|ERROR|WARNING|INFO|DEBUG]
               [--wandb_args WANDB_ARGS] [--predict_only] [--seed SEED]
               [--trust_remote_code]
main.py: error: unrecognized arguments: gsm8k
main.py: error: unrecognized arguments: gsm8k
[2024-06-03 15:31:46,185] torch.distributed.elastic.multiprocessing.api: [ERROR] failed (exitcode: 2) local_rank: 0 (pid: 1061528) of binary: /fsx-storygen/beidic/anaconda3/envs/hanshi/bin/python3.9
Traceback (most recent call last):
  File "/fsx-storygen/beidic/anaconda3/envs/hanshi/bin/accelerate", line 8, in <module>
    sys.exit(main())
  File "/fsx-storygen/beidic/anaconda3/envs/hanshi/lib/python3.9/site-packages/accelerate/commands/accelerate_cli.py", line 47, in main
    args.func(args)
  File "/fsx-storygen/beidic/anaconda3/envs/hanshi/lib/python3.9/site-packages/accelerate/commands/launch.py", line 1014, in launch_command
    multi_gpu_launcher(args)
  File "/fsx-storygen/beidic/anaconda3/envs/hanshi/lib/python3.9/site-packages/accelerate/commands/launch.py", line 672, in multi_gpu_launcher
    distrib_run.run(args)
  File "/fsx-storygen/beidic/anaconda3/envs/hanshi/lib/python3.9/site-packages/torch/distributed/run.py", line 797, in run
    elastic_launch(
  File "/fsx-storygen/beidic/anaconda3/envs/hanshi/lib/python3.9/site-packages/torch/distributed/launcher/api.py", line 134, in __call__
    return launch_agent(self._config, self._entrypoint, list(args))
  File "/fsx-storygen/beidic/anaconda3/envs/hanshi/lib/python3.9/site-packages/torch/distributed/launcher/api.py", line 264, in launch_agent
    raise ChildFailedError(
torch.distributed.elastic.multiprocessing.errors.ChildFailedError: 
============================================================
main.py FAILED
------------------------------------------------------------
Failures:
[1]:
  time      : 2024-06-03_15:31:46
  host      : a100-st-p4de24xlarge-186.fair-a100.hpcaas
  rank      : 1 (local_rank: 1)
  exitcode  : 2 (pid: 1061529)
  error_file: <N/A>
  traceback : To enable traceback see: https://pytorch.org/docs/stable/elastic/errors.html
[2]:
  time      : 2024-06-03_15:31:46
  host      : a100-st-p4de24xlarge-186.fair-a100.hpcaas
  rank      : 2 (local_rank: 2)
  exitcode  : 2 (pid: 1061530)
  error_file: <N/A>
  traceback : To enable traceback see: https://pytorch.org/docs/stable/elastic/errors.html
[3]:
  time      : 2024-06-03_15:31:46
  host      : a100-st-p4de24xlarge-186.fair-a100.hpcaas
  rank      : 3 (local_rank: 3)
  exitcode  : 2 (pid: 1061531)
  error_file: <N/A>
  traceback : To enable traceback see: https://pytorch.org/docs/stable/elastic/errors.html
[4]:
  time      : 2024-06-03_15:31:46
  host      : a100-st-p4de24xlarge-186.fair-a100.hpcaas
  rank      : 4 (local_rank: 4)
  exitcode  : 2 (pid: 1061532)
  error_file: <N/A>
  traceback : To enable traceback see: https://pytorch.org/docs/stable/elastic/errors.html
[5]:
  time      : 2024-06-03_15:31:46
  host      : a100-st-p4de24xlarge-186.fair-a100.hpcaas
  rank      : 5 (local_rank: 5)
  exitcode  : 2 (pid: 1061533)
  error_file: <N/A>
  traceback : To enable traceback see: https://pytorch.org/docs/stable/elastic/errors.html
[6]:
  time      : 2024-06-03_15:31:46
  host      : a100-st-p4de24xlarge-186.fair-a100.hpcaas
  rank      : 6 (local_rank: 6)
  exitcode  : 2 (pid: 1061534)
  error_file: <N/A>
  traceback : To enable traceback see: https://pytorch.org/docs/stable/elastic/errors.html
[7]:
  time      : 2024-06-03_15:31:46
  host      : a100-st-p4de24xlarge-186.fair-a100.hpcaas
  rank      : 7 (local_rank: 7)
  exitcode  : 2 (pid: 1061535)
  error_file: <N/A>
  traceback : To enable traceback see: https://pytorch.org/docs/stable/elastic/errors.html
------------------------------------------------------------
Root Cause (first observed failure):
[0]:
  time      : 2024-06-03_15:31:46
  host      : a100-st-p4de24xlarge-186.fair-a100.hpcaas
  rank      : 0 (local_rank: 0)
  exitcode  : 2 (pid: 1061528)
  error_file: <N/A>
  traceback : To enable traceback see: https://pytorch.org/docs/stable/elastic/errors.html
============================================================
