Branch 'exp2' set up to track remote branch 'exp2' from 'origin'.
Already up to date.
Already up to date.
Requirement already satisfied: termcolor in /opt/hpcaas/.mounts/fs-0565f60d669b6a2d3/home/beidic/.local/lib/python3.8/site-packages (2.4.0)
Requirement already satisfied: wandb in /opt/hpcaas/.mounts/fs-0565f60d669b6a2d3/home/beidic/.local/lib/python3.8/site-packages (0.16.3)
Requirement already satisfied: GitPython!=3.1.29,>=1.0.0 in /opt/hpcaas/.mounts/fs-0565f60d669b6a2d3/home/beidic/.local/lib/python3.8/site-packages (from wandb) (3.1.41)
Requirement already satisfied: requests<3,>=2.0.0 in /usr/lib/python3/dist-packages (from wandb) (2.22.0)
Requirement already satisfied: psutil>=5.0.0 in /opt/hpcaas/.mounts/fs-0565f60d669b6a2d3/home/beidic/.local/lib/python3.8/site-packages (from wandb) (5.9.8)
Requirement already satisfied: sentry-sdk>=1.0.0 in /opt/hpcaas/.mounts/fs-0565f60d669b6a2d3/home/beidic/.local/lib/python3.8/site-packages (from wandb) (1.40.4)
Requirement already satisfied: docker-pycreds>=0.4.0 in /opt/hpcaas/.mounts/fs-0565f60d669b6a2d3/home/beidic/.local/lib/python3.8/site-packages (from wandb) (0.4.0)
Requirement already satisfied: PyYAML in /usr/lib/python3/dist-packages (from wandb) (5.3.1)
Requirement already satisfied: setproctitle in /opt/hpcaas/.mounts/fs-0565f60d669b6a2d3/home/beidic/.local/lib/python3.8/site-packages (from wandb) (1.3.3)
Requirement already satisfied: Click!=8.0.0,>=7.1 in /opt/hpcaas/.mounts/fs-0565f60d669b6a2d3/home/beidic/.local/lib/python3.8/site-packages (from wandb) (8.1.7)
Requirement already satisfied: protobuf!=4.21.0,<5,>=3.12.0; python_version < "3.9" and sys_platform == "linux" in /opt/hpcaas/.mounts/fs-0565f60d669b6a2d3/home/beidic/.local/lib/python3.8/site-packages (from wandb) (4.25.2)
Requirement already satisfied: typing-extensions; python_version < "3.10" in /opt/hpcaas/.mounts/fs-0565f60d669b6a2d3/home/beidic/.local/lib/python3.8/site-packages (from wandb) (4.9.0)
Requirement already satisfied: setuptools in /usr/lib/python3/dist-packages (from wandb) (45.2.0)
Requirement already satisfied: appdirs>=1.4.3 in /opt/hpcaas/.mounts/fs-0565f60d669b6a2d3/home/beidic/.local/lib/python3.8/site-packages (from wandb) (1.4.4)
Requirement already satisfied: gitdb<5,>=4.0.1 in /opt/hpcaas/.mounts/fs-0565f60d669b6a2d3/home/beidic/.local/lib/python3.8/site-packages (from GitPython!=3.1.29,>=1.0.0->wandb) (4.0.11)
Requirement already satisfied: urllib3>=1.26.11; python_version >= "3.6" in /opt/hpcaas/.mounts/fs-0565f60d669b6a2d3/home/beidic/.local/lib/python3.8/site-packages (from sentry-sdk>=1.0.0->wandb) (2.2.0)
Requirement already satisfied: certifi in /usr/lib/python3/dist-packages (from sentry-sdk>=1.0.0->wandb) (2019.11.28)
Requirement already satisfied: six>=1.4.0 in /usr/lib/python3/dist-packages (from docker-pycreds>=0.4.0->wandb) (1.14.0)
Requirement already satisfied: smmap<6,>=3.0.1 in /opt/hpcaas/.mounts/fs-0565f60d669b6a2d3/home/beidic/.local/lib/python3.8/site-packages (from gitdb<5,>=4.0.1->GitPython!=3.1.29,>=1.0.0->wandb) (5.0.1)
Requirement already satisfied: datasets in /opt/hpcaas/.mounts/fs-0565f60d669b6a2d3/home/beidic/.local/lib/python3.8/site-packages (2.17.0)
Requirement already satisfied: tqdm>=4.62.1 in /opt/hpcaas/.mounts/fs-0565f60d669b6a2d3/home/beidic/.local/lib/python3.8/site-packages (from datasets) (4.66.1)
Requirement already satisfied: pyyaml>=5.1 in /usr/lib/python3/dist-packages (from datasets) (5.3.1)
Requirement already satisfied: dill<0.3.9,>=0.3.0 in /opt/hpcaas/.mounts/fs-0565f60d669b6a2d3/home/beidic/.local/lib/python3.8/site-packages (from datasets) (0.3.8)
Requirement already satisfied: pandas in /opt/hpcaas/.mounts/fs-0565f60d669b6a2d3/home/beidic/.local/lib/python3.8/site-packages (from datasets) (2.0.3)
Requirement already satisfied: numpy>=1.17 in /opt/hpcaas/.mounts/fs-0565f60d669b6a2d3/home/beidic/.local/lib/python3.8/site-packages (from datasets) (1.24.4)
Requirement already satisfied: filelock in /opt/hpcaas/.mounts/fs-0565f60d669b6a2d3/home/beidic/.local/lib/python3.8/site-packages (from datasets) (3.13.1)
Requirement already satisfied: aiohttp in /opt/hpcaas/.mounts/fs-0565f60d669b6a2d3/home/beidic/.local/lib/python3.8/site-packages (from datasets) (3.9.3)
Requirement already satisfied: fsspec[http]<=2023.10.0,>=2023.1.0 in /opt/hpcaas/.mounts/fs-0565f60d669b6a2d3/home/beidic/.local/lib/python3.8/site-packages (from datasets) (2023.10.0)
Requirement already satisfied: pyarrow-hotfix in /opt/hpcaas/.mounts/fs-0565f60d669b6a2d3/home/beidic/.local/lib/python3.8/site-packages (from datasets) (0.6)
Requirement already satisfied: multiprocess in /opt/hpcaas/.mounts/fs-0565f60d669b6a2d3/home/beidic/.local/lib/python3.8/site-packages (from datasets) (0.70.16)
Requirement already satisfied: xxhash in /opt/hpcaas/.mounts/fs-0565f60d669b6a2d3/home/beidic/.local/lib/python3.8/site-packages (from datasets) (3.4.1)
Requirement already satisfied: pyarrow>=12.0.0 in /opt/hpcaas/.mounts/fs-0565f60d669b6a2d3/home/beidic/.local/lib/python3.8/site-packages (from datasets) (15.0.0)
Requirement already satisfied: huggingface-hub>=0.19.4 in /opt/hpcaas/.mounts/fs-0565f60d669b6a2d3/home/beidic/.local/lib/python3.8/site-packages (from datasets) (0.20.3)
Requirement already satisfied: packaging in /opt/hpcaas/.mounts/fs-0565f60d669b6a2d3/home/beidic/.local/lib/python3.8/site-packages (from datasets) (23.2)
Requirement already satisfied: requests>=2.19.0 in /usr/lib/python3/dist-packages (from datasets) (2.22.0)
Requirement already satisfied: python-dateutil>=2.8.2 in /opt/hpcaas/.mounts/fs-0565f60d669b6a2d3/home/beidic/.local/lib/python3.8/site-packages (from pandas->datasets) (2.8.2)
Requirement already satisfied: pytz>=2020.1 in /opt/hpcaas/.mounts/fs-0565f60d669b6a2d3/home/beidic/.local/lib/python3.8/site-packages (from pandas->datasets) (2024.1)
Requirement already satisfied: tzdata>=2022.1 in /opt/hpcaas/.mounts/fs-0565f60d669b6a2d3/home/beidic/.local/lib/python3.8/site-packages (from pandas->datasets) (2024.1)
Requirement already satisfied: attrs>=17.3.0 in /usr/lib/python3/dist-packages (from aiohttp->datasets) (19.3.0)
Requirement already satisfied: aiosignal>=1.1.2 in /opt/hpcaas/.mounts/fs-0565f60d669b6a2d3/home/beidic/.local/lib/python3.8/site-packages (from aiohttp->datasets) (1.3.1)
Requirement already satisfied: frozenlist>=1.1.1 in /opt/hpcaas/.mounts/fs-0565f60d669b6a2d3/home/beidic/.local/lib/python3.8/site-packages (from aiohttp->datasets) (1.4.1)
Requirement already satisfied: yarl<2.0,>=1.0 in /opt/hpcaas/.mounts/fs-0565f60d669b6a2d3/home/beidic/.local/lib/python3.8/site-packages (from aiohttp->datasets) (1.9.4)
Requirement already satisfied: multidict<7.0,>=4.5 in /opt/hpcaas/.mounts/fs-0565f60d669b6a2d3/home/beidic/.local/lib/python3.8/site-packages (from aiohttp->datasets) (6.0.5)
Requirement already satisfied: async-timeout<5.0,>=4.0; python_version < "3.11" in /opt/hpcaas/.mounts/fs-0565f60d669b6a2d3/home/beidic/.local/lib/python3.8/site-packages (from aiohttp->datasets) (4.0.3)
Requirement already satisfied: typing-extensions>=3.7.4.3 in /opt/hpcaas/.mounts/fs-0565f60d669b6a2d3/home/beidic/.local/lib/python3.8/site-packages (from huggingface-hub>=0.19.4->datasets) (4.9.0)
Requirement already satisfied: six>=1.5 in /usr/lib/python3/dist-packages (from python-dateutil>=2.8.2->pandas->datasets) (1.14.0)
Requirement already satisfied: idna>=2.0 in /usr/lib/python3/dist-packages (from yarl<2.0,>=1.0->aiohttp->datasets) (2.8)
Requirement already satisfied: accelerate in /opt/hpcaas/.mounts/fs-0565f60d669b6a2d3/home/beidic/.local/lib/python3.8/site-packages (0.27.2)
Requirement already satisfied: psutil in /opt/hpcaas/.mounts/fs-0565f60d669b6a2d3/home/beidic/.local/lib/python3.8/site-packages (from accelerate) (5.9.8)
Requirement already satisfied: pyyaml in /usr/lib/python3/dist-packages (from accelerate) (5.3.1)
Requirement already satisfied: packaging>=20.0 in /opt/hpcaas/.mounts/fs-0565f60d669b6a2d3/home/beidic/.local/lib/python3.8/site-packages (from accelerate) (23.2)
Requirement already satisfied: numpy>=1.17 in /opt/hpcaas/.mounts/fs-0565f60d669b6a2d3/home/beidic/.local/lib/python3.8/site-packages (from accelerate) (1.24.4)
Requirement already satisfied: torch>=1.10.0 in /opt/hpcaas/.mounts/fs-0565f60d669b6a2d3/home/beidic/.local/lib/python3.8/site-packages (from accelerate) (2.2.0)
Requirement already satisfied: safetensors>=0.3.1 in /opt/hpcaas/.mounts/fs-0565f60d669b6a2d3/home/beidic/.local/lib/python3.8/site-packages (from accelerate) (0.4.2)
Requirement already satisfied: huggingface-hub in /opt/hpcaas/.mounts/fs-0565f60d669b6a2d3/home/beidic/.local/lib/python3.8/site-packages (from accelerate) (0.20.3)
Requirement already satisfied: nvidia-cuda-runtime-cu12==12.1.105; platform_system == "Linux" and platform_machine == "x86_64" in /opt/hpcaas/.mounts/fs-0565f60d669b6a2d3/home/beidic/.local/lib/python3.8/site-packages (from torch>=1.10.0->accelerate) (12.1.105)
Requirement already satisfied: nvidia-cusolver-cu12==11.4.5.107; platform_system == "Linux" and platform_machine == "x86_64" in /opt/hpcaas/.mounts/fs-0565f60d669b6a2d3/home/beidic/.local/lib/python3.8/site-packages (from torch>=1.10.0->accelerate) (11.4.5.107)
Requirement already satisfied: triton==2.2.0; platform_system == "Linux" and platform_machine == "x86_64" in /opt/hpcaas/.mounts/fs-0565f60d669b6a2d3/home/beidic/.local/lib/python3.8/site-packages (from torch>=1.10.0->accelerate) (2.2.0)
Requirement already satisfied: nvidia-cudnn-cu12==8.9.2.26; platform_system == "Linux" and platform_machine == "x86_64" in /opt/hpcaas/.mounts/fs-0565f60d669b6a2d3/home/beidic/.local/lib/python3.8/site-packages (from torch>=1.10.0->accelerate) (8.9.2.26)
Requirement already satisfied: nvidia-nccl-cu12==2.19.3; platform_system == "Linux" and platform_machine == "x86_64" in /opt/hpcaas/.mounts/fs-0565f60d669b6a2d3/home/beidic/.local/lib/python3.8/site-packages (from torch>=1.10.0->accelerate) (2.19.3)
Requirement already satisfied: typing-extensions>=4.8.0 in /opt/hpcaas/.mounts/fs-0565f60d669b6a2d3/home/beidic/.local/lib/python3.8/site-packages (from torch>=1.10.0->accelerate) (4.9.0)
Requirement already satisfied: nvidia-cuda-cupti-cu12==12.1.105; platform_system == "Linux" and platform_machine == "x86_64" in /opt/hpcaas/.mounts/fs-0565f60d669b6a2d3/home/beidic/.local/lib/python3.8/site-packages (from torch>=1.10.0->accelerate) (12.1.105)
Requirement already satisfied: jinja2 in /usr/lib/python3/dist-packages (from torch>=1.10.0->accelerate) (2.10.1)
Requirement already satisfied: nvidia-cufft-cu12==11.0.2.54; platform_system == "Linux" and platform_machine == "x86_64" in /opt/hpcaas/.mounts/fs-0565f60d669b6a2d3/home/beidic/.local/lib/python3.8/site-packages (from torch>=1.10.0->accelerate) (11.0.2.54)
Requirement already satisfied: nvidia-cuda-nvrtc-cu12==12.1.105; platform_system == "Linux" and platform_machine == "x86_64" in /opt/hpcaas/.mounts/fs-0565f60d669b6a2d3/home/beidic/.local/lib/python3.8/site-packages (from torch>=1.10.0->accelerate) (12.1.105)
Requirement already satisfied: nvidia-cusparse-cu12==12.1.0.106; platform_system == "Linux" and platform_machine == "x86_64" in /opt/hpcaas/.mounts/fs-0565f60d669b6a2d3/home/beidic/.local/lib/python3.8/site-packages (from torch>=1.10.0->accelerate) (12.1.0.106)
Requirement already satisfied: nvidia-cublas-cu12==12.1.3.1; platform_system == "Linux" and platform_machine == "x86_64" in /opt/hpcaas/.mounts/fs-0565f60d669b6a2d3/home/beidic/.local/lib/python3.8/site-packages (from torch>=1.10.0->accelerate) (12.1.3.1)
Requirement already satisfied: sympy in /opt/hpcaas/.mounts/fs-0565f60d669b6a2d3/home/beidic/.local/lib/python3.8/site-packages (from torch>=1.10.0->accelerate) (1.12)
Requirement already satisfied: nvidia-curand-cu12==10.3.2.106; platform_system == "Linux" and platform_machine == "x86_64" in /opt/hpcaas/.mounts/fs-0565f60d669b6a2d3/home/beidic/.local/lib/python3.8/site-packages (from torch>=1.10.0->accelerate) (10.3.2.106)
Requirement already satisfied: networkx in /opt/hpcaas/.mounts/fs-0565f60d669b6a2d3/home/beidic/.local/lib/python3.8/site-packages (from torch>=1.10.0->accelerate) (3.1)
Requirement already satisfied: filelock in /opt/hpcaas/.mounts/fs-0565f60d669b6a2d3/home/beidic/.local/lib/python3.8/site-packages (from torch>=1.10.0->accelerate) (3.13.1)
Requirement already satisfied: fsspec in /opt/hpcaas/.mounts/fs-0565f60d669b6a2d3/home/beidic/.local/lib/python3.8/site-packages (from torch>=1.10.0->accelerate) (2023.10.0)
Requirement already satisfied: nvidia-nvtx-cu12==12.1.105; platform_system == "Linux" and platform_machine == "x86_64" in /opt/hpcaas/.mounts/fs-0565f60d669b6a2d3/home/beidic/.local/lib/python3.8/site-packages (from torch>=1.10.0->accelerate) (12.1.105)
Requirement already satisfied: tqdm>=4.42.1 in /opt/hpcaas/.mounts/fs-0565f60d669b6a2d3/home/beidic/.local/lib/python3.8/site-packages (from huggingface-hub->accelerate) (4.66.1)
Requirement already satisfied: requests in /usr/lib/python3/dist-packages (from huggingface-hub->accelerate) (2.22.0)
Requirement already satisfied: nvidia-nvjitlink-cu12 in /opt/hpcaas/.mounts/fs-0565f60d669b6a2d3/home/beidic/.local/lib/python3.8/site-packages (from nvidia-cusolver-cu12==11.4.5.107; platform_system == "Linux" and platform_machine == "x86_64"->torch>=1.10.0->accelerate) (12.3.101)
Requirement already satisfied: mpmath>=0.19 in /opt/hpcaas/.mounts/fs-0565f60d669b6a2d3/home/beidic/.local/lib/python3.8/site-packages (from sympy->torch>=1.10.0->accelerate) (1.3.0)
Collecting huggingface_hub[cli]
  Downloading huggingface_hub-0.23.2-py3-none-any.whl (401 kB)
Requirement already satisfied, skipping upgrade: fsspec>=2023.5.0 in /opt/hpcaas/.mounts/fs-0565f60d669b6a2d3/home/beidic/.local/lib/python3.8/site-packages (from huggingface_hub[cli]) (2023.10.0)
Requirement already satisfied, skipping upgrade: filelock in /opt/hpcaas/.mounts/fs-0565f60d669b6a2d3/home/beidic/.local/lib/python3.8/site-packages (from huggingface_hub[cli]) (3.13.1)
Requirement already satisfied, skipping upgrade: packaging>=20.9 in /opt/hpcaas/.mounts/fs-0565f60d669b6a2d3/home/beidic/.local/lib/python3.8/site-packages (from huggingface_hub[cli]) (23.2)
Requirement already satisfied, skipping upgrade: typing-extensions>=3.7.4.3 in /opt/hpcaas/.mounts/fs-0565f60d669b6a2d3/home/beidic/.local/lib/python3.8/site-packages (from huggingface_hub[cli]) (4.9.0)
Requirement already satisfied, skipping upgrade: pyyaml>=5.1 in /usr/lib/python3/dist-packages (from huggingface_hub[cli]) (5.3.1)
Requirement already satisfied, skipping upgrade: requests in /usr/lib/python3/dist-packages (from huggingface_hub[cli]) (2.22.0)
Requirement already satisfied, skipping upgrade: tqdm>=4.42.1 in /opt/hpcaas/.mounts/fs-0565f60d669b6a2d3/home/beidic/.local/lib/python3.8/site-packages (from huggingface_hub[cli]) (4.66.1)
Requirement already satisfied, skipping upgrade: InquirerPy==0.3.4; extra == "cli" in /opt/hpcaas/.mounts/fs-0565f60d669b6a2d3/home/beidic/.local/lib/python3.8/site-packages (from huggingface_hub[cli]) (0.3.4)
Requirement already satisfied, skipping upgrade: prompt-toolkit<4.0.0,>=3.0.1 in /opt/hpcaas/.mounts/fs-0565f60d669b6a2d3/home/beidic/.local/lib/python3.8/site-packages (from InquirerPy==0.3.4; extra == "cli"->huggingface_hub[cli]) (3.0.43)
Requirement already satisfied, skipping upgrade: pfzy<0.4.0,>=0.3.1 in /opt/hpcaas/.mounts/fs-0565f60d669b6a2d3/home/beidic/.local/lib/python3.8/site-packages (from InquirerPy==0.3.4; extra == "cli"->huggingface_hub[cli]) (0.3.4)
Requirement already satisfied, skipping upgrade: wcwidth in /opt/hpcaas/.mounts/fs-0565f60d669b6a2d3/home/beidic/.local/lib/python3.8/site-packages (from prompt-toolkit<4.0.0,>=3.0.1->InquirerPy==0.3.4; extra == "cli"->huggingface_hub[cli]) (0.2.13)
Installing collected packages: huggingface-hub
  Attempting uninstall: huggingface-hub
    Found existing installation: huggingface-hub 0.20.3
    Uninstalling huggingface-hub-0.20.3:
      Successfully uninstalled huggingface-hub-0.20.3
Successfully installed huggingface-hub-0.23.2
Requirement already satisfied: matplotlib in /opt/hpcaas/.mounts/fs-0565f60d669b6a2d3/home/beidic/.local/lib/python3.8/site-packages (3.7.5)
Requirement already satisfied: pyparsing>=2.3.1 in /opt/hpcaas/.mounts/fs-0565f60d669b6a2d3/home/beidic/.local/lib/python3.8/site-packages (from matplotlib) (3.1.1)
Requirement already satisfied: pillow>=6.2.0 in /usr/lib/python3/dist-packages (from matplotlib) (7.0.0)
Requirement already satisfied: contourpy>=1.0.1 in /opt/hpcaas/.mounts/fs-0565f60d669b6a2d3/home/beidic/.local/lib/python3.8/site-packages (from matplotlib) (1.1.1)
Requirement already satisfied: cycler>=0.10 in /opt/hpcaas/.mounts/fs-0565f60d669b6a2d3/home/beidic/.local/lib/python3.8/site-packages (from matplotlib) (0.12.1)
Requirement already satisfied: numpy<2,>=1.20 in /opt/hpcaas/.mounts/fs-0565f60d669b6a2d3/home/beidic/.local/lib/python3.8/site-packages (from matplotlib) (1.24.4)
Requirement already satisfied: kiwisolver>=1.0.1 in /opt/hpcaas/.mounts/fs-0565f60d669b6a2d3/home/beidic/.local/lib/python3.8/site-packages (from matplotlib) (1.4.5)
Requirement already satisfied: packaging>=20.0 in /opt/hpcaas/.mounts/fs-0565f60d669b6a2d3/home/beidic/.local/lib/python3.8/site-packages (from matplotlib) (23.2)
Requirement already satisfied: importlib-resources>=3.2.0; python_version < "3.10" in /opt/hpcaas/.mounts/fs-0565f60d669b6a2d3/home/beidic/.local/lib/python3.8/site-packages (from matplotlib) (6.1.2)
Requirement already satisfied: python-dateutil>=2.7 in /opt/hpcaas/.mounts/fs-0565f60d669b6a2d3/home/beidic/.local/lib/python3.8/site-packages (from matplotlib) (2.8.2)
Requirement already satisfied: fonttools>=4.22.0 in /opt/hpcaas/.mounts/fs-0565f60d669b6a2d3/home/beidic/.local/lib/python3.8/site-packages (from matplotlib) (4.49.0)
Requirement already satisfied: zipp>=3.1.0; python_version < "3.10" in /opt/hpcaas/.mounts/fs-0565f60d669b6a2d3/home/beidic/.local/lib/python3.8/site-packages (from importlib-resources>=3.2.0; python_version < "3.10"->matplotlib) (3.17.0)
Requirement already satisfied: six>=1.5 in /usr/lib/python3/dist-packages (from python-dateutil>=2.7->matplotlib) (1.14.0)
Collecting langdetect
  Downloading langdetect-1.0.9.tar.gz (981 kB)
Requirement already satisfied: six in /usr/lib/python3/dist-packages (from langdetect) (1.14.0)
Building wheels for collected packages: langdetect
  Building wheel for langdetect (setup.py): started
  Building wheel for langdetect (setup.py): finished with status 'done'
  Created wheel for langdetect: filename=langdetect-1.0.9-py3-none-any.whl size=993222 sha256=9f1155ebedad30fab4a416e73b2e4b98e9b82d903f5100bcb35640aeedca7d1e
  Stored in directory: /opt/hpcaas/.mounts/fs-03efe25c053395d1f/beidic/.cache/pip/wheels/13/c7/b0/79f66658626032e78fc1a83103690ef6797d551cb22e56e734
Successfully built langdetect
Installing collected packages: langdetect
Successfully installed langdetect-1.0.9
Collecting immutabledict
  Downloading immutabledict-4.2.0-py3-none-any.whl (4.7 kB)
Installing collected packages: immutabledict
Successfully installed immutabledict-4.2.0
Requirement already satisfied: sentencepiece in /opt/hpcaas/.mounts/fs-0565f60d669b6a2d3/home/beidic/.local/lib/python3.8/site-packages (0.2.0)
/usr/bin/python
/usr/bin/python
