Already on 'yangexppp'
wandb: Currently logged in as: stevenzhou0816100. Use `wandb login --relogin` to force relogin
/fsx-storygen/beidic/anaconda3/envs/griffinn/lib/python3.9/site-packages/huggingface_hub/file_download.py:1132: FutureWarning: `resume_download` is deprecated and will be removed in version 1.0.0. Downloads always resume when possible. If you want to force a new download, use `force_download=True`.
  warnings.warn(
Special tokens have been added in the vocabulary, make sure the associated word embeddings are fine-tuned or trained.
Special tokens have been added in the vocabulary, make sure the associated word embeddings are fine-tuned or trained.
Loading checkpoint shards:   0%|          | 0/4 [00:00<?, ?it/s]Loading checkpoint shards:  25%|██▌       | 1/4 [00:05<00:17,  5.91s/it]Loading checkpoint shards:  50%|█████     | 2/4 [00:11<00:11,  5.90s/it]Loading checkpoint shards:  75%|███████▌  | 3/4 [00:17<00:05,  5.94s/it]Loading checkpoint shards: 100%|██████████| 4/4 [00:19<00:00,  4.20s/it]Loading checkpoint shards: 100%|██████████| 4/4 [00:19<00:00,  4.83s/it]
  0%|          | 0/300 [00:00<?, ?it/s]/fsx-storygen/beidic/anaconda3/envs/griffinn/lib/python3.9/site-packages/transformers/generation/configuration_utils.py:410: UserWarning: `do_sample` is set to `False`. However, `temperature` is set to `0.6` -- this flag is only used in sample-based generation modes. You should set `do_sample=True` or unset `temperature`.
  warnings.warn(
/fsx-storygen/beidic/anaconda3/envs/griffinn/lib/python3.9/site-packages/transformers/generation/configuration_utils.py:427: UserWarning: `do_sample` is set to `False`. However, `top_k` is set to `1` -- this flag is only used in sample-based generation modes. You should set `do_sample=True` or unset `top_k`.
  warnings.warn(
The attention mask and the pad token id were not set. As a consequence, you may observe unexpected behavior. Please pass your input's `attention_mask` to obtain reliable results.
Setting `pad_token_id` to `eos_token_id`:128001 for open-end generation.
  0%|          | 1/300 [00:19<1:35:11, 19.10s/it]The attention mask and the pad token id were not set. As a consequence, you may observe unexpected behavior. Please pass your input's `attention_mask` to obtain reliable results.
Setting `pad_token_id` to `eos_token_id`:128001 for open-end generation.
  1%|          | 2/300 [00:38<1:35:28, 19.22s/it]The attention mask and the pad token id were not set. As a consequence, you may observe unexpected behavior. Please pass your input's `attention_mask` to obtain reliable results.
Setting `pad_token_id` to `eos_token_id`:128001 for open-end generation.
  1%|          | 3/300 [01:00<1:40:34, 20.32s/it]The attention mask and the pad token id were not set. As a consequence, you may observe unexpected behavior. Please pass your input's `attention_mask` to obtain reliable results.
Setting `pad_token_id` to `eos_token_id`:128001 for open-end generation.
  1%|▏         | 4/300 [01:15<1:30:23, 18.32s/it]The attention mask and the pad token id were not set. As a consequence, you may observe unexpected behavior. Please pass your input's `attention_mask` to obtain reliable results.
Setting `pad_token_id` to `eos_token_id`:128001 for open-end generation.
  2%|▏         | 5/300 [01:29<1:23:22, 16.96s/it]The attention mask and the pad token id were not set. As a consequence, you may observe unexpected behavior. Please pass your input's `attention_mask` to obtain reliable results.
Setting `pad_token_id` to `eos_token_id`:128001 for open-end generation.
  2%|▏         | 6/300 [01:44<1:19:05, 16.14s/it]The attention mask and the pad token id were not set. As a consequence, you may observe unexpected behavior. Please pass your input's `attention_mask` to obtain reliable results.
Setting `pad_token_id` to `eos_token_id`:128001 for open-end generation.
  2%|▏         | 7/300 [01:59<1:17:25, 15.86s/it]The attention mask and the pad token id were not set. As a consequence, you may observe unexpected behavior. Please pass your input's `attention_mask` to obtain reliable results.
Setting `pad_token_id` to `eos_token_id`:128001 for open-end generation.
  3%|▎         | 8/300 [03:41<3:29:58, 43.15s/it]The attention mask and the pad token id were not set. As a consequence, you may observe unexpected behavior. Please pass your input's `attention_mask` to obtain reliable results.
Setting `pad_token_id` to `eos_token_id`:128001 for open-end generation.
  3%|▎         | 9/300 [05:26<5:03:11, 62.52s/it]The attention mask and the pad token id were not set. As a consequence, you may observe unexpected behavior. Please pass your input's `attention_mask` to obtain reliable results.
Setting `pad_token_id` to `eos_token_id`:128001 for open-end generation.
  3%|▎         | 10/300 [07:03<5:53:06, 73.06s/it]The attention mask and the pad token id were not set. As a consequence, you may observe unexpected behavior. Please pass your input's `attention_mask` to obtain reliable results.
Setting `pad_token_id` to `eos_token_id`:128001 for open-end generation.
